2023/09/12 10:28:54 Namespace(IoU_Space=3, category_name='Pedestrian', data_dir='/2TB/kitti/training', model='/*****/Pedestrian/netR_3.pth', model_dir='kitti_model/Pedestrian', model_fusion='pointcloud', ngpu=1, reference_BB='current_gt', shape_aggregation='firstandprevious', which_dataset='KITTI')
2023/09/12 10:28:54 ======================================================model:/*****/Pedestrian/netR_3.pth
2023/09/12 10:29:06 track_id:1 Succ/Prec:81.0/94.7 tracklet_frames:71
2023/09/12 10:29:08 track_id:4 Succ/Prec:78.4/95.6 tracklet_frames:125
2023/09/12 10:29:11 track_id:14 Succ/Prec:76.8/94.6 tracklet_frames:151
2023/09/12 10:29:11 track_id:7 Succ/Prec:92.6/97.4 tracklet_frames:52
2023/09/12 10:29:12 track_id:10 Succ/Prec:86.3/96.4 tracklet_frames:84
2023/09/12 10:29:13 track_id:5 Succ/Prec:86.2/96.2 tracklet_frames:28
2023/09/12 10:29:14 track_id:12 Succ/Prec:87.4/96.6 tracklet_frames:51
2023/09/12 10:29:14 track_id:6 Succ/Prec:87.1/96.9 tracklet_frames:31
2023/09/12 10:29:15 track_id:8 Succ/Prec:81.3/94.4 tracklet_frames:45
2023/09/12 10:29:16 track_id:15 Succ/Prec:93.1/97.5 tracklet_frames:62
2023/09/12 10:29:17 track_id:13 Succ/Prec:80.6/93.9 tracklet_frames:61
2023/09/12 10:29:18 track_id:9 Succ/Prec:83.8/95.6 tracklet_frames:27
2023/09/12 10:29:19 track_id:16 Succ/Prec:94.7/97.5 tracklet_frames:53
2023/09/12 10:29:20 track_id:17 Succ/Prec:92.2/96.6 tracklet_frames:46
2023/09/12 10:29:21 track_id:43 Succ/Prec:83.9/95.4 tracklet_frames:94
2023/09/12 10:29:24 track_id:27 Succ/Prec:88.8/96.6 tracklet_frames:215
2023/09/12 10:29:26 track_id:34 Succ/Prec:78.9/94.6 tracklet_frames:211
2023/09/12 10:29:27 track_id:25 Succ/Prec:80.8/96.1 tracklet_frames:60
2023/09/12 10:29:29 track_id:26 Succ/Prec:85.3/96.3 tracklet_frames:57
2023/09/12 10:29:29 track_id:19 Succ/Prec:94.1/97.2 tracklet_frames:41
2023/09/12 10:29:31 track_id:33 Succ/Prec:82.2/95.1 tracklet_frames:156
2023/09/12 10:29:32 track_id:20 Succ/Prec:92.9/97.3 tracklet_frames:14
2023/09/12 10:29:37 track_id:37 Succ/Prec:77.4/93.6 tracklet_frames:203
2023/09/12 10:29:38 track_id:44 Succ/Prec:82.1/95.5 tracklet_frames:46
2023/09/12 10:29:40 track_id:40 Succ/Prec:86.8/96.0 tracklet_frames:150
2023/09/12 10:29:41 track_id:28 Succ/Prec:91.9/97.1 tracklet_frames:68
2023/09/12 10:29:43 track_id:29 Succ/Prec:88.0/96.0 tracklet_frames:63
2023/09/12 10:29:44 track_id:31 Succ/Prec:87.9/96.5 tracklet_frames:49
2023/09/12 10:29:45 track_id:32 Succ/Prec:82.8/95.6 tracklet_frames:39
2023/09/12 10:29:47 track_id:36 Succ/Prec:86.5/96.1 tracklet_frames:129
2023/09/12 10:29:49 track_id:35 Succ/Prec:88.2/96.2 tracklet_frames:122
2023/09/12 10:29:50 track_id:39 Succ/Prec:88.0/96.4 tracklet_frames:106
2023/09/12 10:29:52 track_id:41 Succ/Prec:79.1/94.8 tracklet_frames:100
2023/09/12 10:29:53 track_id:38 Succ/Prec:91.6/97.0 tracklet_frames:61
2023/09/12 10:29:55 track_id:46 Succ/Prec:76.1/94.4 tracklet_frames:66
2023/09/12 10:29:59 track_id:48 Succ/Prec:76.5/93.6 tracklet_frames:401
2023/09/12 10:30:04 track_id:47 Succ/Prec:85.6/95.9 tracklet_frames:391
2023/09/12 10:30:07 track_id:49 Succ/Prec:90.0/96.5 tracklet_frames:203
2023/09/12 10:30:08 track_id:67 Succ/Prec:73.1/93.6 tracklet_frames:94
2023/09/12 10:30:10 track_id:53 Succ/Prec:89.4/96.5 tracklet_frames:181
2023/09/12 10:30:13 track_id:57 Succ/Prec:86.6/96.7 tracklet_frames:225
2023/09/12 10:30:15 track_id:56 Succ/Prec:81.0/94.0 tracklet_frames:210
2023/09/12 10:30:17 track_id:54 Succ/Prec:86.7/96.4 tracklet_frames:101
2023/09/12 10:30:19 track_id:55 Succ/Prec:85.4/95.8 tracklet_frames:146
2023/09/12 10:30:20 track_id:58 Succ/Prec:74.0/92.7 tracklet_frames:104
2023/09/12 10:30:22 track_id:60 Succ/Prec:91.8/96.6 tracklet_frames:91
2023/09/12 10:30:24 track_id:61 Succ/Prec:87.6/96.0 tracklet_frames:156
2023/09/12 10:30:25 track_id:62 Succ/Prec:94.9/97.4 tracklet_frames:95
2023/09/12 10:30:27 track_id:68 Succ/Prec:88.5/96.1 tracklet_frames:116
2023/09/12 10:30:28 track_id:69 Succ/Prec:94.8/97.3 tracklet_frames:61
2023/09/12 10:30:29 track_id:71 Succ/Prec:90.7/96.7 tracklet_frames:82
2023/09/12 10:30:29 track_id:70 Succ/Prec:72.6/93.8 tracklet_frames:26
2023/09/12 10:30:30 track_id:66 Succ/Prec:79.8/95.2 tracklet_frames:31
2023/09/12 10:30:31 track_id:75 Succ/Prec:89.3/97.1 tracklet_frames:45
2023/09/12 10:30:31 track_id:74 Succ/Prec:82.2/95.4 tracklet_frames:20
2023/09/12 10:30:32 track_id:98 Succ/Prec:56.0/92.0 tracklet_frames:25
2023/09/12 10:30:32 track_id:99 Succ/Prec:84.9/97.1 tracklet_frames:21
2023/09/12 10:30:33 track_id:77 Succ/Prec:79.1/94.3 tracklet_frames:51
2023/09/12 10:30:34 track_id:86 Succ/Prec:82.1/95.3 tracklet_frames:88
2023/09/12 10:30:35 track_id:85 Succ/Prec:80.1/95.2 tracklet_frames:64
2023/09/12 10:30:36 track_id:84 Succ/Prec:90.7/97.0 tracklet_frames:61
2023/09/12 10:30:37 track_id:83 Succ/Prec:91.0/97.4 tracklet_frames:62
2023/09/12 10:30:38 interval:1 frame:1654 Succ/Prec:82.22793228536881/95.11789600967352
2023/09/12 10:30:38 interval:2 frame:3112 Succ/Prec:84.38544344473009/95.63303341902314
2023/09/12 10:30:38 interval:3 frame:1071 Succ/Prec:86.87908496732027/96.06209150326796
2023/09/12 10:30:38 interval:4 frame:251 Succ/Prec:87.97808764940241/96.30478087649402
2023/09/12 10:30:38 total_tracklet_nums:62 actual_tracklet_nums:62 total_track_anno_nums:6088 actual_track_anno_nums:6088
2023/09/12 10:30:38 key_frame mean Succ/Prec 0/0 key_frame_num 0
2023/09/12 10:30:38 mean Succ/Prec 84.38608738501972/95.59625492772668
