2023/09/12 10:23:17 Namespace(IoU_Space=3, category_name='Pedestrian', data_dir='/2TB/kitti/training', model='/*****/Pedestrian/netR_0.pth', model_dir='kitti_model/Pedestrian', model_fusion='pointcloud', ngpu=1, reference_BB='current_gt', shape_aggregation='firstandprevious', which_dataset='KITTI')
2023/09/12 10:23:17 ======================================================model:/*****/Pedestrian/netR_0.pth
2023/09/12 10:23:32 track_id:1 Succ/Prec:77.1/95.2 tracklet_frames:71
2023/09/12 10:23:34 track_id:4 Succ/Prec:73.8/95.4 tracklet_frames:125
2023/09/12 10:23:37 track_id:14 Succ/Prec:79.9/96.0 tracklet_frames:151
2023/09/12 10:23:39 track_id:7 Succ/Prec:85.6/97.5 tracklet_frames:52
2023/09/12 10:23:40 track_id:10 Succ/Prec:77.4/96.6 tracklet_frames:84
2023/09/12 10:23:40 track_id:5 Succ/Prec:83.4/97.6 tracklet_frames:28
2023/09/12 10:23:41 track_id:12 Succ/Prec:71.6/93.3 tracklet_frames:51
2023/09/12 10:23:42 track_id:6 Succ/Prec:71.1/96.1 tracklet_frames:31
2023/09/12 10:23:42 track_id:8 Succ/Prec:85.8/96.1 tracklet_frames:45
2023/09/12 10:23:44 track_id:15 Succ/Prec:85.6/97.5 tracklet_frames:62
2023/09/12 10:23:45 track_id:13 Succ/Prec:76.4/93.5 tracklet_frames:61
2023/09/12 10:23:45 track_id:9 Succ/Prec:80.1/97.4 tracklet_frames:27
2023/09/12 10:23:46 track_id:16 Succ/Prec:84.2/97.5 tracklet_frames:53
2023/09/12 10:23:47 track_id:17 Succ/Prec:84.5/97.4 tracklet_frames:46
2023/09/12 10:23:48 track_id:43 Succ/Prec:76.5/95.6 tracklet_frames:94
2023/09/12 10:23:51 track_id:27 Succ/Prec:83.6/96.5 tracklet_frames:215
2023/09/12 10:23:54 track_id:34 Succ/Prec:67.0/89.8 tracklet_frames:211
2023/09/12 10:23:55 track_id:25 Succ/Prec:79.0/95.9 tracklet_frames:60
2023/09/12 10:23:56 track_id:26 Succ/Prec:73.4/95.1 tracklet_frames:57
2023/09/12 10:23:57 track_id:19 Succ/Prec:82.7/96.2 tracklet_frames:41
2023/09/12 10:23:59 track_id:33 Succ/Prec:83.3/96.2 tracklet_frames:156
2023/09/12 10:23:59 track_id:20 Succ/Prec:67.1/96.2 tracklet_frames:14
2023/09/12 10:24:05 track_id:37 Succ/Prec:75.1/94.7 tracklet_frames:203
2023/09/12 10:24:08 track_id:44 Succ/Prec:83.5/97.2 tracklet_frames:46
2023/09/12 10:24:12 track_id:40 Succ/Prec:78.3/95.6 tracklet_frames:150
2023/09/12 10:24:14 track_id:28 Succ/Prec:87.0/97.0 tracklet_frames:68
2023/09/12 10:24:15 track_id:29 Succ/Prec:81.9/96.1 tracklet_frames:63
2023/09/12 10:24:17 track_id:31 Succ/Prec:51.1/82.7 tracklet_frames:49
2023/09/12 10:24:18 track_id:32 Succ/Prec:76.7/96.0 tracklet_frames:39
2023/09/12 10:24:20 track_id:36 Succ/Prec:84.0/96.4 tracklet_frames:129
2023/09/12 10:24:21 track_id:35 Succ/Prec:80.5/96.2 tracklet_frames:122
2023/09/12 10:24:23 track_id:39 Succ/Prec:80.4/95.8 tracklet_frames:106
2023/09/12 10:24:25 track_id:41 Succ/Prec:55.1/86.6 tracklet_frames:100
2023/09/12 10:24:26 track_id:38 Succ/Prec:82.3/96.4 tracklet_frames:61
2023/09/12 10:24:27 track_id:46 Succ/Prec:72.7/94.2 tracklet_frames:66
2023/09/12 10:24:32 track_id:48 Succ/Prec:71.0/92.8 tracklet_frames:401
2023/09/12 10:24:36 track_id:47 Succ/Prec:83.7/96.2 tracklet_frames:391
2023/09/12 10:24:39 track_id:49 Succ/Prec:86.4/96.9 tracklet_frames:203
2023/09/12 10:24:40 track_id:67 Succ/Prec:73.0/95.2 tracklet_frames:94
2023/09/12 10:24:43 track_id:53 Succ/Prec:83.6/96.2 tracklet_frames:181
2023/09/12 10:24:45 track_id:57 Succ/Prec:76.0/96.0 tracklet_frames:225
2023/09/12 10:24:48 track_id:56 Succ/Prec:85.4/96.5 tracklet_frames:210
2023/09/12 10:24:50 track_id:54 Succ/Prec:78.4/95.1 tracklet_frames:101
2023/09/12 10:24:52 track_id:55 Succ/Prec:79.2/95.1 tracklet_frames:146
2023/09/12 10:24:54 track_id:58 Succ/Prec:65.8/89.4 tracklet_frames:104
2023/09/12 10:24:56 track_id:60 Succ/Prec:83.3/97.1 tracklet_frames:91
2023/09/12 10:24:58 track_id:61 Succ/Prec:80.2/94.7 tracklet_frames:156
2023/09/12 10:25:00 track_id:62 Succ/Prec:87.1/97.4 tracklet_frames:95
2023/09/12 10:25:02 track_id:68 Succ/Prec:81.0/94.9 tracklet_frames:116
2023/09/12 10:25:03 track_id:69 Succ/Prec:83.0/95.7 tracklet_frames:61
2023/09/12 10:25:04 track_id:71 Succ/Prec:88.4/97.2 tracklet_frames:82
2023/09/12 10:25:05 track_id:70 Succ/Prec:76.6/91.5 tracklet_frames:26
2023/09/12 10:25:05 track_id:66 Succ/Prec:82.0/96.0 tracklet_frames:31
2023/09/12 10:25:06 track_id:75 Succ/Prec:85.7/97.3 tracklet_frames:45
2023/09/12 10:25:07 track_id:74 Succ/Prec:79.3/94.9 tracklet_frames:20
2023/09/12 10:25:07 track_id:98 Succ/Prec:45.0/89.2 tracklet_frames:25
2023/09/12 10:25:08 track_id:99 Succ/Prec:60.6/90.7 tracklet_frames:21
2023/09/12 10:25:08 track_id:77 Succ/Prec:84.4/96.3 tracklet_frames:51
2023/09/12 10:25:10 track_id:86 Succ/Prec:84.2/96.4 tracklet_frames:88
2023/09/12 10:25:11 track_id:85 Succ/Prec:84.3/96.8 tracklet_frames:64
2023/09/12 10:25:12 track_id:84 Succ/Prec:86.0/96.2 tracklet_frames:61
2023/09/12 10:25:13 track_id:83 Succ/Prec:83.8/97.1 tracklet_frames:62
2023/09/12 10:25:13 interval:1 frame:1654 Succ/Prec:77.16142684401453/94.47853688029019
2023/09/12 10:25:13 interval:2 frame:3112 Succ/Prec:79.13640745501284/95.3293701799486
2023/09/12 10:25:13 interval:3 frame:1071 Succ/Prec:80.31979458450046/95.70261437908496
2023/09/12 10:25:13 interval:4 frame:251 Succ/Prec:79.21314741035857/95.18924302788845
2023/09/12 10:25:13 total_tracklet_nums:62 actual_tracklet_nums:62 total_track_anno_nums:6088 actual_track_anno_nums:6088
2023/09/12 10:25:13 key_frame mean Succ/Prec 0/0 key_frame_num 0
2023/09/12 10:25:13 mean Succ/Prec 78.81118593955323/95.15809789750327
