2023/09/12 11:02:02 Namespace(IoU_Space=3, category_name='Pedestrian', data_dir='/2TB/kitti/training', model='/*****/Pedestrian/netR_22.pth', model_dir='kitti_model/Pedestrian', model_fusion='pointcloud', ngpu=1, reference_BB='current_gt', shape_aggregation='firstandprevious', which_dataset='KITTI')
2023/09/12 11:02:02 ======================================================model:/*****/Pedestrian/netR_22.pth
2023/09/12 11:02:15 track_id:1 Succ/Prec:86.9/95.9 tracklet_frames:71
2023/09/12 11:02:17 track_id:4 Succ/Prec:84.5/96.1 tracklet_frames:125
2023/09/12 11:02:19 track_id:14 Succ/Prec:92.9/97.1 tracklet_frames:151
2023/09/12 11:02:20 track_id:7 Succ/Prec:97.4/97.5 tracklet_frames:52
2023/09/12 11:02:21 track_id:10 Succ/Prec:91.1/96.4 tracklet_frames:84
2023/09/12 11:02:22 track_id:5 Succ/Prec:96.8/97.6 tracklet_frames:28
2023/09/12 11:02:22 track_id:12 Succ/Prec:88.9/96.3 tracklet_frames:51
2023/09/12 11:02:23 track_id:6 Succ/Prec:94.5/97.4 tracklet_frames:31
2023/09/12 11:02:24 track_id:8 Succ/Prec:81.4/94.3 tracklet_frames:45
2023/09/12 11:02:25 track_id:15 Succ/Prec:96.2/97.4 tracklet_frames:62
2023/09/12 11:02:26 track_id:13 Succ/Prec:86.6/95.0 tracklet_frames:61
2023/09/12 11:02:26 track_id:9 Succ/Prec:94.2/97.4 tracklet_frames:27
2023/09/12 11:02:27 track_id:16 Succ/Prec:97.0/97.5 tracklet_frames:53
2023/09/12 11:02:28 track_id:17 Succ/Prec:96.4/97.3 tracklet_frames:46
2023/09/12 11:02:29 track_id:43 Succ/Prec:90.5/95.8 tracklet_frames:94
2023/09/12 11:02:32 track_id:27 Succ/Prec:92.2/96.5 tracklet_frames:215
2023/09/12 11:02:35 track_id:34 Succ/Prec:77.4/91.5 tracklet_frames:211
2023/09/12 11:02:36 track_id:25 Succ/Prec:80.8/93.4 tracklet_frames:60
2023/09/12 11:02:36 track_id:26 Succ/Prec:89.3/95.9 tracklet_frames:57
2023/09/12 11:02:37 track_id:19 Succ/Prec:94.7/97.2 tracklet_frames:41
2023/09/12 11:02:39 track_id:33 Succ/Prec:87.3/95.9 tracklet_frames:156
2023/09/12 11:02:40 track_id:20 Succ/Prec:96.1/97.7 tracklet_frames:14
2023/09/12 11:02:44 track_id:37 Succ/Prec:81.2/94.6 tracklet_frames:203
2023/09/12 11:02:45 track_id:44 Succ/Prec:90.3/95.5 tracklet_frames:46
2023/09/12 11:02:47 track_id:40 Succ/Prec:90.1/96.2 tracklet_frames:150
2023/09/12 11:02:49 track_id:28 Succ/Prec:91.1/96.6 tracklet_frames:68
2023/09/12 11:02:50 track_id:29 Succ/Prec:92.1/96.6 tracklet_frames:63
2023/09/12 11:02:51 track_id:31 Succ/Prec:78.4/92.7 tracklet_frames:49
2023/09/12 11:02:52 track_id:32 Succ/Prec:84.2/95.8 tracklet_frames:39
2023/09/12 11:02:54 track_id:36 Succ/Prec:81.0/93.6 tracklet_frames:129
2023/09/12 11:02:56 track_id:35 Succ/Prec:92.4/97.2 tracklet_frames:122
2023/09/12 11:02:57 track_id:39 Succ/Prec:82.9/94.1 tracklet_frames:106
2023/09/12 11:02:59 track_id:41 Succ/Prec:37.7/79.7 tracklet_frames:100
2023/09/12 11:03:00 track_id:38 Succ/Prec:92.3/95.7 tracklet_frames:61
2023/09/12 11:03:01 track_id:46 Succ/Prec:78.4/94.0 tracklet_frames:66
2023/09/12 11:03:05 track_id:48 Succ/Prec:75.5/91.7 tracklet_frames:401
2023/09/12 11:03:10 track_id:47 Succ/Prec:73.3/89.9 tracklet_frames:391
2023/09/12 11:03:12 track_id:49 Succ/Prec:95.6/97.3 tracklet_frames:203
2023/09/12 11:03:13 track_id:67 Succ/Prec:88.5/96.2 tracklet_frames:94
2023/09/12 11:03:16 track_id:53 Succ/Prec:92.7/96.8 tracklet_frames:181
2023/09/12 11:03:18 track_id:57 Succ/Prec:93.0/97.0 tracklet_frames:225
2023/09/12 11:03:21 track_id:56 Succ/Prec:75.3/92.8 tracklet_frames:210
2023/09/12 11:03:22 track_id:54 Succ/Prec:94.9/97.3 tracklet_frames:101
2023/09/12 11:03:24 track_id:55 Succ/Prec:82.9/94.0 tracklet_frames:146
2023/09/12 11:03:25 track_id:58 Succ/Prec:39.9/78.8 tracklet_frames:104
2023/09/12 11:03:27 track_id:60 Succ/Prec:95.4/97.3 tracklet_frames:91
2023/09/12 11:03:29 track_id:61 Succ/Prec:88.6/95.8 tracklet_frames:156
2023/09/12 11:03:30 track_id:62 Succ/Prec:92.5/97.3 tracklet_frames:95
2023/09/12 11:03:32 track_id:68 Succ/Prec:87.0/95.3 tracklet_frames:116
2023/09/12 11:03:33 track_id:69 Succ/Prec:94.0/97.0 tracklet_frames:61
2023/09/12 11:03:34 track_id:71 Succ/Prec:94.2/97.0 tracklet_frames:82
2023/09/12 11:03:34 track_id:70 Succ/Prec:80.7/94.5 tracklet_frames:26
2023/09/12 11:03:35 track_id:66 Succ/Prec:94.8/97.4 tracklet_frames:31
2023/09/12 11:03:36 track_id:75 Succ/Prec:88.5/96.4 tracklet_frames:45
2023/09/12 11:03:36 track_id:74 Succ/Prec:93.2/97.1 tracklet_frames:20
2023/09/12 11:03:37 track_id:98 Succ/Prec:82.4/96.2 tracklet_frames:25
2023/09/12 11:03:37 track_id:99 Succ/Prec:83.5/97.1 tracklet_frames:21
2023/09/12 11:03:38 track_id:77 Succ/Prec:74.3/92.4 tracklet_frames:51
2023/09/12 11:03:39 track_id:86 Succ/Prec:89.9/96.5 tracklet_frames:88
2023/09/12 11:03:40 track_id:85 Succ/Prec:80.7/95.4 tracklet_frames:64
2023/09/12 11:03:41 track_id:84 Succ/Prec:85.7/95.7 tracklet_frames:61
2023/09/12 11:03:42 track_id:83 Succ/Prec:94.9/97.5 tracklet_frames:62
2023/09/12 11:03:42 interval:1 frame:1654 Succ/Prec:84.28960096735189/94.17170495767836
2023/09/12 11:03:42 interval:2 frame:3112 Succ/Prec:84.3629498714653/94.48586118251929
2023/09/12 11:03:43 interval:3 frame:1071 Succ/Prec:85.46451914098974/94.97899159663865
2023/09/12 11:03:43 interval:4 frame:251 Succ/Prec:89.67131474103586/96.26494023904382
2023/09/12 11:03:43 total_tracklet_nums:62 actual_tracklet_nums:62 total_track_anno_nums:6088 actual_track_anno_nums:6088
2023/09/12 11:03:43 key_frame mean Succ/Prec 0/0 key_frame_num 0
2023/09/12 11:03:43 mean Succ/Prec 84.75566688567675/94.56061103810775
