2023/09/12 10:39:37 Namespace(IoU_Space=3, category_name='Pedestrian', data_dir='/2TB/kitti/training', model='/*****/Pedestrian/netR_9.pth', model_dir='kitti_model/Pedestrian', model_fusion='pointcloud', ngpu=1, reference_BB='current_gt', shape_aggregation='firstandprevious', which_dataset='KITTI')
2023/09/12 10:39:37 ======================================================model:/*****/Pedestrian/netR_9.pth
2023/09/12 10:39:50 track_id:1 Succ/Prec:85.7/95.6 tracklet_frames:71
2023/09/12 10:39:52 track_id:4 Succ/Prec:83.0/95.8 tracklet_frames:125
2023/09/12 10:39:54 track_id:14 Succ/Prec:90.7/96.4 tracklet_frames:151
2023/09/12 10:39:55 track_id:7 Succ/Prec:96.0/97.5 tracklet_frames:52
2023/09/12 10:39:56 track_id:10 Succ/Prec:90.3/96.3 tracklet_frames:84
2023/09/12 10:39:56 track_id:5 Succ/Prec:95.5/97.4 tracklet_frames:28
2023/09/12 10:39:57 track_id:12 Succ/Prec:86.1/96.0 tracklet_frames:51
2023/09/12 10:39:57 track_id:6 Succ/Prec:94.8/97.6 tracklet_frames:31
2023/09/12 10:39:58 track_id:8 Succ/Prec:78.0/93.7 tracklet_frames:45
2023/09/12 10:39:59 track_id:15 Succ/Prec:96.9/97.5 tracklet_frames:62
2023/09/12 10:40:00 track_id:13 Succ/Prec:85.7/95.0 tracklet_frames:61
2023/09/12 10:40:01 track_id:9 Succ/Prec:94.0/97.0 tracklet_frames:27
2023/09/12 10:40:02 track_id:16 Succ/Prec:96.0/97.4 tracklet_frames:53
2023/09/12 10:40:02 track_id:17 Succ/Prec:96.1/97.3 tracklet_frames:46
2023/09/12 10:40:03 track_id:43 Succ/Prec:89.9/95.8 tracklet_frames:94
2023/09/12 10:40:06 track_id:27 Succ/Prec:92.3/97.0 tracklet_frames:215
2023/09/12 10:40:09 track_id:34 Succ/Prec:77.4/91.8 tracklet_frames:211
2023/09/12 10:40:10 track_id:25 Succ/Prec:83.9/95.3 tracklet_frames:60
2023/09/12 10:40:11 track_id:26 Succ/Prec:85.0/95.4 tracklet_frames:57
2023/09/12 10:40:12 track_id:19 Succ/Prec:92.9/96.8 tracklet_frames:41
2023/09/12 10:40:14 track_id:33 Succ/Prec:86.2/95.2 tracklet_frames:156
2023/09/12 10:40:14 track_id:20 Succ/Prec:95.7/97.7 tracklet_frames:14
2023/09/12 10:40:19 track_id:37 Succ/Prec:81.4/94.4 tracklet_frames:203
2023/09/12 10:40:20 track_id:44 Succ/Prec:90.8/95.3 tracklet_frames:46
2023/09/12 10:40:22 track_id:40 Succ/Prec:89.9/96.3 tracklet_frames:150
2023/09/12 10:40:23 track_id:28 Succ/Prec:88.0/96.1 tracklet_frames:68
2023/09/12 10:40:24 track_id:29 Succ/Prec:90.3/96.0 tracklet_frames:63
2023/09/12 10:40:25 track_id:31 Succ/Prec:72.7/90.9 tracklet_frames:49
2023/09/12 10:40:26 track_id:32 Succ/Prec:83.3/95.4 tracklet_frames:39
2023/09/12 10:40:28 track_id:36 Succ/Prec:83.5/94.5 tracklet_frames:129
2023/09/12 10:40:30 track_id:35 Succ/Prec:89.1/95.3 tracklet_frames:122
2023/09/12 10:40:32 track_id:39 Succ/Prec:86.1/94.5 tracklet_frames:106
2023/09/12 10:40:33 track_id:41 Succ/Prec:42.6/81.8 tracklet_frames:100
2023/09/12 10:40:34 track_id:38 Succ/Prec:93.0/96.9 tracklet_frames:61
2023/09/12 10:40:35 track_id:46 Succ/Prec:77.4/93.1 tracklet_frames:66
2023/09/12 10:40:40 track_id:48 Succ/Prec:79.0/92.9 tracklet_frames:401
2023/09/12 10:40:44 track_id:47 Succ/Prec:82.8/93.4 tracklet_frames:391
2023/09/12 10:40:47 track_id:49 Succ/Prec:94.0/97.1 tracklet_frames:203
2023/09/12 10:40:48 track_id:67 Succ/Prec:88.8/96.0 tracklet_frames:94
2023/09/12 10:40:50 track_id:53 Succ/Prec:92.9/96.9 tracklet_frames:181
2023/09/12 10:40:53 track_id:57 Succ/Prec:91.1/96.9 tracklet_frames:225
2023/09/12 10:40:56 track_id:56 Succ/Prec:73.8/92.1 tracklet_frames:210
2023/09/12 10:40:57 track_id:54 Succ/Prec:95.0/97.2 tracklet_frames:101
2023/09/12 10:40:59 track_id:55 Succ/Prec:83.2/94.3 tracklet_frames:146
2023/09/12 10:41:00 track_id:58 Succ/Prec:60.0/87.7 tracklet_frames:104
2023/09/12 10:41:02 track_id:60 Succ/Prec:94.7/96.9 tracklet_frames:91
2023/09/12 10:41:04 track_id:61 Succ/Prec:87.7/95.6 tracklet_frames:156
2023/09/12 10:41:05 track_id:62 Succ/Prec:92.9/97.2 tracklet_frames:95
2023/09/12 10:41:07 track_id:68 Succ/Prec:86.0/95.6 tracklet_frames:116
2023/09/12 10:41:08 track_id:69 Succ/Prec:89.1/95.7 tracklet_frames:61
2023/09/12 10:41:09 track_id:71 Succ/Prec:93.6/96.9 tracklet_frames:82
2023/09/12 10:41:10 track_id:70 Succ/Prec:79.9/94.3 tracklet_frames:26
2023/09/12 10:41:10 track_id:66 Succ/Prec:91.9/97.3 tracklet_frames:31
2023/09/12 10:41:11 track_id:75 Succ/Prec:90.3/96.7 tracklet_frames:45
2023/09/12 10:41:11 track_id:74 Succ/Prec:90.5/96.6 tracklet_frames:20
2023/09/12 10:41:12 track_id:98 Succ/Prec:69.8/95.0 tracklet_frames:25
2023/09/12 10:41:12 track_id:99 Succ/Prec:65.1/90.7 tracklet_frames:21
2023/09/12 10:41:13 track_id:77 Succ/Prec:78.4/93.6 tracklet_frames:51
2023/09/12 10:41:14 track_id:86 Succ/Prec:91.0/96.7 tracklet_frames:88
2023/09/12 10:41:15 track_id:85 Succ/Prec:78.3/94.9 tracklet_frames:64
2023/09/12 10:41:16 track_id:84 Succ/Prec:83.6/95.4 tracklet_frames:61
2023/09/12 10:41:17 track_id:83 Succ/Prec:93.5/97.3 tracklet_frames:62
2023/09/12 10:41:18 interval:1 frame:1654 Succ/Prec:84.87303506650544/94.58585247883917
2023/09/12 10:41:18 interval:2 frame:3112 Succ/Prec:85.44264138817482/94.92609254498714
2023/09/12 10:41:18 interval:3 frame:1071 Succ/Prec:84.84827264239028/95.02567693744165
2023/09/12 10:41:18 interval:4 frame:251 Succ/Prec:88.57569721115539/96.16533864541832
2023/09/12 10:41:18 total_tracklet_nums:62 actual_tracklet_nums:62 total_track_anno_nums:6088 actual_track_anno_nums:6088
2023/09/12 10:41:18 key_frame mean Succ/Prec 0/0 key_frame_num 0
2023/09/12 10:41:18 mean Succ/Prec 85.31250000000001/94.9022667542707
