2023/09/12 10:37:53 Namespace(IoU_Space=3, category_name='Pedestrian', data_dir='/2TB/kitti/training', model='/*****/Pedestrian/netR_8.pth', model_dir='kitti_model/Pedestrian', model_fusion='pointcloud', ngpu=1, reference_BB='current_gt', shape_aggregation='firstandprevious', which_dataset='KITTI')
2023/09/12 10:37:53 ======================================================model:/*****/Pedestrian/netR_8.pth
2023/09/12 10:38:06 track_id:1 Succ/Prec:88.5/96.3 tracklet_frames:71
2023/09/12 10:38:08 track_id:4 Succ/Prec:78.8/95.2 tracklet_frames:125
2023/09/12 10:38:10 track_id:14 Succ/Prec:93.5/97.0 tracklet_frames:151
2023/09/12 10:38:11 track_id:7 Succ/Prec:94.9/97.4 tracklet_frames:52
2023/09/12 10:38:12 track_id:10 Succ/Prec:89.9/96.3 tracklet_frames:84
2023/09/12 10:38:12 track_id:5 Succ/Prec:94.6/97.4 tracklet_frames:28
2023/09/12 10:38:13 track_id:12 Succ/Prec:86.4/96.0 tracklet_frames:51
2023/09/12 10:38:14 track_id:6 Succ/Prec:95.6/97.6 tracklet_frames:31
2023/09/12 10:38:15 track_id:8 Succ/Prec:77.6/93.7 tracklet_frames:45
2023/09/12 10:38:16 track_id:15 Succ/Prec:97.0/97.5 tracklet_frames:62
2023/09/12 10:38:17 track_id:13 Succ/Prec:88.4/95.7 tracklet_frames:61
2023/09/12 10:38:17 track_id:9 Succ/Prec:90.8/96.9 tracklet_frames:27
2023/09/12 10:38:18 track_id:16 Succ/Prec:96.4/97.4 tracklet_frames:53
2023/09/12 10:38:18 track_id:17 Succ/Prec:95.9/97.3 tracklet_frames:46
2023/09/12 10:38:20 track_id:43 Succ/Prec:90.2/95.2 tracklet_frames:94
2023/09/12 10:38:22 track_id:27 Succ/Prec:93.8/97.1 tracklet_frames:215
2023/09/12 10:38:25 track_id:34 Succ/Prec:78.1/91.7 tracklet_frames:211
2023/09/12 10:38:26 track_id:25 Succ/Prec:89.1/96.3 tracklet_frames:60
2023/09/12 10:38:27 track_id:26 Succ/Prec:87.8/96.3 tracklet_frames:57
2023/09/12 10:38:27 track_id:19 Succ/Prec:94.6/97.0 tracklet_frames:41
2023/09/12 10:38:29 track_id:33 Succ/Prec:86.8/95.8 tracklet_frames:156
2023/09/12 10:38:30 track_id:20 Succ/Prec:96.8/97.7 tracklet_frames:14
2023/09/12 10:38:35 track_id:37 Succ/Prec:81.1/94.6 tracklet_frames:203
2023/09/12 10:38:36 track_id:44 Succ/Prec:91.6/96.5 tracklet_frames:46
2023/09/12 10:38:38 track_id:40 Succ/Prec:92.5/96.8 tracklet_frames:150
2023/09/12 10:38:39 track_id:28 Succ/Prec:87.2/96.1 tracklet_frames:68
2023/09/12 10:38:40 track_id:29 Succ/Prec:85.4/94.3 tracklet_frames:63
2023/09/12 10:38:41 track_id:31 Succ/Prec:84.2/94.6 tracklet_frames:49
2023/09/12 10:38:42 track_id:32 Succ/Prec:89.2/96.5 tracklet_frames:39
2023/09/12 10:38:44 track_id:36 Succ/Prec:85.6/95.0 tracklet_frames:129
2023/09/12 10:38:46 track_id:35 Succ/Prec:91.8/96.6 tracklet_frames:122
2023/09/12 10:38:47 track_id:39 Succ/Prec:84.0/93.6 tracklet_frames:106
2023/09/12 10:38:49 track_id:41 Succ/Prec:51.6/85.3 tracklet_frames:100
2023/09/12 10:38:50 track_id:38 Succ/Prec:96.0/97.5 tracklet_frames:61
2023/09/12 10:38:51 track_id:46 Succ/Prec:83.0/95.0 tracklet_frames:66
2023/09/12 10:38:56 track_id:48 Succ/Prec:81.7/93.7 tracklet_frames:401
2023/09/12 10:39:00 track_id:47 Succ/Prec:82.6/93.8 tracklet_frames:391
2023/09/12 10:39:03 track_id:49 Succ/Prec:93.2/96.9 tracklet_frames:203
2023/09/12 10:39:04 track_id:67 Succ/Prec:87.3/95.8 tracklet_frames:94
2023/09/12 10:39:06 track_id:53 Succ/Prec:94.0/97.0 tracklet_frames:181
2023/09/12 10:39:09 track_id:57 Succ/Prec:91.3/96.9 tracklet_frames:225
2023/09/12 10:39:12 track_id:56 Succ/Prec:76.5/93.2 tracklet_frames:210
2023/09/12 10:39:13 track_id:54 Succ/Prec:95.4/97.3 tracklet_frames:101
2023/09/12 10:39:15 track_id:55 Succ/Prec:84.9/95.2 tracklet_frames:146
2023/09/12 10:39:16 track_id:58 Succ/Prec:56.5/87.3 tracklet_frames:104
2023/09/12 10:39:18 track_id:60 Succ/Prec:91.8/96.1 tracklet_frames:91
2023/09/12 10:39:20 track_id:61 Succ/Prec:86.4/95.5 tracklet_frames:156
2023/09/12 10:39:21 track_id:62 Succ/Prec:94.3/97.3 tracklet_frames:95
2023/09/12 10:39:23 track_id:68 Succ/Prec:86.1/95.5 tracklet_frames:116
2023/09/12 10:39:24 track_id:69 Succ/Prec:92.0/96.8 tracklet_frames:61
2023/09/12 10:39:25 track_id:71 Succ/Prec:93.6/97.0 tracklet_frames:82
2023/09/12 10:39:26 track_id:70 Succ/Prec:79.3/94.3 tracklet_frames:26
2023/09/12 10:39:26 track_id:66 Succ/Prec:94.4/97.4 tracklet_frames:31
2023/09/12 10:39:27 track_id:75 Succ/Prec:85.3/95.7 tracklet_frames:45
2023/09/12 10:39:27 track_id:74 Succ/Prec:92.8/97.1 tracklet_frames:20
2023/09/12 10:39:28 track_id:98 Succ/Prec:83.4/96.4 tracklet_frames:25
2023/09/12 10:39:28 track_id:99 Succ/Prec:70.1/94.3 tracklet_frames:21
2023/09/12 10:39:29 track_id:77 Succ/Prec:79.4/93.3 tracklet_frames:51
2023/09/12 10:39:30 track_id:86 Succ/Prec:87.5/96.1 tracklet_frames:88
2023/09/12 10:39:31 track_id:85 Succ/Prec:75.8/94.2 tracklet_frames:64
2023/09/12 10:39:32 track_id:84 Succ/Prec:84.1/95.5 tracklet_frames:61
2023/09/12 10:39:33 track_id:83 Succ/Prec:91.0/97.1 tracklet_frames:62
2023/09/12 10:39:34 interval:1 frame:1654 Succ/Prec:84.02357920193471/94.56771463119709
2023/09/12 10:39:34 interval:2 frame:3112 Succ/Prec:87.13126606683805/95.44505141388176
2023/09/12 10:39:34 interval:3 frame:1071 Succ/Prec:85.78197945845004/95.33380018674136
2023/09/12 10:39:34 interval:4 frame:251 Succ/Prec:89.03386454183268/96.26494023904382
2023/09/12 10:39:34 total_tracklet_nums:62 actual_tracklet_nums:62 total_track_anno_nums:6088 actual_track_anno_nums:6088
2023/09/12 10:39:34 key_frame mean Succ/Prec 0/0 key_frame_num 0
2023/09/12 10:39:34 mean Succ/Prec 86.12803876478318/95.22092641261497
