2023/09/12 10:48:15 Namespace(IoU_Space=3, category_name='Pedestrian', data_dir='/2TB/kitti/training', model='/*****/Pedestrian/netR_14.pth', model_dir='kitti_model/Pedestrian', model_fusion='pointcloud', ngpu=1, reference_BB='current_gt', shape_aggregation='firstandprevious', which_dataset='KITTI')
2023/09/12 10:48:15 ======================================================model:/*****/Pedestrian/netR_14.pth
2023/09/12 10:48:28 track_id:1 Succ/Prec:86.4/95.9 tracklet_frames:71
2023/09/12 10:48:30 track_id:4 Succ/Prec:85.8/96.2 tracklet_frames:125
2023/09/12 10:48:32 track_id:14 Succ/Prec:94.5/97.3 tracklet_frames:151
2023/09/12 10:48:33 track_id:7 Succ/Prec:97.5/97.5 tracklet_frames:52
2023/09/12 10:48:34 track_id:10 Succ/Prec:90.9/96.4 tracklet_frames:84
2023/09/12 10:48:35 track_id:5 Succ/Prec:97.1/97.6 tracklet_frames:28
2023/09/12 10:48:35 track_id:12 Succ/Prec:89.2/96.5 tracklet_frames:51
2023/09/12 10:48:36 track_id:6 Succ/Prec:94.8/97.4 tracklet_frames:31
2023/09/12 10:48:37 track_id:8 Succ/Prec:84.3/95.1 tracklet_frames:45
2023/09/12 10:48:38 track_id:15 Succ/Prec:97.5/97.5 tracklet_frames:62
2023/09/12 10:48:39 track_id:13 Succ/Prec:87.5/95.4 tracklet_frames:61
2023/09/12 10:48:39 track_id:9 Succ/Prec:95.1/97.2 tracklet_frames:27
2023/09/12 10:48:40 track_id:16 Succ/Prec:97.3/97.5 tracklet_frames:53
2023/09/12 10:48:41 track_id:17 Succ/Prec:97.0/97.4 tracklet_frames:46
2023/09/12 10:48:42 track_id:43 Succ/Prec:95.4/97.4 tracklet_frames:94
2023/09/12 10:48:45 track_id:27 Succ/Prec:94.1/97.0 tracklet_frames:215
2023/09/12 10:48:47 track_id:34 Succ/Prec:78.1/91.5 tracklet_frames:211
2023/09/12 10:48:49 track_id:25 Succ/Prec:82.9/94.2 tracklet_frames:60
2023/09/12 10:48:49 track_id:26 Succ/Prec:89.8/96.1 tracklet_frames:57
2023/09/12 10:48:50 track_id:19 Succ/Prec:96.2/97.4 tracklet_frames:41
2023/09/12 10:48:52 track_id:33 Succ/Prec:88.8/95.8 tracklet_frames:156
2023/09/12 10:48:52 track_id:20 Succ/Prec:96.8/97.7 tracklet_frames:14
2023/09/12 10:48:57 track_id:37 Succ/Prec:84.8/95.4 tracklet_frames:203
2023/09/12 10:48:58 track_id:44 Succ/Prec:90.8/95.7 tracklet_frames:46
2023/09/12 10:49:00 track_id:40 Succ/Prec:91.5/96.7 tracklet_frames:150
2023/09/12 10:49:01 track_id:28 Succ/Prec:92.2/96.7 tracklet_frames:68
2023/09/12 10:49:02 track_id:29 Succ/Prec:87.9/95.2 tracklet_frames:63
2023/09/12 10:49:03 track_id:31 Succ/Prec:80.5/93.2 tracklet_frames:49
2023/09/12 10:49:04 track_id:32 Succ/Prec:86.3/95.9 tracklet_frames:39
2023/09/12 10:49:06 track_id:36 Succ/Prec:84.3/94.7 tracklet_frames:129
2023/09/12 10:49:08 track_id:35 Succ/Prec:93.4/97.2 tracklet_frames:122
2023/09/12 10:49:09 track_id:39 Succ/Prec:85.1/94.3 tracklet_frames:106
2023/09/12 10:49:11 track_id:41 Succ/Prec:37.1/79.4 tracklet_frames:100
2023/09/12 10:49:12 track_id:38 Succ/Prec:95.4/96.6 tracklet_frames:61
2023/09/12 10:49:13 track_id:46 Succ/Prec:80.9/94.7 tracklet_frames:66
2023/09/12 10:49:18 track_id:48 Succ/Prec:79.6/92.9 tracklet_frames:401
2023/09/12 10:49:22 track_id:47 Succ/Prec:78.8/91.9 tracklet_frames:391
2023/09/12 10:49:24 track_id:49 Succ/Prec:96.6/97.4 tracklet_frames:203
2023/09/12 10:49:25 track_id:67 Succ/Prec:89.1/96.2 tracklet_frames:94
2023/09/12 10:49:28 track_id:53 Succ/Prec:93.9/96.9 tracklet_frames:181
2023/09/12 10:49:30 track_id:57 Succ/Prec:93.8/97.2 tracklet_frames:225
2023/09/12 10:49:33 track_id:56 Succ/Prec:80.2/94.0 tracklet_frames:210
2023/09/12 10:49:34 track_id:54 Succ/Prec:95.5/97.2 tracklet_frames:101
2023/09/12 10:49:36 track_id:55 Succ/Prec:85.1/94.5 tracklet_frames:146
2023/09/12 10:49:37 track_id:58 Succ/Prec:53.4/83.9 tracklet_frames:104
2023/09/12 10:49:39 track_id:60 Succ/Prec:95.6/97.4 tracklet_frames:91
2023/09/12 10:49:41 track_id:61 Succ/Prec:89.4/96.0 tracklet_frames:156
2023/09/12 10:49:42 track_id:62 Succ/Prec:94.1/97.4 tracklet_frames:95
2023/09/12 10:49:44 track_id:68 Succ/Prec:88.9/95.9 tracklet_frames:116
2023/09/12 10:49:45 track_id:69 Succ/Prec:94.4/97.0 tracklet_frames:61
2023/09/12 10:49:46 track_id:71 Succ/Prec:95.5/97.2 tracklet_frames:82
2023/09/12 10:49:47 track_id:70 Succ/Prec:82.4/94.7 tracklet_frames:26
2023/09/12 10:49:47 track_id:66 Succ/Prec:95.1/97.4 tracklet_frames:31
2023/09/12 10:49:48 track_id:75 Succ/Prec:90.1/96.6 tracklet_frames:45
2023/09/12 10:49:48 track_id:74 Succ/Prec:94.5/97.1 tracklet_frames:20
2023/09/12 10:49:49 track_id:98 Succ/Prec:82.2/96.2 tracklet_frames:25
2023/09/12 10:49:49 track_id:99 Succ/Prec:83.2/96.7 tracklet_frames:21
2023/09/12 10:49:50 track_id:77 Succ/Prec:77.5/93.5 tracklet_frames:51
2023/09/12 10:49:51 track_id:86 Succ/Prec:90.2/96.3 tracklet_frames:88
2023/09/12 10:49:52 track_id:85 Succ/Prec:85.7/96.0 tracklet_frames:64
2023/09/12 10:49:53 track_id:84 Succ/Prec:89.8/96.5 tracklet_frames:61
2023/09/12 10:49:54 track_id:83 Succ/Prec:95.7/97.5 tracklet_frames:62
2023/09/12 10:49:54 interval:1 frame:1654 Succ/Prec:86.06408706166867/94.70072551390568
2023/09/12 10:49:55 interval:2 frame:3112 Succ/Prec:86.68460796915167/95.03052699228792
2023/09/12 10:49:55 interval:3 frame:1071 Succ/Prec:87.77077497665732/95.52987861811391
2023/09/12 10:49:55 interval:4 frame:251 Succ/Prec:91.90239043824701/96.7629482071713
2023/09/12 10:49:55 total_tracklet_nums:62 actual_tracklet_nums:62 total_track_anno_nums:6088 actual_track_anno_nums:6088
2023/09/12 10:49:55 key_frame mean Succ/Prec 0/0 key_frame_num 0
2023/09/12 10:49:55 mean Succ/Prec 86.92222404730617/95.10019710906703
