2023/09/12 10:25:16 Namespace(IoU_Space=3, category_name='Pedestrian', data_dir='/2TB/kitti/training', model='/*****/Pedestrian/netR_1.pth', model_dir='kitti_model/Pedestrian', model_fusion='pointcloud', ngpu=1, reference_BB='current_gt', shape_aggregation='firstandprevious', which_dataset='KITTI')
2023/09/12 10:25:16 ======================================================model:/*****/Pedestrian/netR_1.pth
2023/09/12 10:25:30 track_id:1 Succ/Prec:88.0/96.0 tracklet_frames:71
2023/09/12 10:25:32 track_id:4 Succ/Prec:73.3/95.0 tracklet_frames:125
2023/09/12 10:25:34 track_id:14 Succ/Prec:92.0/97.3 tracklet_frames:151
2023/09/12 10:25:35 track_id:7 Succ/Prec:91.8/97.5 tracklet_frames:52
2023/09/12 10:25:36 track_id:10 Succ/Prec:89.2/96.8 tracklet_frames:84
2023/09/12 10:25:36 track_id:5 Succ/Prec:89.8/97.2 tracklet_frames:28
2023/09/12 10:25:37 track_id:12 Succ/Prec:88.6/97.0 tracklet_frames:51
2023/09/12 10:25:38 track_id:6 Succ/Prec:88.1/97.3 tracklet_frames:31
2023/09/12 10:25:39 track_id:8 Succ/Prec:69.3/92.2 tracklet_frames:45
2023/09/12 10:25:40 track_id:15 Succ/Prec:92.2/97.5 tracklet_frames:62
2023/09/12 10:25:41 track_id:13 Succ/Prec:87.5/95.5 tracklet_frames:61
2023/09/12 10:25:42 track_id:9 Succ/Prec:85.6/97.0 tracklet_frames:27
2023/09/12 10:25:42 track_id:16 Succ/Prec:94.8/97.5 tracklet_frames:53
2023/09/12 10:25:43 track_id:17 Succ/Prec:95.3/97.6 tracklet_frames:46
2023/09/12 10:25:44 track_id:43 Succ/Prec:87.5/96.7 tracklet_frames:94
2023/09/12 10:25:47 track_id:27 Succ/Prec:91.3/97.2 tracklet_frames:215
2023/09/12 10:25:50 track_id:34 Succ/Prec:82.7/94.9 tracklet_frames:211
2023/09/12 10:25:51 track_id:25 Succ/Prec:74.2/94.0 tracklet_frames:60
2023/09/12 10:25:52 track_id:26 Succ/Prec:89.9/97.4 tracklet_frames:57
2023/09/12 10:25:53 track_id:19 Succ/Prec:93.4/97.3 tracklet_frames:41
2023/09/12 10:25:55 track_id:33 Succ/Prec:90.6/97.0 tracklet_frames:156
2023/09/12 10:25:55 track_id:20 Succ/Prec:85.0/97.3 tracklet_frames:14
2023/09/12 10:26:00 track_id:37 Succ/Prec:85.8/96.3 tracklet_frames:203
2023/09/12 10:26:01 track_id:44 Succ/Prec:92.2/97.6 tracklet_frames:46
2023/09/12 10:26:04 track_id:40 Succ/Prec:90.0/97.1 tracklet_frames:150
2023/09/12 10:26:05 track_id:28 Succ/Prec:79.4/95.7 tracklet_frames:68
2023/09/12 10:26:06 track_id:29 Succ/Prec:91.9/97.4 tracklet_frames:63
2023/09/12 10:26:08 track_id:31 Succ/Prec:78.4/93.3 tracklet_frames:49
2023/09/12 10:26:09 track_id:32 Succ/Prec:91.3/97.4 tracklet_frames:39
2023/09/12 10:26:11 track_id:36 Succ/Prec:90.5/97.1 tracklet_frames:129
2023/09/12 10:26:13 track_id:35 Succ/Prec:87.5/96.6 tracklet_frames:122
2023/09/12 10:26:14 track_id:39 Succ/Prec:90.9/96.4 tracklet_frames:106
2023/09/12 10:26:16 track_id:41 Succ/Prec:65.5/88.9 tracklet_frames:100
2023/09/12 10:26:17 track_id:38 Succ/Prec:93.6/97.5 tracklet_frames:61
2023/09/12 10:26:18 track_id:46 Succ/Prec:90.2/97.2 tracklet_frames:66
2023/09/12 10:26:23 track_id:48 Succ/Prec:84.6/95.7 tracklet_frames:401
2023/09/12 10:26:28 track_id:47 Succ/Prec:82.8/95.3 tracklet_frames:391
2023/09/12 10:26:30 track_id:49 Succ/Prec:93.4/97.2 tracklet_frames:203
2023/09/12 10:26:31 track_id:67 Succ/Prec:90.7/97.4 tracklet_frames:94
2023/09/12 10:26:34 track_id:53 Succ/Prec:93.0/97.1 tracklet_frames:181
2023/09/12 10:26:36 track_id:57 Succ/Prec:84.4/96.8 tracklet_frames:225
2023/09/12 10:26:39 track_id:56 Succ/Prec:84.3/95.5 tracklet_frames:210
2023/09/12 10:26:40 track_id:54 Succ/Prec:92.5/97.4 tracklet_frames:101
2023/09/12 10:26:42 track_id:55 Succ/Prec:85.5/96.1 tracklet_frames:146
2023/09/12 10:26:44 track_id:58 Succ/Prec:56.0/87.3 tracklet_frames:104
2023/09/12 10:26:45 track_id:60 Succ/Prec:91.1/97.0 tracklet_frames:91
2023/09/12 10:26:48 track_id:61 Succ/Prec:88.3/96.3 tracklet_frames:156
2023/09/12 10:26:49 track_id:62 Succ/Prec:94.4/97.4 tracklet_frames:95
2023/09/12 10:26:51 track_id:68 Succ/Prec:89.5/96.7 tracklet_frames:116
2023/09/12 10:26:52 track_id:69 Succ/Prec:90.9/97.0 tracklet_frames:61
2023/09/12 10:26:53 track_id:71 Succ/Prec:93.1/97.3 tracklet_frames:82
2023/09/12 10:26:53 track_id:70 Succ/Prec:77.0/94.3 tracklet_frames:26
2023/09/12 10:26:54 track_id:66 Succ/Prec:93.0/97.6 tracklet_frames:31
2023/09/12 10:26:55 track_id:75 Succ/Prec:90.3/97.2 tracklet_frames:45
2023/09/12 10:26:55 track_id:74 Succ/Prec:91.5/97.1 tracklet_frames:20
2023/09/12 10:26:56 track_id:98 Succ/Prec:69.0/95.2 tracklet_frames:25
2023/09/12 10:26:56 track_id:99 Succ/Prec:75.8/97.1 tracklet_frames:21
2023/09/12 10:26:57 track_id:77 Succ/Prec:78.4/94.3 tracklet_frames:51
2023/09/12 10:26:58 track_id:86 Succ/Prec:90.4/96.8 tracklet_frames:88
2023/09/12 10:26:59 track_id:85 Succ/Prec:76.7/94.5 tracklet_frames:64
2023/09/12 10:27:00 track_id:84 Succ/Prec:84.1/95.9 tracklet_frames:61
2023/09/12 10:27:01 track_id:83 Succ/Prec:91.7/97.5 tracklet_frames:62
2023/09/12 10:27:02 interval:1 frame:1654 Succ/Prec:83.46130592503023/95.54111245465538
2023/09/12 10:27:02 interval:2 frame:3112 Succ/Prec:87.58595758354755/96.25803341902314
2023/09/12 10:27:02 interval:3 frame:1071 Succ/Prec:87.85014005602243/96.53828197945845
2023/09/12 10:27:02 interval:4 frame:251 Succ/Prec:86.90239043824701/96.5637450199203
2023/09/12 10:27:02 total_tracklet_nums:62 actual_tracklet_nums:62 total_track_anno_nums:6088 actual_track_anno_nums:6088
2023/09/12 10:27:02 key_frame mean Succ/Prec 0/0 key_frame_num 0
2023/09/12 10:27:02 mean Succ/Prec 86.48365637319316/96.12516425755584
