2023/09/12 11:03:46 Namespace(IoU_Space=3, category_name='Pedestrian', data_dir='/2TB/kitti/training', model='/*****/Pedestrian/netR_23.pth', model_dir='kitti_model/Pedestrian', model_fusion='pointcloud', ngpu=1, reference_BB='current_gt', shape_aggregation='firstandprevious', which_dataset='KITTI')
2023/09/12 11:03:46 ======================================================model:/*****/Pedestrian/netR_23.pth
2023/09/12 11:03:59 track_id:1 Succ/Prec:87.2/95.9 tracklet_frames:71
2023/09/12 11:04:00 track_id:4 Succ/Prec:85.3/96.1 tracklet_frames:125
2023/09/12 11:04:03 track_id:14 Succ/Prec:93.8/97.3 tracklet_frames:151
2023/09/12 11:04:03 track_id:7 Succ/Prec:97.5/97.5 tracklet_frames:52
2023/09/12 11:04:04 track_id:10 Succ/Prec:91.4/96.4 tracklet_frames:84
2023/09/12 11:04:05 track_id:5 Succ/Prec:97.1/97.6 tracklet_frames:28
2023/09/12 11:04:05 track_id:12 Succ/Prec:88.8/96.2 tracklet_frames:51
2023/09/12 11:04:06 track_id:6 Succ/Prec:95.5/97.6 tracklet_frames:31
2023/09/12 11:04:07 track_id:8 Succ/Prec:82.8/94.7 tracklet_frames:45
2023/09/12 11:04:08 track_id:15 Succ/Prec:97.0/97.5 tracklet_frames:62
2023/09/12 11:04:09 track_id:13 Succ/Prec:86.5/95.2 tracklet_frames:61
2023/09/12 11:04:09 track_id:9 Succ/Prec:94.4/97.4 tracklet_frames:27
2023/09/12 11:04:10 track_id:16 Succ/Prec:97.2/97.5 tracklet_frames:53
2023/09/12 11:04:11 track_id:17 Succ/Prec:96.7/97.4 tracklet_frames:46
2023/09/12 11:04:12 track_id:43 Succ/Prec:93.2/96.8 tracklet_frames:94
2023/09/12 11:04:15 track_id:27 Succ/Prec:92.6/96.6 tracklet_frames:215
2023/09/12 11:04:17 track_id:34 Succ/Prec:78.3/91.9 tracklet_frames:211
2023/09/12 11:04:18 track_id:25 Succ/Prec:83.0/94.3 tracklet_frames:60
2023/09/12 11:04:19 track_id:26 Succ/Prec:91.8/96.8 tracklet_frames:57
2023/09/12 11:04:20 track_id:19 Succ/Prec:94.9/97.3 tracklet_frames:41
2023/09/12 11:04:22 track_id:33 Succ/Prec:87.1/95.4 tracklet_frames:156
2023/09/12 11:04:22 track_id:20 Succ/Prec:96.8/97.7 tracklet_frames:14
2023/09/12 11:04:27 track_id:37 Succ/Prec:83.6/95.1 tracklet_frames:203
2023/09/12 11:04:28 track_id:44 Succ/Prec:89.2/95.2 tracklet_frames:46
2023/09/12 11:04:30 track_id:40 Succ/Prec:90.9/96.4 tracklet_frames:150
2023/09/12 11:04:31 track_id:28 Succ/Prec:91.8/96.7 tracklet_frames:68
2023/09/12 11:04:32 track_id:29 Succ/Prec:91.4/96.3 tracklet_frames:63
2023/09/12 11:04:34 track_id:31 Succ/Prec:79.6/92.9 tracklet_frames:49
2023/09/12 11:04:35 track_id:32 Succ/Prec:85.8/95.9 tracklet_frames:39
2023/09/12 11:04:36 track_id:36 Succ/Prec:81.8/94.0 tracklet_frames:129
2023/09/12 11:04:38 track_id:35 Succ/Prec:91.5/96.7 tracklet_frames:122
2023/09/12 11:04:40 track_id:39 Succ/Prec:82.5/93.9 tracklet_frames:106
2023/09/12 11:04:41 track_id:41 Succ/Prec:33.2/78.2 tracklet_frames:100
2023/09/12 11:04:42 track_id:38 Succ/Prec:93.2/95.7 tracklet_frames:61
2023/09/12 11:04:43 track_id:46 Succ/Prec:80.0/94.4 tracklet_frames:66
2023/09/12 11:04:48 track_id:48 Succ/Prec:77.3/92.3 tracklet_frames:401
2023/09/12 11:04:52 track_id:47 Succ/Prec:71.4/89.0 tracklet_frames:391
2023/09/12 11:04:54 track_id:49 Succ/Prec:95.9/97.3 tracklet_frames:203
2023/09/12 11:04:56 track_id:67 Succ/Prec:88.7/96.3 tracklet_frames:94
2023/09/12 11:04:58 track_id:53 Succ/Prec:93.3/96.9 tracklet_frames:181
2023/09/12 11:05:00 track_id:57 Succ/Prec:93.3/97.1 tracklet_frames:225
2023/09/12 11:05:03 track_id:56 Succ/Prec:76.9/93.2 tracklet_frames:210
2023/09/12 11:05:04 track_id:54 Succ/Prec:94.8/97.3 tracklet_frames:101
2023/09/12 11:05:06 track_id:55 Succ/Prec:84.1/94.3 tracklet_frames:146
2023/09/12 11:05:08 track_id:58 Succ/Prec:43.7/79.7 tracklet_frames:104
2023/09/12 11:05:09 track_id:60 Succ/Prec:95.8/97.3 tracklet_frames:91
2023/09/12 11:05:11 track_id:61 Succ/Prec:88.8/95.9 tracklet_frames:156
2023/09/12 11:05:13 track_id:62 Succ/Prec:92.9/97.4 tracklet_frames:95
2023/09/12 11:05:14 track_id:68 Succ/Prec:88.3/96.1 tracklet_frames:116
2023/09/12 11:05:15 track_id:69 Succ/Prec:94.3/97.0 tracklet_frames:61
2023/09/12 11:05:16 track_id:71 Succ/Prec:94.9/97.1 tracklet_frames:82
2023/09/12 11:05:17 track_id:70 Succ/Prec:80.9/94.3 tracklet_frames:26
2023/09/12 11:05:17 track_id:66 Succ/Prec:95.1/97.4 tracklet_frames:31
2023/09/12 11:05:18 track_id:75 Succ/Prec:88.9/96.8 tracklet_frames:45
2023/09/12 11:05:18 track_id:74 Succ/Prec:93.0/97.1 tracklet_frames:20
2023/09/12 11:05:19 track_id:98 Succ/Prec:83.6/96.2 tracklet_frames:25
2023/09/12 11:05:19 track_id:99 Succ/Prec:83.2/96.7 tracklet_frames:21
2023/09/12 11:05:20 track_id:77 Succ/Prec:74.6/92.4 tracklet_frames:51
2023/09/12 11:05:21 track_id:86 Succ/Prec:90.5/96.5 tracklet_frames:88
2023/09/12 11:05:22 track_id:85 Succ/Prec:82.4/95.7 tracklet_frames:64
2023/09/12 11:05:23 track_id:84 Succ/Prec:87.0/96.0 tracklet_frames:61
2023/09/12 11:05:24 track_id:83 Succ/Prec:95.4/97.5 tracklet_frames:62
2023/09/12 11:05:24 interval:1 frame:1654 Succ/Prec:84.91837968561065/94.28960096735189
2023/09/12 11:05:25 interval:2 frame:3112 Succ/Prec:84.75819408740361/94.49710796915167
2023/09/12 11:05:25 interval:3 frame:1071 Succ/Prec:86.29084967320262/95.1704014939309
2023/09/12 11:05:25 interval:4 frame:251 Succ/Prec:90.60756972111554/96.62350597609561
2023/09/12 11:05:25 total_tracklet_nums:62 actual_tracklet_nums:62 total_track_anno_nums:6088 actual_track_anno_nums:6088
2023/09/12 11:05:25 key_frame mean Succ/Prec 0/0 key_frame_num 0
2023/09/12 11:05:25 mean Succ/Prec 85.31249999999999/94.64684625492772
