2023/09/12 11:12:22 Namespace(IoU_Space=3, category_name='Pedestrian', data_dir='/2TB/kitti/training', model='*****/Pedestrian/netR_28.pth', model_dir='kitti_model/Pedestrian', model_fusion='pointcloud', ngpu=1, reference_BB='current_gt', shape_aggregation='firstandprevious', which_dataset='KITTI')
2023/09/12 11:12:22 ======================================================model:/*****/Pedestrian/netR_28.pth
2023/09/12 11:12:35 track_id:1 Succ/Prec:86.7/95.9 tracklet_frames:71
2023/09/12 11:12:37 track_id:4 Succ/Prec:84.3/96.0 tracklet_frames:125
2023/09/12 11:12:40 track_id:14 Succ/Prec:92.8/97.1 tracklet_frames:151
2023/09/12 11:12:41 track_id:7 Succ/Prec:97.5/97.5 tracklet_frames:52
2023/09/12 11:12:42 track_id:10 Succ/Prec:90.3/96.3 tracklet_frames:84
2023/09/12 11:12:42 track_id:5 Succ/Prec:96.6/97.6 tracklet_frames:28
2023/09/12 11:12:43 track_id:12 Succ/Prec:88.1/96.1 tracklet_frames:51
2023/09/12 11:12:43 track_id:6 Succ/Prec:95.8/97.6 tracklet_frames:31
2023/09/12 11:12:44 track_id:8 Succ/Prec:81.1/94.4 tracklet_frames:45
2023/09/12 11:12:46 track_id:15 Succ/Prec:96.1/97.4 tracklet_frames:62
2023/09/12 11:12:46 track_id:13 Succ/Prec:84.6/94.8 tracklet_frames:61
2023/09/12 11:12:47 track_id:9 Succ/Prec:94.4/97.2 tracklet_frames:27
2023/09/12 11:12:48 track_id:16 Succ/Prec:97.2/97.5 tracklet_frames:53
2023/09/12 11:12:49 track_id:17 Succ/Prec:96.7/97.4 tracklet_frames:46
2023/09/12 11:12:50 track_id:43 Succ/Prec:89.7/95.2 tracklet_frames:94
2023/09/12 11:12:53 track_id:27 Succ/Prec:92.6/96.9 tracklet_frames:215
2023/09/12 11:12:55 track_id:34 Succ/Prec:75.3/91.1 tracklet_frames:211
2023/09/12 11:12:56 track_id:25 Succ/Prec:84.8/94.6 tracklet_frames:60
2023/09/12 11:12:57 track_id:26 Succ/Prec:90.3/96.5 tracklet_frames:57
2023/09/12 11:12:58 track_id:19 Succ/Prec:95.5/97.4 tracklet_frames:41
2023/09/12 11:13:00 track_id:33 Succ/Prec:86.9/95.6 tracklet_frames:156
2023/09/12 11:13:00 track_id:20 Succ/Prec:96.8/97.7 tracklet_frames:14
2023/09/12 11:13:05 track_id:37 Succ/Prec:82.8/94.8 tracklet_frames:203
2023/09/12 11:13:06 track_id:44 Succ/Prec:90.7/95.6 tracklet_frames:46
2023/09/12 11:13:09 track_id:40 Succ/Prec:89.6/96.1 tracklet_frames:150
2023/09/12 11:13:10 track_id:28 Succ/Prec:91.5/96.7 tracklet_frames:68
2023/09/12 11:13:11 track_id:29 Succ/Prec:87.1/95.1 tracklet_frames:63
2023/09/12 11:13:12 track_id:31 Succ/Prec:78.9/92.8 tracklet_frames:49
2023/09/12 11:13:13 track_id:32 Succ/Prec:84.3/95.6 tracklet_frames:39
2023/09/12 11:13:15 track_id:36 Succ/Prec:83.2/94.8 tracklet_frames:129
2023/09/12 11:13:17 track_id:35 Succ/Prec:91.1/96.9 tracklet_frames:122
2023/09/12 11:13:19 track_id:39 Succ/Prec:79.4/92.9 tracklet_frames:106
2023/09/12 11:13:20 track_id:41 Succ/Prec:34.5/78.1 tracklet_frames:100
2023/09/12 11:13:22 track_id:38 Succ/Prec:94.5/96.5 tracklet_frames:61
2023/09/12 11:13:23 track_id:46 Succ/Prec:78.9/94.1 tracklet_frames:66
2023/09/12 11:13:27 track_id:48 Succ/Prec:73.1/90.8 tracklet_frames:401
2023/09/12 11:13:32 track_id:47 Succ/Prec:74.8/90.6 tracklet_frames:391
2023/09/12 11:13:35 track_id:49 Succ/Prec:95.3/97.2 tracklet_frames:203
2023/09/12 11:13:36 track_id:67 Succ/Prec:88.1/96.2 tracklet_frames:94
2023/09/12 11:13:38 track_id:53 Succ/Prec:92.7/96.8 tracklet_frames:181
2023/09/12 11:13:41 track_id:57 Succ/Prec:93.2/97.1 tracklet_frames:225
2023/09/12 11:13:44 track_id:56 Succ/Prec:75.6/92.9 tracklet_frames:210
2023/09/12 11:13:45 track_id:54 Succ/Prec:93.8/97.0 tracklet_frames:101
2023/09/12 11:13:47 track_id:55 Succ/Prec:83.2/94.1 tracklet_frames:146
2023/09/12 11:13:49 track_id:58 Succ/Prec:49.7/82.9 tracklet_frames:104
2023/09/12 11:13:50 track_id:60 Succ/Prec:94.7/96.9 tracklet_frames:91
2023/09/12 11:13:52 track_id:61 Succ/Prec:87.7/95.6 tracklet_frames:156
2023/09/12 11:13:54 track_id:62 Succ/Prec:92.6/97.2 tracklet_frames:95
2023/09/12 11:13:55 track_id:68 Succ/Prec:87.9/96.0 tracklet_frames:116
2023/09/12 11:13:56 track_id:69 Succ/Prec:94.1/97.0 tracklet_frames:61
2023/09/12 11:13:57 track_id:71 Succ/Prec:95.0/97.1 tracklet_frames:82
2023/09/12 11:13:58 track_id:70 Succ/Prec:81.3/94.3 tracklet_frames:26
2023/09/12 11:13:59 track_id:66 Succ/Prec:94.9/97.3 tracklet_frames:31
2023/09/12 11:13:59 track_id:75 Succ/Prec:87.2/96.4 tracklet_frames:45
2023/09/12 11:14:00 track_id:74 Succ/Prec:92.8/97.1 tracklet_frames:20
2023/09/12 11:14:00 track_id:98 Succ/Prec:80.6/96.2 tracklet_frames:25
2023/09/12 11:14:01 track_id:99 Succ/Prec:79.6/95.7 tracklet_frames:21
2023/09/12 11:14:02 track_id:77 Succ/Prec:73.9/92.5 tracklet_frames:51
2023/09/12 11:14:03 track_id:86 Succ/Prec:88.9/96.3 tracklet_frames:88
2023/09/12 11:14:04 track_id:85 Succ/Prec:80.0/95.4 tracklet_frames:64
2023/09/12 11:14:05 track_id:84 Succ/Prec:85.0/95.7 tracklet_frames:61
2023/09/12 11:14:06 track_id:83 Succ/Prec:95.3/97.5 tracklet_frames:62
2023/09/12 11:14:06 interval:1 frame:1654 Succ/Prec:83.78778718258766/94.02660217654172
2023/09/12 11:14:06 interval:2 frame:3112 Succ/Prec:84.5220115681234/94.56780205655527
2023/09/12 11:14:06 interval:3 frame:1071 Succ/Prec:85.18440709617181/94.99766573295985
2023/09/12 11:14:06 interval:4 frame:251 Succ/Prec:89.97011952191235/96.44422310756973
2023/09/12 11:14:06 total_tracklet_nums:62 actual_tracklet_nums:62 total_track_anno_nums:6088 actual_track_anno_nums:6088
2023/09/12 11:14:06 key_frame mean Succ/Prec 0/0 key_frame_num 0
2023/09/12 11:14:07 mean Succ/Prec 84.6636826544021/94.57375164257556
