2023/09/12 11:07:11 Namespace(IoU_Space=3, category_name='Pedestrian', data_dir='/2TB/kitti/training', model='/*****/Pedestrian/netR_25.pth', model_dir='kitti_model/Pedestrian', model_fusion='pointcloud', ngpu=1, reference_BB='current_gt', shape_aggregation='firstandprevious', which_dataset='KITTI')
2023/09/12 11:07:11 ======================================================model:/*****/Pedestrian/netR_25.pth
2023/09/12 11:07:23 track_id:1 Succ/Prec:87.5/95.9 tracklet_frames:71
2023/09/12 11:07:25 track_id:4 Succ/Prec:85.2/96.2 tracklet_frames:125
2023/09/12 11:07:27 track_id:14 Succ/Prec:93.5/97.1 tracklet_frames:151
2023/09/12 11:07:28 track_id:7 Succ/Prec:97.5/97.5 tracklet_frames:52
2023/09/12 11:07:29 track_id:10 Succ/Prec:90.8/96.4 tracklet_frames:84
2023/09/12 11:07:29 track_id:5 Succ/Prec:96.6/97.6 tracklet_frames:28
2023/09/12 11:07:30 track_id:12 Succ/Prec:89.1/96.3 tracklet_frames:51
2023/09/12 11:07:31 track_id:6 Succ/Prec:95.6/97.6 tracklet_frames:31
2023/09/12 11:07:32 track_id:8 Succ/Prec:82.7/94.6 tracklet_frames:45
2023/09/12 11:07:33 track_id:15 Succ/Prec:96.9/97.5 tracklet_frames:62
2023/09/12 11:07:34 track_id:13 Succ/Prec:86.7/95.1 tracklet_frames:61
2023/09/12 11:07:35 track_id:9 Succ/Prec:94.9/97.4 tracklet_frames:27
2023/09/12 11:07:35 track_id:16 Succ/Prec:97.1/97.5 tracklet_frames:53
2023/09/12 11:07:36 track_id:17 Succ/Prec:96.4/97.3 tracklet_frames:46
2023/09/12 11:07:37 track_id:43 Succ/Prec:93.3/96.8 tracklet_frames:94
2023/09/12 11:07:40 track_id:27 Succ/Prec:92.7/96.7 tracklet_frames:215
2023/09/12 11:07:43 track_id:34 Succ/Prec:77.7/91.6 tracklet_frames:211
2023/09/12 11:07:44 track_id:25 Succ/Prec:83.3/94.3 tracklet_frames:60
2023/09/12 11:07:44 track_id:26 Succ/Prec:90.4/96.6 tracklet_frames:57
2023/09/12 11:07:45 track_id:19 Succ/Prec:95.4/97.3 tracklet_frames:41
2023/09/12 11:07:47 track_id:33 Succ/Prec:86.4/94.9 tracklet_frames:156
2023/09/12 11:07:47 track_id:20 Succ/Prec:96.8/97.7 tracklet_frames:14
2023/09/12 11:07:52 track_id:37 Succ/Prec:83.0/94.8 tracklet_frames:203
2023/09/12 11:07:53 track_id:44 Succ/Prec:90.5/95.7 tracklet_frames:46
2023/09/12 11:07:55 track_id:40 Succ/Prec:91.1/96.6 tracklet_frames:150
2023/09/12 11:07:57 track_id:28 Succ/Prec:92.2/96.7 tracklet_frames:68
2023/09/12 11:07:58 track_id:29 Succ/Prec:90.1/95.7 tracklet_frames:63
2023/09/12 11:07:59 track_id:31 Succ/Prec:80.3/93.3 tracklet_frames:49
2023/09/12 11:08:00 track_id:32 Succ/Prec:85.2/95.9 tracklet_frames:39
2023/09/12 11:08:02 track_id:36 Succ/Prec:82.6/94.1 tracklet_frames:129
2023/09/12 11:08:04 track_id:35 Succ/Prec:92.2/97.1 tracklet_frames:122
2023/09/12 11:08:05 track_id:39 Succ/Prec:81.7/93.6 tracklet_frames:106
2023/09/12 11:08:07 track_id:41 Succ/Prec:35.2/78.7 tracklet_frames:100
2023/09/12 11:08:08 track_id:38 Succ/Prec:93.4/95.6 tracklet_frames:61
2023/09/12 11:08:09 track_id:46 Succ/Prec:79.5/94.3 tracklet_frames:66
2023/09/12 11:08:13 track_id:48 Succ/Prec:76.5/91.8 tracklet_frames:401
2023/09/12 11:08:18 track_id:47 Succ/Prec:73.7/90.1 tracklet_frames:391
2023/09/12 11:08:20 track_id:49 Succ/Prec:95.7/97.3 tracklet_frames:203
2023/09/12 11:08:21 track_id:67 Succ/Prec:88.8/96.4 tracklet_frames:94
2023/09/12 11:08:23 track_id:53 Succ/Prec:93.5/97.0 tracklet_frames:181
2023/09/12 11:08:26 track_id:57 Succ/Prec:93.6/97.1 tracklet_frames:225
2023/09/12 11:08:29 track_id:56 Succ/Prec:76.9/93.2 tracklet_frames:210
2023/09/12 11:08:30 track_id:54 Succ/Prec:94.8/97.3 tracklet_frames:101
2023/09/12 11:08:32 track_id:55 Succ/Prec:83.9/94.2 tracklet_frames:146
2023/09/12 11:08:33 track_id:58 Succ/Prec:48.1/82.0 tracklet_frames:104
2023/09/12 11:08:35 track_id:60 Succ/Prec:95.7/97.3 tracklet_frames:91
2023/09/12 11:08:37 track_id:61 Succ/Prec:89.0/95.9 tracklet_frames:156
2023/09/12 11:08:38 track_id:62 Succ/Prec:93.4/97.3 tracklet_frames:95
2023/09/12 11:08:40 track_id:68 Succ/Prec:87.7/95.5 tracklet_frames:116
2023/09/12 11:08:41 track_id:69 Succ/Prec:94.8/97.0 tracklet_frames:61
2023/09/12 11:08:42 track_id:71 Succ/Prec:94.8/97.0 tracklet_frames:82
2023/09/12 11:08:42 track_id:70 Succ/Prec:82.0/94.5 tracklet_frames:26
2023/09/12 11:08:43 track_id:66 Succ/Prec:95.2/97.4 tracklet_frames:31
2023/09/12 11:08:44 track_id:75 Succ/Prec:89.3/96.4 tracklet_frames:45
2023/09/12 11:08:44 track_id:74 Succ/Prec:93.2/97.1 tracklet_frames:20
2023/09/12 11:08:45 track_id:98 Succ/Prec:83.6/96.2 tracklet_frames:25
2023/09/12 11:08:45 track_id:99 Succ/Prec:84.6/97.1 tracklet_frames:21
2023/09/12 11:08:46 track_id:77 Succ/Prec:76.3/92.9 tracklet_frames:51
2023/09/12 11:08:47 track_id:86 Succ/Prec:89.9/96.4 tracklet_frames:88
2023/09/12 11:08:48 track_id:85 Succ/Prec:81.3/95.4 tracklet_frames:64
2023/09/12 11:08:49 track_id:84 Succ/Prec:85.8/95.7 tracklet_frames:61
2023/09/12 11:08:50 track_id:83 Succ/Prec:95.5/97.5 tracklet_frames:62
2023/09/12 11:08:50 interval:1 frame:1654 Succ/Prec:84.91535671100364/94.31983071342201
2023/09/12 11:08:51 interval:2 frame:3112 Succ/Prec:85.11969794344473/94.60957583547558
2023/09/12 11:08:51 interval:3 frame:1071 Succ/Prec:86.20214752567693/95.11437908496731
2023/09/12 11:08:51 interval:4 frame:251 Succ/Prec:90.46812749003983/96.46414342629483
2023/09/12 11:08:51 total_tracklet_nums:62 actual_tracklet_nums:62 total_track_anno_nums:6088 actual_track_anno_nums:6088
2023/09/12 11:08:51 key_frame mean Succ/Prec 0/0 key_frame_num 0
2023/09/12 11:08:51 mean Succ/Prec 85.47511498028909/94.696123521682
