2023/09/12 10:41:21 Namespace(IoU_Space=3, category_name='Pedestrian', data_dir='/2TB/kitti/training', model='/*****/Pedestrian/netR_10.pth', model_dir='kitti_model/Pedestrian', model_fusion='pointcloud', ngpu=1, reference_BB='current_gt', shape_aggregation='firstandprevious', which_dataset='KITTI')
2023/09/12 10:41:21 ======================================================model:/*****/Pedestrian/netR_10.pth
2023/09/12 10:41:34 track_id:1 Succ/Prec:84.3/95.4 tracklet_frames:71
2023/09/12 10:41:36 track_id:4 Succ/Prec:86.7/96.4 tracklet_frames:125
2023/09/12 10:41:38 track_id:14 Succ/Prec:92.9/97.1 tracklet_frames:151
2023/09/12 10:41:39 track_id:7 Succ/Prec:97.4/97.5 tracklet_frames:52
2023/09/12 10:41:40 track_id:10 Succ/Prec:90.3/96.3 tracklet_frames:84
2023/09/12 10:41:40 track_id:5 Succ/Prec:95.7/97.4 tracklet_frames:28
2023/09/12 10:41:41 track_id:12 Succ/Prec:87.8/96.1 tracklet_frames:51
2023/09/12 10:41:42 track_id:6 Succ/Prec:95.8/97.6 tracklet_frames:31
2023/09/12 10:41:42 track_id:8 Succ/Prec:81.9/94.2 tracklet_frames:45
2023/09/12 10:41:44 track_id:15 Succ/Prec:95.0/97.2 tracklet_frames:62
2023/09/12 10:41:44 track_id:13 Succ/Prec:85.5/94.7 tracklet_frames:61
2023/09/12 10:41:45 track_id:9 Succ/Prec:91.9/96.9 tracklet_frames:27
2023/09/12 10:41:46 track_id:16 Succ/Prec:96.9/97.5 tracklet_frames:53
2023/09/12 10:41:47 track_id:17 Succ/Prec:96.2/97.3 tracklet_frames:46
2023/09/12 10:41:48 track_id:43 Succ/Prec:90.2/95.6 tracklet_frames:94
2023/09/12 10:41:50 track_id:27 Succ/Prec:93.7/97.0 tracklet_frames:215
2023/09/12 10:41:53 track_id:34 Succ/Prec:76.9/91.5 tracklet_frames:211
2023/09/12 10:41:54 track_id:25 Succ/Prec:88.7/95.6 tracklet_frames:60
2023/09/12 10:41:55 track_id:26 Succ/Prec:81.7/94.6 tracklet_frames:57
2023/09/12 10:41:56 track_id:19 Succ/Prec:93.4/97.0 tracklet_frames:41
2023/09/12 10:41:57 track_id:33 Succ/Prec:87.2/95.6 tracklet_frames:156
2023/09/12 10:41:58 track_id:20 Succ/Prec:94.3/97.7 tracklet_frames:14
2023/09/12 10:42:02 track_id:37 Succ/Prec:76.2/93.1 tracklet_frames:203
2023/09/12 10:42:03 track_id:44 Succ/Prec:87.8/94.4 tracklet_frames:46
2023/09/12 10:42:06 track_id:40 Succ/Prec:88.7/96.4 tracklet_frames:150
2023/09/12 10:42:07 track_id:28 Succ/Prec:84.9/95.2 tracklet_frames:68
2023/09/12 10:42:08 track_id:29 Succ/Prec:80.7/92.7 tracklet_frames:63
2023/09/12 10:42:09 track_id:31 Succ/Prec:79.5/93.5 tracklet_frames:49
2023/09/12 10:42:10 track_id:32 Succ/Prec:84.9/95.9 tracklet_frames:39
2023/09/12 10:42:12 track_id:36 Succ/Prec:84.0/95.3 tracklet_frames:129
2023/09/12 10:42:14 track_id:35 Succ/Prec:92.8/97.1 tracklet_frames:122
2023/09/12 10:42:15 track_id:39 Succ/Prec:82.2/93.8 tracklet_frames:106
2023/09/12 10:42:17 track_id:41 Succ/Prec:50.5/85.4 tracklet_frames:100
2023/09/12 10:42:18 track_id:38 Succ/Prec:93.7/96.3 tracklet_frames:61
2023/09/12 10:42:19 track_id:46 Succ/Prec:74.5/92.5 tracklet_frames:66
2023/09/12 10:42:23 track_id:48 Succ/Prec:70.1/89.8 tracklet_frames:401
2023/09/12 10:42:28 track_id:47 Succ/Prec:84.2/94.1 tracklet_frames:391
2023/09/12 10:42:30 track_id:49 Succ/Prec:94.9/97.2 tracklet_frames:203
2023/09/12 10:42:31 track_id:67 Succ/Prec:85.1/95.6 tracklet_frames:94
2023/09/12 10:42:33 track_id:53 Succ/Prec:93.3/96.8 tracklet_frames:181
2023/09/12 10:42:36 track_id:57 Succ/Prec:90.0/96.6 tracklet_frames:225
2023/09/12 10:42:39 track_id:56 Succ/Prec:77.3/93.1 tracklet_frames:210
2023/09/12 10:42:40 track_id:54 Succ/Prec:94.7/97.1 tracklet_frames:101
2023/09/12 10:42:42 track_id:55 Succ/Prec:86.7/95.5 tracklet_frames:146
2023/09/12 10:42:43 track_id:58 Succ/Prec:73.8/91.9 tracklet_frames:104
2023/09/12 10:42:45 track_id:60 Succ/Prec:93.5/96.6 tracklet_frames:91
2023/09/12 10:42:47 track_id:61 Succ/Prec:87.8/95.8 tracklet_frames:156
2023/09/12 10:42:48 track_id:62 Succ/Prec:93.3/97.4 tracklet_frames:95
2023/09/12 10:42:50 track_id:68 Succ/Prec:87.5/95.9 tracklet_frames:116
2023/09/12 10:42:51 track_id:69 Succ/Prec:94.5/97.0 tracklet_frames:61
2023/09/12 10:42:52 track_id:71 Succ/Prec:94.2/97.1 tracklet_frames:82
2023/09/12 10:42:52 track_id:70 Succ/Prec:79.5/93.9 tracklet_frames:26
2023/09/12 10:42:53 track_id:66 Succ/Prec:91.7/96.5 tracklet_frames:31
2023/09/12 10:42:54 track_id:75 Succ/Prec:82.5/95.4 tracklet_frames:45
2023/09/12 10:42:54 track_id:74 Succ/Prec:90.8/96.6 tracklet_frames:20
2023/09/12 10:42:55 track_id:98 Succ/Prec:69.4/95.2 tracklet_frames:25
2023/09/12 10:42:55 track_id:99 Succ/Prec:69.6/93.8 tracklet_frames:21
2023/09/12 10:42:56 track_id:77 Succ/Prec:77.6/92.9 tracklet_frames:51
2023/09/12 10:42:57 track_id:86 Succ/Prec:88.7/96.4 tracklet_frames:88
2023/09/12 10:42:58 track_id:85 Succ/Prec:82.9/95.5 tracklet_frames:64
2023/09/12 10:42:59 track_id:84 Succ/Prec:90.5/96.9 tracklet_frames:61
2023/09/12 10:43:00 track_id:83 Succ/Prec:94.7/97.5 tracklet_frames:62
2023/09/12 10:43:00 interval:1 frame:1654 Succ/Prec:81.92563482466747/93.72128174123337
2023/09/12 10:43:00 interval:2 frame:3112 Succ/Prec:86.01140745501286/95.15906169665811
2023/09/12 10:43:00 interval:3 frame:1071 Succ/Prec:87.77544351073763/95.84733893557423
2023/09/12 10:43:00 interval:4 frame:251 Succ/Prec:90.34860557768923/96.36454183266933
2023/09/12 10:43:00 total_tracklet_nums:62 actual_tracklet_nums:62 total_track_anno_nums:6088 actual_track_anno_nums:6088
2023/09/12 10:43:00 key_frame mean Succ/Prec 0/0 key_frame_num 0
2023/09/12 10:43:01 mean Succ/Prec 85.3905223390276/94.9392247043364
