2023/09/12 10:44:47 Namespace(IoU_Space=3, category_name='Pedestrian', data_dir='/2TB/kitti/training', model='/*****/Pedestrian/netR_12.pth', model_dir='kitti_model/Pedestrian', model_fusion='pointcloud', ngpu=1, reference_BB='current_gt', shape_aggregation='firstandprevious', which_dataset='KITTI')
2023/09/12 10:44:47 ======================================================model:/*****/Pedestrian/netR_12.pth
2023/09/12 10:45:00 track_id:1 Succ/Prec:87.4/96.0 tracklet_frames:71
2023/09/12 10:45:02 track_id:4 Succ/Prec:86.2/96.2 tracklet_frames:125
2023/09/12 10:45:04 track_id:14 Succ/Prec:93.3/97.2 tracklet_frames:151
2023/09/12 10:45:05 track_id:7 Succ/Prec:97.5/97.5 tracklet_frames:52
2023/09/12 10:45:06 track_id:10 Succ/Prec:90.2/96.2 tracklet_frames:84
2023/09/12 10:45:06 track_id:5 Succ/Prec:96.4/97.4 tracklet_frames:28
2023/09/12 10:45:07 track_id:12 Succ/Prec:89.4/96.4 tracklet_frames:51
2023/09/12 10:45:08 track_id:6 Succ/Prec:95.6/97.6 tracklet_frames:31
2023/09/12 10:45:08 track_id:8 Succ/Prec:80.2/94.4 tracklet_frames:45
2023/09/12 10:45:09 track_id:15 Succ/Prec:95.5/97.3 tracklet_frames:62
2023/09/12 10:45:10 track_id:13 Succ/Prec:88.4/95.7 tracklet_frames:61
2023/09/12 10:45:11 track_id:9 Succ/Prec:92.7/97.0 tracklet_frames:27
2023/09/12 10:45:12 track_id:16 Succ/Prec:96.9/97.5 tracklet_frames:53
2023/09/12 10:45:13 track_id:17 Succ/Prec:96.8/97.4 tracklet_frames:46
2023/09/12 10:45:14 track_id:43 Succ/Prec:91.5/95.7 tracklet_frames:94
2023/09/12 10:45:16 track_id:27 Succ/Prec:93.3/96.8 tracklet_frames:215
2023/09/12 10:45:19 track_id:34 Succ/Prec:77.9/91.6 tracklet_frames:211
2023/09/12 10:45:20 track_id:25 Succ/Prec:73.6/92.0 tracklet_frames:60
2023/09/12 10:45:21 track_id:26 Succ/Prec:90.3/96.2 tracklet_frames:57
2023/09/12 10:45:22 track_id:19 Succ/Prec:95.7/97.4 tracklet_frames:41
2023/09/12 10:45:23 track_id:33 Succ/Prec:87.6/95.2 tracklet_frames:156
2023/09/12 10:45:24 track_id:20 Succ/Prec:97.1/97.7 tracklet_frames:14
2023/09/12 10:45:29 track_id:37 Succ/Prec:84.8/95.3 tracklet_frames:203
2023/09/12 10:45:29 track_id:44 Succ/Prec:91.8/96.0 tracklet_frames:46
2023/09/12 10:45:31 track_id:40 Succ/Prec:91.4/96.4 tracklet_frames:150
2023/09/12 10:45:33 track_id:28 Succ/Prec:90.0/96.3 tracklet_frames:68
2023/09/12 10:45:34 track_id:29 Succ/Prec:92.5/96.7 tracklet_frames:63
2023/09/12 10:45:35 track_id:31 Succ/Prec:67.4/88.7 tracklet_frames:49
2023/09/12 10:45:36 track_id:32 Succ/Prec:85.2/95.6 tracklet_frames:39
2023/09/12 10:45:38 track_id:36 Succ/Prec:83.6/94.9 tracklet_frames:129
2023/09/12 10:45:39 track_id:35 Succ/Prec:93.3/97.2 tracklet_frames:122
2023/09/12 10:45:41 track_id:39 Succ/Prec:84.7/94.1 tracklet_frames:106
2023/09/12 10:45:43 track_id:41 Succ/Prec:29.9/76.6 tracklet_frames:100
2023/09/12 10:45:44 track_id:38 Succ/Prec:92.3/95.5 tracklet_frames:61
2023/09/12 10:45:45 track_id:46 Succ/Prec:77.4/93.8 tracklet_frames:66
2023/09/12 10:45:50 track_id:48 Succ/Prec:79.5/92.9 tracklet_frames:401
2023/09/12 10:45:54 track_id:47 Succ/Prec:71.9/89.2 tracklet_frames:391
2023/09/12 10:45:57 track_id:49 Succ/Prec:96.3/97.4 tracklet_frames:203
2023/09/12 10:45:58 track_id:67 Succ/Prec:86.9/95.9 tracklet_frames:94
2023/09/12 10:46:00 track_id:53 Succ/Prec:93.6/96.9 tracklet_frames:181
2023/09/12 10:46:03 track_id:57 Succ/Prec:92.4/97.0 tracklet_frames:225
2023/09/12 10:46:05 track_id:56 Succ/Prec:77.9/93.6 tracklet_frames:210
2023/09/12 10:46:07 track_id:54 Succ/Prec:94.6/97.1 tracklet_frames:101
2023/09/12 10:46:08 track_id:55 Succ/Prec:84.3/94.5 tracklet_frames:146
2023/09/12 10:46:10 track_id:58 Succ/Prec:42.9/80.3 tracklet_frames:104
2023/09/12 10:46:11 track_id:60 Succ/Prec:95.4/97.3 tracklet_frames:91
2023/09/12 10:46:14 track_id:61 Succ/Prec:86.9/95.5 tracklet_frames:156
2023/09/12 10:46:15 track_id:62 Succ/Prec:92.8/97.3 tracklet_frames:95
2023/09/12 10:46:17 track_id:68 Succ/Prec:87.7/95.5 tracklet_frames:116
2023/09/12 10:46:18 track_id:69 Succ/Prec:94.3/97.0 tracklet_frames:61
2023/09/12 10:46:19 track_id:71 Succ/Prec:95.0/97.2 tracklet_frames:82
2023/09/12 10:46:19 track_id:70 Succ/Prec:81.6/94.7 tracklet_frames:26
2023/09/12 10:46:20 track_id:66 Succ/Prec:94.0/97.1 tracklet_frames:31
2023/09/12 10:46:21 track_id:75 Succ/Prec:89.1/96.6 tracklet_frames:45
2023/09/12 10:46:21 track_id:74 Succ/Prec:93.8/97.1 tracklet_frames:20
2023/09/12 10:46:22 track_id:98 Succ/Prec:82.8/96.4 tracklet_frames:25
2023/09/12 10:46:22 track_id:99 Succ/Prec:81.1/96.2 tracklet_frames:21
2023/09/12 10:46:23 track_id:77 Succ/Prec:73.2/92.5 tracklet_frames:51
2023/09/12 10:46:24 track_id:86 Succ/Prec:88.9/96.3 tracklet_frames:88
2023/09/12 10:46:25 track_id:85 Succ/Prec:83.6/95.7 tracklet_frames:64
2023/09/12 10:46:26 track_id:84 Succ/Prec:89.2/96.6 tracklet_frames:61
2023/09/12 10:46:27 track_id:83 Succ/Prec:95.6/97.5 tracklet_frames:62
2023/09/12 10:46:27 interval:1 frame:1654 Succ/Prec:84.85187424425635/94.32889963724304
2023/09/12 10:46:27 interval:2 frame:3112 Succ/Prec:84.83852827763498/94.56137532133675
2023/09/12 10:46:27 interval:3 frame:1071 Succ/Prec:85.75863678804856/94.86694677871148
2023/09/12 10:46:27 interval:4 frame:251 Succ/Prec:90.82669322709164/96.56374501992032
2023/09/12 10:46:27 total_tracklet_nums:62 actual_tracklet_nums:62 total_track_anno_nums:6088 actual_track_anno_nums:6088
2023/09/12 10:46:27 key_frame mean Succ/Prec 0/0 key_frame_num 0
2023/09/12 10:46:28 mean Succ/Prec 85.25090341655716/94.63452693823916
