2023/09/12 11:00:18 Namespace(IoU_Space=3, category_name='Pedestrian', data_dir='/2TB/kitti/training', model='/*****/Pedestrian/netR_21.pth', model_dir='kitti_model/Pedestrian', model_fusion='pointcloud', ngpu=1, reference_BB='current_gt', shape_aggregation='firstandprevious', which_dataset='KITTI')
2023/09/12 11:00:18 ======================================================model:/*****/Pedestrian/netR_21.pth
2023/09/12 11:00:31 track_id:1 Succ/Prec:85.0/95.6 tracklet_frames:71
2023/09/12 11:00:33 track_id:4 Succ/Prec:84.5/96.2 tracklet_frames:125
2023/09/12 11:00:35 track_id:14 Succ/Prec:91.9/96.9 tracklet_frames:151
2023/09/12 11:00:36 track_id:7 Succ/Prec:97.5/97.5 tracklet_frames:52
2023/09/12 11:00:37 track_id:10 Succ/Prec:90.8/96.4 tracklet_frames:84
2023/09/12 11:00:38 track_id:5 Succ/Prec:97.0/97.6 tracklet_frames:28
2023/09/12 11:00:38 track_id:12 Succ/Prec:87.5/96.2 tracklet_frames:51
2023/09/12 11:00:39 track_id:6 Succ/Prec:95.2/97.6 tracklet_frames:31
2023/09/12 11:00:40 track_id:8 Succ/Prec:82.2/94.7 tracklet_frames:45
2023/09/12 11:00:41 track_id:15 Succ/Prec:96.9/97.5 tracklet_frames:62
2023/09/12 11:00:42 track_id:13 Succ/Prec:85.0/94.9 tracklet_frames:61
2023/09/12 11:00:42 track_id:9 Succ/Prec:94.2/97.4 tracklet_frames:27
2023/09/12 11:00:43 track_id:16 Succ/Prec:96.8/97.5 tracklet_frames:53
2023/09/12 11:00:44 track_id:17 Succ/Prec:96.5/97.3 tracklet_frames:46
2023/09/12 11:00:45 track_id:43 Succ/Prec:92.4/96.5 tracklet_frames:94
2023/09/12 11:00:48 track_id:27 Succ/Prec:91.7/96.7 tracklet_frames:215
2023/09/12 11:00:51 track_id:34 Succ/Prec:74.9/91.1 tracklet_frames:211
2023/09/12 11:00:52 track_id:25 Succ/Prec:85.6/94.9 tracklet_frames:60
2023/09/12 11:00:53 track_id:26 Succ/Prec:89.8/96.3 tracklet_frames:57
2023/09/12 11:00:53 track_id:19 Succ/Prec:94.0/97.1 tracklet_frames:41
2023/09/12 11:00:55 track_id:33 Succ/Prec:86.2/95.3 tracklet_frames:156
2023/09/12 11:00:56 track_id:20 Succ/Prec:96.1/97.7 tracklet_frames:14
2023/09/12 11:01:00 track_id:37 Succ/Prec:78.9/94.0 tracklet_frames:203
2023/09/12 11:01:01 track_id:44 Succ/Prec:90.4/95.5 tracklet_frames:46
2023/09/12 11:01:04 track_id:40 Succ/Prec:89.9/96.5 tracklet_frames:150
2023/09/12 11:01:05 track_id:28 Succ/Prec:91.5/96.7 tracklet_frames:68
2023/09/12 11:01:06 track_id:29 Succ/Prec:90.9/96.1 tracklet_frames:63
2023/09/12 11:01:07 track_id:31 Succ/Prec:80.5/93.4 tracklet_frames:49
2023/09/12 11:01:09 track_id:32 Succ/Prec:83.3/95.4 tracklet_frames:39
2023/09/12 11:01:10 track_id:36 Succ/Prec:79.3/93.0 tracklet_frames:129
2023/09/12 11:01:12 track_id:35 Succ/Prec:90.6/96.9 tracklet_frames:122
2023/09/12 11:01:14 track_id:39 Succ/Prec:79.0/92.9 tracklet_frames:106
2023/09/12 11:01:15 track_id:41 Succ/Prec:38.0/80.2 tracklet_frames:100
2023/09/12 11:01:16 track_id:38 Succ/Prec:91.5/95.6 tracklet_frames:61
2023/09/12 11:01:17 track_id:46 Succ/Prec:78.0/93.7 tracklet_frames:66
2023/09/12 11:01:22 track_id:48 Succ/Prec:73.1/91.0 tracklet_frames:401
2023/09/12 11:01:26 track_id:47 Succ/Prec:72.7/89.9 tracklet_frames:391
2023/09/12 11:01:29 track_id:49 Succ/Prec:94.8/97.2 tracklet_frames:203
2023/09/12 11:01:30 track_id:67 Succ/Prec:86.6/96.0 tracklet_frames:94
2023/09/12 11:01:32 track_id:53 Succ/Prec:92.3/96.8 tracklet_frames:181
2023/09/12 11:01:35 track_id:57 Succ/Prec:91.8/96.8 tracklet_frames:225
2023/09/12 11:01:37 track_id:56 Succ/Prec:75.1/92.8 tracklet_frames:210
2023/09/12 11:01:39 track_id:54 Succ/Prec:94.4/97.2 tracklet_frames:101
2023/09/12 11:01:41 track_id:55 Succ/Prec:82.7/94.0 tracklet_frames:146
2023/09/12 11:01:42 track_id:58 Succ/Prec:46.6/81.2 tracklet_frames:104
2023/09/12 11:01:43 track_id:60 Succ/Prec:95.2/97.3 tracklet_frames:91
2023/09/12 11:01:45 track_id:61 Succ/Prec:87.6/95.7 tracklet_frames:156
2023/09/12 11:01:47 track_id:62 Succ/Prec:91.1/97.1 tracklet_frames:95
2023/09/12 11:01:48 track_id:68 Succ/Prec:86.0/95.1 tracklet_frames:116
2023/09/12 11:01:49 track_id:69 Succ/Prec:92.1/96.4 tracklet_frames:61
2023/09/12 11:01:50 track_id:71 Succ/Prec:94.2/96.9 tracklet_frames:82
2023/09/12 11:01:51 track_id:70 Succ/Prec:80.1/93.8 tracklet_frames:26
2023/09/12 11:01:52 track_id:66 Succ/Prec:94.9/97.3 tracklet_frames:31
2023/09/12 11:01:52 track_id:75 Succ/Prec:87.8/96.3 tracklet_frames:45
2023/09/12 11:01:53 track_id:74 Succ/Prec:92.5/97.1 tracklet_frames:20
2023/09/12 11:01:53 track_id:98 Succ/Prec:82.2/96.2 tracklet_frames:25
2023/09/12 11:01:54 track_id:99 Succ/Prec:78.0/96.0 tracklet_frames:21
2023/09/12 11:01:55 track_id:77 Succ/Prec:76.4/92.8 tracklet_frames:51
2023/09/12 11:01:56 track_id:86 Succ/Prec:89.2/96.3 tracklet_frames:88
2023/09/12 11:01:57 track_id:85 Succ/Prec:81.0/95.3 tracklet_frames:64
2023/09/12 11:01:58 track_id:84 Succ/Prec:85.4/95.7 tracklet_frames:61
2023/09/12 11:01:59 track_id:83 Succ/Prec:94.6/97.5 tracklet_frames:62
2023/09/12 11:01:59 interval:1 frame:1654 Succ/Prec:84.10217654171706/94.16263603385731
2023/09/12 11:01:59 interval:2 frame:3112 Succ/Prec:83.58210154241644/94.34447300771208
2023/09/12 11:01:59 interval:3 frame:1071 Succ/Prec:84.4140989729225/94.8202614379085
2023/09/12 11:01:59 interval:4 frame:251 Succ/Prec:88.93426294820718/96.24501992031873
2023/09/12 11:01:59 total_tracklet_nums:62 actual_tracklet_nums:62 total_track_anno_nums:6088 actual_track_anno_nums:6088
2023/09/12 11:01:59 key_frame mean Succ/Prec 0/0 key_frame_num 0
2023/09/12 11:01:59 mean Succ/Prec 84.09042378449408/94.45712877792378
