2023/09/12 11:08:54 Namespace(IoU_Space=3, category_name='Pedestrian', data_dir='/2TB/kitti/training', model='/*****/Pedestrian/netR_26.pth', model_dir='kitti_model/Pedestrian', model_fusion='pointcloud', ngpu=1, reference_BB='current_gt', shape_aggregation='firstandprevious', which_dataset='KITTI')
2023/09/12 11:08:54 ======================================================model:/*****/Pedestrian/netR_26.pth
2023/09/12 11:09:07 track_id:1 Succ/Prec:86.6/95.8 tracklet_frames:71
2023/09/12 11:09:09 track_id:4 Succ/Prec:85.1/96.1 tracklet_frames:125
2023/09/12 11:09:11 track_id:14 Succ/Prec:92.9/97.1 tracklet_frames:151
2023/09/12 11:09:12 track_id:7 Succ/Prec:97.5/97.5 tracklet_frames:52
2023/09/12 11:09:13 track_id:10 Succ/Prec:90.7/96.4 tracklet_frames:84
2023/09/12 11:09:13 track_id:5 Succ/Prec:96.6/97.6 tracklet_frames:28
2023/09/12 11:09:14 track_id:12 Succ/Prec:88.6/96.2 tracklet_frames:51
2023/09/12 11:09:14 track_id:6 Succ/Prec:95.0/97.4 tracklet_frames:31
2023/09/12 11:09:15 track_id:8 Succ/Prec:83.0/94.7 tracklet_frames:45
2023/09/12 11:09:16 track_id:15 Succ/Prec:97.0/97.5 tracklet_frames:62
2023/09/12 11:09:17 track_id:13 Succ/Prec:85.7/94.8 tracklet_frames:61
2023/09/12 11:09:18 track_id:9 Succ/Prec:94.7/97.4 tracklet_frames:27
2023/09/12 11:09:19 track_id:16 Succ/Prec:97.1/97.5 tracklet_frames:53
2023/09/12 11:09:19 track_id:17 Succ/Prec:96.4/97.3 tracklet_frames:46
2023/09/12 11:09:20 track_id:43 Succ/Prec:91.5/96.0 tracklet_frames:94
2023/09/12 11:09:23 track_id:27 Succ/Prec:92.2/96.5 tracklet_frames:215
2023/09/12 11:09:26 track_id:34 Succ/Prec:76.5/91.4 tracklet_frames:211
2023/09/12 11:09:27 track_id:25 Succ/Prec:83.9/94.5 tracklet_frames:60
2023/09/12 11:09:28 track_id:26 Succ/Prec:89.3/96.0 tracklet_frames:57
2023/09/12 11:09:28 track_id:19 Succ/Prec:95.1/97.3 tracklet_frames:41
2023/09/12 11:09:30 track_id:33 Succ/Prec:86.8/95.6 tracklet_frames:156
2023/09/12 11:09:31 track_id:20 Succ/Prec:96.4/97.7 tracklet_frames:14
2023/09/12 11:09:35 track_id:37 Succ/Prec:82.1/94.7 tracklet_frames:203
2023/09/12 11:09:36 track_id:44 Succ/Prec:90.7/95.5 tracklet_frames:46
2023/09/12 11:09:38 track_id:40 Succ/Prec:90.4/96.4 tracklet_frames:150
2023/09/12 11:09:39 track_id:28 Succ/Prec:91.9/96.7 tracklet_frames:68
2023/09/12 11:09:41 track_id:29 Succ/Prec:91.0/96.1 tracklet_frames:63
2023/09/12 11:09:42 track_id:31 Succ/Prec:79.8/93.0 tracklet_frames:49
2023/09/12 11:09:43 track_id:32 Succ/Prec:85.4/95.9 tracklet_frames:39
2023/09/12 11:09:45 track_id:36 Succ/Prec:81.7/94.1 tracklet_frames:129
2023/09/12 11:09:46 track_id:35 Succ/Prec:91.7/97.0 tracklet_frames:122
2023/09/12 11:09:48 track_id:39 Succ/Prec:81.7/93.6 tracklet_frames:106
2023/09/12 11:09:50 track_id:41 Succ/Prec:36.6/79.3 tracklet_frames:100
2023/09/12 11:09:51 track_id:38 Succ/Prec:92.6/95.6 tracklet_frames:61
2023/09/12 11:09:52 track_id:46 Succ/Prec:78.9/94.2 tracklet_frames:66
2023/09/12 11:09:56 track_id:48 Succ/Prec:75.2/91.4 tracklet_frames:401
2023/09/12 11:10:01 track_id:47 Succ/Prec:74.9/90.4 tracklet_frames:391
2023/09/12 11:10:03 track_id:49 Succ/Prec:95.4/97.2 tracklet_frames:203
2023/09/12 11:10:05 track_id:67 Succ/Prec:88.3/96.2 tracklet_frames:94
2023/09/12 11:10:07 track_id:53 Succ/Prec:93.2/96.9 tracklet_frames:181
2023/09/12 11:10:10 track_id:57 Succ/Prec:93.2/97.1 tracklet_frames:225
2023/09/12 11:10:12 track_id:56 Succ/Prec:76.2/93.0 tracklet_frames:210
2023/09/12 11:10:13 track_id:54 Succ/Prec:94.6/97.3 tracklet_frames:101
2023/09/12 11:10:15 track_id:55 Succ/Prec:83.8/94.2 tracklet_frames:146
2023/09/12 11:10:17 track_id:58 Succ/Prec:49.3/82.5 tracklet_frames:104
2023/09/12 11:10:18 track_id:60 Succ/Prec:95.5/97.3 tracklet_frames:91
2023/09/12 11:10:20 track_id:61 Succ/Prec:88.4/95.8 tracklet_frames:156
2023/09/12 11:10:22 track_id:62 Succ/Prec:92.6/97.2 tracklet_frames:95
2023/09/12 11:10:23 track_id:68 Succ/Prec:87.5/95.8 tracklet_frames:116
2023/09/12 11:10:24 track_id:69 Succ/Prec:94.2/97.0 tracklet_frames:61
2023/09/12 11:10:25 track_id:71 Succ/Prec:94.6/97.0 tracklet_frames:82
2023/09/12 11:10:26 track_id:70 Succ/Prec:81.2/94.5 tracklet_frames:26
2023/09/12 11:10:26 track_id:66 Succ/Prec:94.9/97.4 tracklet_frames:31
2023/09/12 11:10:27 track_id:75 Succ/Prec:88.3/96.6 tracklet_frames:45
2023/09/12 11:10:28 track_id:74 Succ/Prec:93.0/97.1 tracklet_frames:20
2023/09/12 11:10:28 track_id:98 Succ/Prec:81.0/96.2 tracklet_frames:25
2023/09/12 11:10:29 track_id:99 Succ/Prec:83.5/97.4 tracklet_frames:21
2023/09/12 11:10:29 track_id:77 Succ/Prec:75.6/92.7 tracklet_frames:51
2023/09/12 11:10:31 track_id:86 Succ/Prec:89.5/96.3 tracklet_frames:88
2023/09/12 11:10:32 track_id:85 Succ/Prec:80.9/95.3 tracklet_frames:64
2023/09/12 11:10:33 track_id:84 Succ/Prec:85.9/95.7 tracklet_frames:61
2023/09/12 11:10:34 track_id:83 Succ/Prec:95.4/97.5 tracklet_frames:62
2023/09/12 11:10:34 interval:1 frame:1654 Succ/Prec:84.78234582829505/94.2956469165659
2023/09/12 11:10:34 interval:2 frame:3112 Succ/Prec:84.67303984575835/94.56780205655527
2023/09/12 11:10:34 interval:3 frame:1071 Succ/Prec:85.93137254901961/95.1330532212885
2023/09/12 11:10:34 interval:4 frame:251 Succ/Prec:89.77091633466135/96.24501992031873
2023/09/12 11:10:34 total_tracklet_nums:62 actual_tracklet_nums:62 total_track_anno_nums:6088 actual_track_anno_nums:6088
2023/09/12 11:10:34 key_frame mean Succ/Prec 0/0 key_frame_num 0
2023/09/12 11:10:34 mean Succ/Prec 85.13428055190539/94.66245072273325
