2023/09/12 10:49:58 Namespace(IoU_Space=3, category_name='Pedestrian', data_dir='/2TB/kitti/training', model='/*****/Pedestrian/netR_15.pth', model_dir='kitti_model/Pedestrian', model_fusion='pointcloud', ngpu=1, reference_BB='current_gt', shape_aggregation='firstandprevious', which_dataset='KITTI')
2023/09/12 10:49:58 ======================================================model:/*****/Pedestrian/netR_15.pth
2023/09/12 10:50:11 track_id:1 Succ/Prec:83.1/95.2 tracklet_frames:71
2023/09/12 10:50:13 track_id:4 Succ/Prec:82.2/95.8 tracklet_frames:125
2023/09/12 10:50:15 track_id:14 Succ/Prec:92.2/96.9 tracklet_frames:151
2023/09/12 10:50:15 track_id:7 Succ/Prec:97.0/97.5 tracklet_frames:52
2023/09/12 10:50:17 track_id:10 Succ/Prec:90.0/96.3 tracklet_frames:84
2023/09/12 10:50:17 track_id:5 Succ/Prec:96.4/97.4 tracklet_frames:28
2023/09/12 10:50:18 track_id:12 Succ/Prec:88.8/96.3 tracklet_frames:51
2023/09/12 10:50:19 track_id:6 Succ/Prec:93.1/97.4 tracklet_frames:31
2023/09/12 10:50:19 track_id:8 Succ/Prec:78.0/94.1 tracklet_frames:45
2023/09/12 10:50:20 track_id:15 Succ/Prec:95.6/97.4 tracklet_frames:62
2023/09/12 10:50:21 track_id:13 Succ/Prec:85.7/95.1 tracklet_frames:61
2023/09/12 10:50:22 track_id:9 Succ/Prec:92.5/97.0 tracklet_frames:27
2023/09/12 10:50:23 track_id:16 Succ/Prec:96.8/97.5 tracklet_frames:53
2023/09/12 10:50:23 track_id:17 Succ/Prec:96.4/97.3 tracklet_frames:46
2023/09/12 10:50:25 track_id:43 Succ/Prec:89.0/95.2 tracklet_frames:94
2023/09/12 10:50:27 track_id:27 Succ/Prec:91.2/96.5 tracklet_frames:215
2023/09/12 10:50:30 track_id:34 Succ/Prec:74.0/91.1 tracklet_frames:211
2023/09/12 10:50:31 track_id:25 Succ/Prec:78.8/93.7 tracklet_frames:60
2023/09/12 10:50:32 track_id:26 Succ/Prec:89.5/96.6 tracklet_frames:57
2023/09/12 10:50:33 track_id:19 Succ/Prec:94.5/97.3 tracklet_frames:41
2023/09/12 10:50:34 track_id:33 Succ/Prec:85.4/95.5 tracklet_frames:156
2023/09/12 10:50:35 track_id:20 Succ/Prec:96.4/97.7 tracklet_frames:14
2023/09/12 10:50:40 track_id:37 Succ/Prec:78.6/94.1 tracklet_frames:203
2023/09/12 10:50:41 track_id:44 Succ/Prec:88.3/94.7 tracklet_frames:46
2023/09/12 10:50:43 track_id:40 Succ/Prec:88.4/96.2 tracklet_frames:150
2023/09/12 10:50:44 track_id:28 Succ/Prec:90.9/96.4 tracklet_frames:68
2023/09/12 10:50:46 track_id:29 Succ/Prec:89.7/95.8 tracklet_frames:63
2023/09/12 10:50:47 track_id:31 Succ/Prec:80.3/93.5 tracklet_frames:49
2023/09/12 10:50:48 track_id:32 Succ/Prec:85.1/96.2 tracklet_frames:39
2023/09/12 10:50:50 track_id:36 Succ/Prec:79.0/93.4 tracklet_frames:129
2023/09/12 10:50:52 track_id:35 Succ/Prec:87.6/95.9 tracklet_frames:122
2023/09/12 10:50:53 track_id:39 Succ/Prec:81.4/94.5 tracklet_frames:106
2023/09/12 10:50:55 track_id:41 Succ/Prec:42.3/82.6 tracklet_frames:100
2023/09/12 10:50:56 track_id:38 Succ/Prec:86.3/93.4 tracklet_frames:61
2023/09/12 10:50:57 track_id:46 Succ/Prec:80.4/94.9 tracklet_frames:66
2023/09/12 10:51:02 track_id:48 Succ/Prec:74.6/91.4 tracklet_frames:401
2023/09/12 10:51:06 track_id:47 Succ/Prec:73.0/89.7 tracklet_frames:391
2023/09/12 10:51:08 track_id:49 Succ/Prec:94.0/97.2 tracklet_frames:203
2023/09/12 10:51:10 track_id:67 Succ/Prec:86.4/96.0 tracklet_frames:94
2023/09/12 10:51:12 track_id:53 Succ/Prec:90.8/96.5 tracklet_frames:181
2023/09/12 10:51:15 track_id:57 Succ/Prec:91.2/96.9 tracklet_frames:225
2023/09/12 10:51:17 track_id:56 Succ/Prec:73.5/92.4 tracklet_frames:210
2023/09/12 10:51:18 track_id:54 Succ/Prec:94.2/97.2 tracklet_frames:101
2023/09/12 10:51:20 track_id:55 Succ/Prec:81.9/94.1 tracklet_frames:146
2023/09/12 10:51:22 track_id:58 Succ/Prec:39.5/79.0 tracklet_frames:104
2023/09/12 10:51:23 track_id:60 Succ/Prec:95.1/97.3 tracklet_frames:91
2023/09/12 10:51:25 track_id:61 Succ/Prec:86.7/95.6 tracklet_frames:156
2023/09/12 10:51:27 track_id:62 Succ/Prec:88.3/97.0 tracklet_frames:95
2023/09/12 10:51:28 track_id:68 Succ/Prec:84.2/95.0 tracklet_frames:116
2023/09/12 10:51:29 track_id:69 Succ/Prec:89.8/96.1 tracklet_frames:61
2023/09/12 10:51:30 track_id:71 Succ/Prec:93.7/96.9 tracklet_frames:82
2023/09/12 10:51:31 track_id:70 Succ/Prec:79.9/94.3 tracklet_frames:26
2023/09/12 10:51:31 track_id:66 Succ/Prec:92.7/97.1 tracklet_frames:31
2023/09/12 10:51:32 track_id:75 Succ/Prec:86.6/96.3 tracklet_frames:45
2023/09/12 10:51:33 track_id:74 Succ/Prec:90.5/96.9 tracklet_frames:20
2023/09/12 10:51:33 track_id:98 Succ/Prec:72.4/95.0 tracklet_frames:25
2023/09/12 10:51:34 track_id:99 Succ/Prec:76.8/95.7 tracklet_frames:21
2023/09/12 10:51:35 track_id:77 Succ/Prec:72.5/92.5 tracklet_frames:51
2023/09/12 10:51:36 track_id:86 Succ/Prec:86.3/96.0 tracklet_frames:88
2023/09/12 10:51:37 track_id:85 Succ/Prec:78.7/94.9 tracklet_frames:64
2023/09/12 10:51:38 track_id:84 Succ/Prec:83.9/95.5 tracklet_frames:61
2023/09/12 10:51:39 track_id:83 Succ/Prec:93.0/97.3 tracklet_frames:62
2023/09/12 10:51:39 interval:1 frame:1654 Succ/Prec:84.35912938331319/94.42563482466747
2023/09/12 10:51:39 interval:2 frame:3112 Succ/Prec:82.64219151670952/94.24967866323907
2023/09/12 10:51:39 interval:3 frame:1071 Succ/Prec:82.09383753501402/94.33006535947712
2023/09/12 10:51:39 interval:4 frame:251 Succ/Prec:87.50000000000001/95.86653386454182
2023/09/12 10:51:39 total_tracklet_nums:62 actual_tracklet_nums:62 total_track_anno_nums:6088 actual_track_anno_nums:6088
2023/09/12 10:51:39 key_frame mean Succ/Prec 0/0 key_frame_num 0
2023/09/12 10:51:39 mean Succ/Prec 83.21246714848883/94.37828515111694
