2023/09/12 11:10:37 Namespace(IoU_Space=3, category_name='Pedestrian', data_dir='/2TB/kitti/training', model='*****/Pedestrian/netR_27.pth', model_dir='kitti_model/Pedestrian', model_fusion='pointcloud', ngpu=1, reference_BB='current_gt', shape_aggregation='firstandprevious', which_dataset='KITTI')
2023/09/12 11:10:37 ======================================================model:/*****/Pedestrian/netR_27.pth
2023/09/12 11:10:50 track_id:1 Succ/Prec:83.3/95.3 tracklet_frames:71
2023/09/12 11:10:52 track_id:4 Succ/Prec:83.8/95.9 tracklet_frames:125
2023/09/12 11:10:54 track_id:14 Succ/Prec:92.0/97.0 tracklet_frames:151
2023/09/12 11:10:55 track_id:7 Succ/Prec:97.5/97.5 tracklet_frames:52
2023/09/12 11:10:56 track_id:10 Succ/Prec:90.3/96.3 tracklet_frames:84
2023/09/12 11:10:56 track_id:5 Succ/Prec:96.6/97.6 tracklet_frames:28
2023/09/12 11:10:57 track_id:12 Succ/Prec:88.4/96.2 tracklet_frames:51
2023/09/12 11:10:58 track_id:6 Succ/Prec:93.7/97.3 tracklet_frames:31
2023/09/12 11:10:58 track_id:8 Succ/Prec:81.0/94.4 tracklet_frames:45
2023/09/12 11:10:59 track_id:15 Succ/Prec:96.8/97.5 tracklet_frames:62
2023/09/12 11:11:01 track_id:13 Succ/Prec:84.3/94.7 tracklet_frames:61
2023/09/12 11:11:01 track_id:9 Succ/Prec:93.2/97.2 tracklet_frames:27
2023/09/12 11:11:02 track_id:16 Succ/Prec:97.1/97.5 tracklet_frames:53
2023/09/12 11:11:02 track_id:17 Succ/Prec:96.4/97.3 tracklet_frames:46
2023/09/12 11:11:04 track_id:43 Succ/Prec:90.8/95.7 tracklet_frames:94
2023/09/12 11:11:06 track_id:27 Succ/Prec:91.0/96.4 tracklet_frames:215
2023/09/12 11:11:09 track_id:34 Succ/Prec:75.2/91.3 tracklet_frames:211
2023/09/12 11:11:10 track_id:25 Succ/Prec:80.6/93.3 tracklet_frames:60
2023/09/12 11:11:11 track_id:26 Succ/Prec:89.5/96.3 tracklet_frames:57
2023/09/12 11:11:12 track_id:19 Succ/Prec:94.2/97.3 tracklet_frames:41
2023/09/12 11:11:13 track_id:33 Succ/Prec:86.1/95.6 tracklet_frames:156
2023/09/12 11:11:14 track_id:20 Succ/Prec:96.4/97.7 tracklet_frames:14
2023/09/12 11:11:19 track_id:37 Succ/Prec:79.1/94.1 tracklet_frames:203
2023/09/12 11:11:20 track_id:44 Succ/Prec:90.0/95.4 tracklet_frames:46
2023/09/12 11:11:22 track_id:40 Succ/Prec:89.4/96.2 tracklet_frames:150
2023/09/12 11:11:23 track_id:28 Succ/Prec:91.1/96.6 tracklet_frames:68
2023/09/12 11:11:25 track_id:29 Succ/Prec:90.7/96.1 tracklet_frames:63
2023/09/12 11:11:26 track_id:31 Succ/Prec:78.9/92.6 tracklet_frames:49
2023/09/12 11:11:27 track_id:32 Succ/Prec:84.2/95.9 tracklet_frames:39
2023/09/12 11:11:29 track_id:36 Succ/Prec:78.2/92.9 tracklet_frames:129
2023/09/12 11:11:30 track_id:35 Succ/Prec:89.0/96.1 tracklet_frames:122
2023/09/12 11:11:32 track_id:39 Succ/Prec:80.2/93.9 tracklet_frames:106
2023/09/12 11:11:33 track_id:41 Succ/Prec:34.5/78.4 tracklet_frames:100
2023/09/12 11:11:34 track_id:38 Succ/Prec:89.7/95.4 tracklet_frames:61
2023/09/12 11:11:36 track_id:46 Succ/Prec:77.7/94.0 tracklet_frames:66
2023/09/12 11:11:40 track_id:48 Succ/Prec:73.6/91.4 tracklet_frames:401
2023/09/12 11:11:45 track_id:47 Succ/Prec:72.3/89.4 tracklet_frames:391
2023/09/12 11:11:47 track_id:49 Succ/Prec:94.4/97.2 tracklet_frames:203
2023/09/12 11:11:48 track_id:67 Succ/Prec:86.3/95.9 tracklet_frames:94
2023/09/12 11:11:50 track_id:53 Succ/Prec:91.9/96.7 tracklet_frames:181
2023/09/12 11:11:53 track_id:57 Succ/Prec:92.3/97.0 tracklet_frames:225
2023/09/12 11:11:56 track_id:56 Succ/Prec:73.9/92.4 tracklet_frames:210
2023/09/12 11:11:57 track_id:54 Succ/Prec:93.8/97.1 tracklet_frames:101
2023/09/12 11:11:59 track_id:55 Succ/Prec:82.6/94.0 tracklet_frames:146
2023/09/12 11:12:01 track_id:58 Succ/Prec:45.5/81.2 tracklet_frames:104
2023/09/12 11:12:02 track_id:60 Succ/Prec:95.5/97.3 tracklet_frames:91
2023/09/12 11:12:04 track_id:61 Succ/Prec:86.6/95.5 tracklet_frames:156
2023/09/12 11:12:06 track_id:62 Succ/Prec:90.1/97.1 tracklet_frames:95
2023/09/12 11:12:07 track_id:68 Succ/Prec:85.2/95.1 tracklet_frames:116
2023/09/12 11:12:08 track_id:69 Succ/Prec:92.2/96.9 tracklet_frames:61
2023/09/12 11:12:09 track_id:71 Succ/Prec:93.8/96.9 tracklet_frames:82
2023/09/12 11:12:10 track_id:70 Succ/Prec:79.3/93.8 tracklet_frames:26
2023/09/12 11:12:10 track_id:66 Succ/Prec:94.3/97.1 tracklet_frames:31
2023/09/12 11:12:11 track_id:75 Succ/Prec:86.8/96.3 tracklet_frames:45
2023/09/12 11:12:12 track_id:74 Succ/Prec:90.8/96.6 tracklet_frames:20
2023/09/12 11:12:12 track_id:98 Succ/Prec:78.6/96.2 tracklet_frames:25
2023/09/12 11:12:13 track_id:99 Succ/Prec:83.2/97.4 tracklet_frames:21
2023/09/12 11:12:14 track_id:77 Succ/Prec:73.8/92.4 tracklet_frames:51
2023/09/12 11:12:15 track_id:86 Succ/Prec:87.9/96.1 tracklet_frames:88
2023/09/12 11:12:16 track_id:85 Succ/Prec:79.4/95.4 tracklet_frames:64
2023/09/12 11:12:17 track_id:84 Succ/Prec:84.6/95.5 tracklet_frames:61
2023/09/12 11:12:18 track_id:83 Succ/Prec:94.1/97.4 tracklet_frames:62
2023/09/12 11:12:18 interval:1 frame:1654 Succ/Prec:84.05380894800484/94.18077388149939
2023/09/12 11:12:18 interval:2 frame:3112 Succ/Prec:82.82374678663238/94.17898457583547
2023/09/12 11:12:18 interval:3 frame:1071 Succ/Prec:83.85854341736695/94.7595704948646
2023/09/12 11:12:18 interval:4 frame:251 Succ/Prec:88.67529880478088/96.24501992031873
2023/09/12 11:12:18 total_tracklet_nums:62 actual_tracklet_nums:62 total_track_anno_nums:6088 actual_track_anno_nums:6088
2023/09/12 11:12:18 key_frame mean Succ/Prec 0/0 key_frame_num 0
2023/09/12 11:12:19 mean Succ/Prec 83.58122536136662/94.36678712220761
