2023/09/12 10:51:42 Namespace(IoU_Space=3, category_name='Pedestrian', data_dir='/2TB/kitti/training', model='/*****/Pedestrian/netR_16.pth', model_dir='kitti_model/Pedestrian', model_fusion='pointcloud', ngpu=1, reference_BB='current_gt', shape_aggregation='firstandprevious', which_dataset='KITTI')
2023/09/12 10:51:42 ======================================================model:/*****/Pedestrian/netR_16.pth
2023/09/12 10:51:55 track_id:1 Succ/Prec:88.8/96.1 tracklet_frames:71
2023/09/12 10:51:57 track_id:4 Succ/Prec:83.9/95.9 tracklet_frames:125
2023/09/12 10:51:59 track_id:14 Succ/Prec:94.4/97.2 tracklet_frames:151
2023/09/12 10:52:00 track_id:7 Succ/Prec:97.5/97.5 tracklet_frames:52
2023/09/12 10:52:01 track_id:10 Succ/Prec:90.5/96.6 tracklet_frames:84
2023/09/12 10:52:02 track_id:5 Succ/Prec:96.6/97.4 tracklet_frames:28
2023/09/12 10:52:02 track_id:12 Succ/Prec:89.0/96.4 tracklet_frames:51
2023/09/12 10:52:03 track_id:6 Succ/Prec:96.5/97.6 tracklet_frames:31
2023/09/12 10:52:04 track_id:8 Succ/Prec:82.1/94.7 tracklet_frames:45
2023/09/12 10:52:05 track_id:15 Succ/Prec:96.9/97.5 tracklet_frames:62
2023/09/12 10:52:06 track_id:13 Succ/Prec:88.0/95.6 tracklet_frames:61
2023/09/12 10:52:07 track_id:9 Succ/Prec:95.8/97.4 tracklet_frames:27
2023/09/12 10:52:07 track_id:16 Succ/Prec:97.1/97.5 tracklet_frames:53
2023/09/12 10:52:08 track_id:17 Succ/Prec:96.1/97.3 tracklet_frames:46
2023/09/12 10:52:09 track_id:43 Succ/Prec:92.2/96.8 tracklet_frames:94
2023/09/12 10:52:12 track_id:27 Succ/Prec:94.8/97.3 tracklet_frames:215
2023/09/12 10:52:15 track_id:34 Succ/Prec:78.7/91.9 tracklet_frames:211
2023/09/12 10:52:15 track_id:25 Succ/Prec:87.1/95.4 tracklet_frames:60
2023/09/12 10:52:16 track_id:26 Succ/Prec:91.8/96.9 tracklet_frames:57
2023/09/12 10:52:17 track_id:19 Succ/Prec:95.9/97.4 tracklet_frames:41
2023/09/12 10:52:19 track_id:33 Succ/Prec:86.6/95.3 tracklet_frames:156
2023/09/12 10:52:19 track_id:20 Succ/Prec:97.5/97.7 tracklet_frames:14
2023/09/12 10:52:24 track_id:37 Succ/Prec:85.3/95.4 tracklet_frames:203
2023/09/12 10:52:25 track_id:44 Succ/Prec:89.7/95.5 tracklet_frames:46
2023/09/12 10:52:27 track_id:40 Succ/Prec:90.2/96.5 tracklet_frames:150
2023/09/12 10:52:28 track_id:28 Succ/Prec:90.5/96.5 tracklet_frames:68
2023/09/12 10:52:29 track_id:29 Succ/Prec:90.2/96.0 tracklet_frames:63
2023/09/12 10:52:31 track_id:31 Succ/Prec:80.8/93.0 tracklet_frames:49
2023/09/12 10:52:32 track_id:32 Succ/Prec:87.8/96.3 tracklet_frames:39
2023/09/12 10:52:34 track_id:36 Succ/Prec:84.4/94.4 tracklet_frames:129
2023/09/12 10:52:35 track_id:35 Succ/Prec:93.0/97.2 tracklet_frames:122
2023/09/12 10:52:37 track_id:39 Succ/Prec:84.5/93.9 tracklet_frames:106
2023/09/12 10:52:38 track_id:41 Succ/Prec:39.4/80.3 tracklet_frames:100
2023/09/12 10:52:39 track_id:38 Succ/Prec:94.9/96.6 tracklet_frames:61
2023/09/12 10:52:41 track_id:46 Succ/Prec:83.5/95.0 tracklet_frames:66
2023/09/12 10:52:45 track_id:48 Succ/Prec:79.8/92.9 tracklet_frames:401
2023/09/12 10:52:50 track_id:47 Succ/Prec:80.8/92.4 tracklet_frames:391
2023/09/12 10:52:52 track_id:49 Succ/Prec:95.8/97.4 tracklet_frames:203
2023/09/12 10:52:53 track_id:67 Succ/Prec:91.7/96.5 tracklet_frames:94
2023/09/12 10:52:56 track_id:53 Succ/Prec:93.0/96.9 tracklet_frames:181
2023/09/12 10:52:58 track_id:57 Succ/Prec:94.1/97.2 tracklet_frames:225
2023/09/12 10:53:01 track_id:56 Succ/Prec:77.9/93.6 tracklet_frames:210
2023/09/12 10:53:02 track_id:54 Succ/Prec:95.9/97.4 tracklet_frames:101
2023/09/12 10:53:04 track_id:55 Succ/Prec:83.5/94.2 tracklet_frames:146
2023/09/12 10:53:06 track_id:58 Succ/Prec:52.2/83.4 tracklet_frames:104
2023/09/12 10:53:07 track_id:60 Succ/Prec:95.6/97.3 tracklet_frames:91
2023/09/12 10:53:09 track_id:61 Succ/Prec:88.7/95.9 tracklet_frames:156
2023/09/12 10:53:11 track_id:62 Succ/Prec:92.9/97.3 tracklet_frames:95
2023/09/12 10:53:12 track_id:68 Succ/Prec:89.5/96.1 tracklet_frames:116
2023/09/12 10:53:13 track_id:69 Succ/Prec:94.2/97.0 tracklet_frames:61
2023/09/12 10:53:14 track_id:71 Succ/Prec:94.7/97.2 tracklet_frames:82
2023/09/12 10:53:15 track_id:70 Succ/Prec:81.8/94.7 tracklet_frames:26
2023/09/12 10:53:15 track_id:66 Succ/Prec:95.1/97.3 tracklet_frames:31
2023/09/12 10:53:16 track_id:75 Succ/Prec:89.8/96.7 tracklet_frames:45
2023/09/12 10:53:17 track_id:74 Succ/Prec:93.5/97.4 tracklet_frames:20
2023/09/12 10:53:17 track_id:98 Succ/Prec:87.2/96.8 tracklet_frames:25
2023/09/12 10:53:18 track_id:99 Succ/Prec:79.9/96.0 tracklet_frames:21
2023/09/12 10:53:19 track_id:77 Succ/Prec:76.2/92.9 tracklet_frames:51
2023/09/12 10:53:20 track_id:86 Succ/Prec:90.2/96.4 tracklet_frames:88
2023/09/12 10:53:21 track_id:85 Succ/Prec:80.0/95.4 tracklet_frames:64
2023/09/12 10:53:22 track_id:84 Succ/Prec:86.1/95.7 tracklet_frames:61
2023/09/12 10:53:23 track_id:83 Succ/Prec:95.5/97.5 tracklet_frames:62
2023/09/12 10:53:23 interval:1 frame:1654 Succ/Prec:85.19951632406288/94.54957678355503
2023/09/12 10:53:23 interval:2 frame:3112 Succ/Prec:86.65408097686377/95.0835475578406
2023/09/12 10:53:23 interval:3 frame:1071 Succ/Prec:88.35901027077497/95.70728291316526
2023/09/12 10:53:23 interval:4 frame:251 Succ/Prec:91.78286852589642/96.74302788844622
2023/09/12 10:53:23 total_tracklet_nums:62 actual_tracklet_nums:62 total_track_anno_nums:6088 actual_track_anno_nums:6088
2023/09/12 10:53:23 key_frame mean Succ/Prec 0/0 key_frame_num 0
2023/09/12 10:53:23 mean Succ/Prec 86.77028580814718/95.11662286465177
