2023/09/12 10:53:26 Namespace(IoU_Space=3, category_name='Pedestrian', data_dir='/2TB/kitti/training', model='/*****/Pedestrian/netR_17.pth', model_dir='kitti_model/Pedestrian', model_fusion='pointcloud', ngpu=1, reference_BB='current_gt', shape_aggregation='firstandprevious', which_dataset='KITTI')
2023/09/12 10:53:26 ======================================================model:/*****/Pedestrian/netR_17.pth
2023/09/12 10:53:39 track_id:1 Succ/Prec:82.2/94.9 tracklet_frames:71
2023/09/12 10:53:41 track_id:4 Succ/Prec:84.1/96.1 tracklet_frames:125
2023/09/12 10:53:43 track_id:14 Succ/Prec:90.3/96.6 tracklet_frames:151
2023/09/12 10:53:44 track_id:7 Succ/Prec:97.2/97.5 tracklet_frames:52
2023/09/12 10:53:45 track_id:10 Succ/Prec:89.5/96.2 tracklet_frames:84
2023/09/12 10:53:45 track_id:5 Succ/Prec:96.6/97.6 tracklet_frames:28
2023/09/12 10:53:46 track_id:12 Succ/Prec:88.5/96.2 tracklet_frames:51
2023/09/12 10:53:46 track_id:6 Succ/Prec:95.3/97.6 tracklet_frames:31
2023/09/12 10:53:47 track_id:8 Succ/Prec:81.8/94.4 tracklet_frames:45
2023/09/12 10:53:48 track_id:15 Succ/Prec:96.5/97.5 tracklet_frames:62
2023/09/12 10:53:49 track_id:13 Succ/Prec:82.5/94.4 tracklet_frames:61
2023/09/12 10:53:50 track_id:9 Succ/Prec:93.8/97.2 tracklet_frames:27
2023/09/12 10:53:51 track_id:16 Succ/Prec:96.6/97.5 tracklet_frames:53
2023/09/12 10:53:51 track_id:17 Succ/Prec:96.0/97.3 tracklet_frames:46
2023/09/12 10:53:52 track_id:43 Succ/Prec:91.0/95.8 tracklet_frames:94
2023/09/12 10:53:55 track_id:27 Succ/Prec:90.0/96.1 tracklet_frames:215
2023/09/12 10:53:58 track_id:34 Succ/Prec:74.6/91.2 tracklet_frames:211
2023/09/12 10:53:59 track_id:25 Succ/Prec:81.0/93.8 tracklet_frames:60
2023/09/12 10:54:00 track_id:26 Succ/Prec:88.4/96.0 tracklet_frames:57
2023/09/12 10:54:00 track_id:19 Succ/Prec:92.3/96.8 tracklet_frames:41
2023/09/12 10:54:02 track_id:33 Succ/Prec:84.0/94.7 tracklet_frames:156
2023/09/12 10:54:02 track_id:20 Succ/Prec:96.1/97.7 tracklet_frames:14
2023/09/12 10:54:07 track_id:37 Succ/Prec:81.1/94.6 tracklet_frames:203
2023/09/12 10:54:08 track_id:44 Succ/Prec:89.7/95.3 tracklet_frames:46
2023/09/12 10:54:10 track_id:40 Succ/Prec:89.6/96.0 tracklet_frames:150
2023/09/12 10:54:11 track_id:28 Succ/Prec:92.5/96.9 tracklet_frames:68
2023/09/12 10:54:12 track_id:29 Succ/Prec:89.2/95.5 tracklet_frames:63
2023/09/12 10:54:13 track_id:31 Succ/Prec:78.1/93.0 tracklet_frames:49
2023/09/12 10:54:14 track_id:32 Succ/Prec:80.1/94.9 tracklet_frames:39
2023/09/12 10:54:17 track_id:36 Succ/Prec:79.2/93.4 tracklet_frames:129
2023/09/12 10:54:18 track_id:35 Succ/Prec:89.0/96.1 tracklet_frames:122
2023/09/12 10:54:20 track_id:39 Succ/Prec:76.6/91.7 tracklet_frames:106
2023/09/12 10:54:21 track_id:41 Succ/Prec:33.1/78.3 tracklet_frames:100
2023/09/12 10:54:22 track_id:38 Succ/Prec:92.0/95.5 tracklet_frames:61
2023/09/12 10:54:23 track_id:46 Succ/Prec:76.6/93.6 tracklet_frames:66
2023/09/12 10:54:28 track_id:48 Succ/Prec:72.1/91.0 tracklet_frames:401
2023/09/12 10:54:32 track_id:47 Succ/Prec:70.6/89.1 tracklet_frames:391
2023/09/12 10:54:35 track_id:49 Succ/Prec:94.3/97.1 tracklet_frames:203
2023/09/12 10:54:36 track_id:67 Succ/Prec:85.7/95.8 tracklet_frames:94
2023/09/12 10:54:38 track_id:53 Succ/Prec:92.3/96.8 tracklet_frames:181
2023/09/12 10:54:41 track_id:57 Succ/Prec:92.5/97.1 tracklet_frames:225
2023/09/12 10:54:43 track_id:56 Succ/Prec:75.5/92.7 tracklet_frames:210
2023/09/12 10:54:45 track_id:54 Succ/Prec:91.8/96.6 tracklet_frames:101
2023/09/12 10:54:47 track_id:55 Succ/Prec:83.6/94.3 tracklet_frames:146
2023/09/12 10:54:48 track_id:58 Succ/Prec:45.0/80.7 tracklet_frames:104
2023/09/12 10:54:50 track_id:60 Succ/Prec:95.0/97.3 tracklet_frames:91
2023/09/12 10:54:52 track_id:61 Succ/Prec:87.2/95.5 tracklet_frames:156
2023/09/12 10:54:53 track_id:62 Succ/Prec:92.1/97.2 tracklet_frames:95
2023/09/12 10:54:55 track_id:68 Succ/Prec:86.3/95.7 tracklet_frames:116
2023/09/12 10:54:56 track_id:69 Succ/Prec:93.5/97.0 tracklet_frames:61
2023/09/12 10:54:57 track_id:71 Succ/Prec:93.0/96.9 tracklet_frames:82
2023/09/12 10:54:57 track_id:70 Succ/Prec:79.3/93.9 tracklet_frames:26
2023/09/12 10:54:58 track_id:66 Succ/Prec:94.6/97.3 tracklet_frames:31
2023/09/12 10:54:58 track_id:75 Succ/Prec:88.7/96.7 tracklet_frames:45
2023/09/12 10:54:59 track_id:74 Succ/Prec:88.2/96.1 tracklet_frames:20
2023/09/12 10:55:00 track_id:98 Succ/Prec:79.4/96.2 tracklet_frames:25
2023/09/12 10:55:00 track_id:99 Succ/Prec:80.1/95.7 tracklet_frames:21
2023/09/12 10:55:01 track_id:77 Succ/Prec:75.9/92.7 tracklet_frames:51
2023/09/12 10:55:02 track_id:86 Succ/Prec:87.3/96.1 tracklet_frames:88
2023/09/12 10:55:03 track_id:85 Succ/Prec:81.5/95.6 tracklet_frames:64
2023/09/12 10:55:04 track_id:84 Succ/Prec:85.7/95.8 tracklet_frames:61
2023/09/12 10:55:05 track_id:83 Succ/Prec:94.8/97.5 tracklet_frames:62
2023/09/12 10:55:05 interval:1 frame:1654 Succ/Prec:83.4764207980653/94.00846432889965
2023/09/12 10:55:05 interval:2 frame:3112 Succ/Prec:82.72091902313626/94.13560411311053
2023/09/12 10:55:05 interval:3 frame:1071 Succ/Prec:83.60177404295051/94.63352007469655
2023/09/12 10:55:05 interval:4 frame:251 Succ/Prec:88.37649402390439/96.02589641434263
2023/09/12 10:55:05 total_tracklet_nums:62 actual_tracklet_nums:62 total_track_anno_nums:6088 actual_track_anno_nums:6088
2023/09/12 10:55:05 key_frame mean Succ/Prec 0/0 key_frame_num 0
2023/09/12 10:55:06 mean Succ/Prec 83.31430683311433/94.2665900131406
