2023/09/12 10:46:31 Namespace(IoU_Space=3, category_name='Pedestrian', data_dir='/2TB/kitti/training', model='/*****/Pedestrian/netR_13.pth', model_dir='kitti_model/Pedestrian', model_fusion='pointcloud', ngpu=1, reference_BB='current_gt', shape_aggregation='firstandprevious', which_dataset='KITTI')
2023/09/12 10:46:31 ======================================================model:/*****/Pedestrian/netR_13.pth
2023/09/12 10:46:43 track_id:1 Succ/Prec:88.7/96.1 tracklet_frames:71
2023/09/12 10:46:45 track_id:4 Succ/Prec:83.7/96.0 tracklet_frames:125
2023/09/12 10:46:48 track_id:14 Succ/Prec:95.2/97.4 tracklet_frames:151
2023/09/12 10:46:48 track_id:7 Succ/Prec:97.5/97.5 tracklet_frames:52
2023/09/12 10:46:50 track_id:10 Succ/Prec:91.7/96.5 tracklet_frames:84
2023/09/12 10:46:50 track_id:5 Succ/Prec:97.1/97.6 tracklet_frames:28
2023/09/12 10:46:51 track_id:12 Succ/Prec:88.6/96.2 tracklet_frames:51
2023/09/12 10:46:51 track_id:6 Succ/Prec:95.8/97.6 tracklet_frames:31
2023/09/12 10:46:52 track_id:8 Succ/Prec:84.9/95.3 tracklet_frames:45
2023/09/12 10:46:53 track_id:15 Succ/Prec:97.3/97.5 tracklet_frames:62
2023/09/12 10:46:54 track_id:13 Succ/Prec:90.0/96.1 tracklet_frames:61
2023/09/12 10:46:55 track_id:9 Succ/Prec:94.5/97.2 tracklet_frames:27
2023/09/12 10:46:56 track_id:16 Succ/Prec:97.3/97.5 tracklet_frames:53
2023/09/12 10:46:56 track_id:17 Succ/Prec:96.9/97.4 tracklet_frames:46
2023/09/12 10:46:57 track_id:43 Succ/Prec:92.9/96.5 tracklet_frames:94
2023/09/12 10:47:00 track_id:27 Succ/Prec:94.4/97.1 tracklet_frames:215
2023/09/12 10:47:03 track_id:34 Succ/Prec:78.9/91.9 tracklet_frames:211
2023/09/12 10:47:04 track_id:25 Succ/Prec:84.6/94.8 tracklet_frames:60
2023/09/12 10:47:05 track_id:26 Succ/Prec:91.8/96.3 tracklet_frames:57
2023/09/12 10:47:05 track_id:19 Succ/Prec:95.8/97.4 tracklet_frames:41
2023/09/12 10:47:07 track_id:33 Succ/Prec:86.7/95.2 tracklet_frames:156
2023/09/12 10:47:08 track_id:20 Succ/Prec:97.5/97.7 tracklet_frames:14
2023/09/12 10:47:12 track_id:37 Succ/Prec:84.6/95.2 tracklet_frames:203
2023/09/12 10:47:13 track_id:44 Succ/Prec:90.4/95.5 tracklet_frames:46
2023/09/12 10:47:15 track_id:40 Succ/Prec:90.7/96.6 tracklet_frames:150
2023/09/12 10:47:17 track_id:28 Succ/Prec:91.7/96.7 tracklet_frames:68
2023/09/12 10:47:18 track_id:29 Succ/Prec:89.2/95.5 tracklet_frames:63
2023/09/12 10:47:19 track_id:31 Succ/Prec:76.3/91.7 tracklet_frames:49
2023/09/12 10:47:20 track_id:32 Succ/Prec:87.9/96.4 tracklet_frames:39
2023/09/12 10:47:22 track_id:36 Succ/Prec:85.3/94.7 tracklet_frames:129
2023/09/12 10:47:24 track_id:35 Succ/Prec:93.4/97.2 tracklet_frames:122
2023/09/12 10:47:25 track_id:39 Succ/Prec:87.0/94.6 tracklet_frames:106
2023/09/12 10:47:27 track_id:41 Succ/Prec:36.1/79.3 tracklet_frames:100
2023/09/12 10:47:28 track_id:38 Succ/Prec:93.6/95.5 tracklet_frames:61
2023/09/12 10:47:29 track_id:46 Succ/Prec:84.5/95.3 tracklet_frames:66
2023/09/12 10:47:33 track_id:48 Succ/Prec:80.4/93.2 tracklet_frames:401
2023/09/12 10:47:38 track_id:47 Succ/Prec:74.5/90.1 tracklet_frames:391
2023/09/12 10:47:40 track_id:49 Succ/Prec:96.4/97.4 tracklet_frames:203
2023/09/12 10:47:42 track_id:67 Succ/Prec:90.4/96.6 tracklet_frames:94
2023/09/12 10:47:44 track_id:53 Succ/Prec:93.3/96.8 tracklet_frames:181
2023/09/12 10:47:47 track_id:57 Succ/Prec:93.4/97.0 tracklet_frames:225
2023/09/12 10:47:49 track_id:56 Succ/Prec:79.4/94.0 tracklet_frames:210
2023/09/12 10:47:51 track_id:54 Succ/Prec:95.7/97.3 tracklet_frames:101
2023/09/12 10:47:53 track_id:55 Succ/Prec:84.6/94.6 tracklet_frames:146
2023/09/12 10:47:54 track_id:58 Succ/Prec:48.8/82.0 tracklet_frames:104
2023/09/12 10:47:56 track_id:60 Succ/Prec:96.0/97.3 tracklet_frames:91
2023/09/12 10:47:58 track_id:61 Succ/Prec:90.2/96.4 tracklet_frames:156
2023/09/12 10:47:59 track_id:62 Succ/Prec:93.9/97.4 tracklet_frames:95
2023/09/12 10:48:01 track_id:68 Succ/Prec:89.6/96.1 tracklet_frames:116
2023/09/12 10:48:02 track_id:69 Succ/Prec:94.6/97.0 tracklet_frames:61
2023/09/12 10:48:03 track_id:71 Succ/Prec:95.5/97.2 tracklet_frames:82
2023/09/12 10:48:04 track_id:70 Succ/Prec:80.7/93.9 tracklet_frames:26
2023/09/12 10:48:04 track_id:66 Succ/Prec:95.6/97.4 tracklet_frames:31
2023/09/12 10:48:05 track_id:75 Succ/Prec:86.5/96.2 tracklet_frames:45
2023/09/12 10:48:05 track_id:74 Succ/Prec:93.5/97.1 tracklet_frames:20
2023/09/12 10:48:06 track_id:98 Succ/Prec:84.4/96.6 tracklet_frames:25
2023/09/12 10:48:07 track_id:99 Succ/Prec:76.5/95.0 tracklet_frames:21
2023/09/12 10:48:07 track_id:77 Succ/Prec:77.2/92.7 tracklet_frames:51
2023/09/12 10:48:09 track_id:86 Succ/Prec:90.7/96.6 tracklet_frames:88
2023/09/12 10:48:10 track_id:85 Succ/Prec:83.6/95.8 tracklet_frames:64
2023/09/12 10:48:11 track_id:84 Succ/Prec:88.4/96.3 tracklet_frames:61
2023/09/12 10:48:12 track_id:83 Succ/Prec:95.6/97.5 tracklet_frames:62
2023/09/12 10:48:12 interval:1 frame:1654 Succ/Prec:85.16021765417172/94.35308343409915
2023/09/12 10:48:12 interval:2 frame:3112 Succ/Prec:86.51911953727506/94.9646529562982
2023/09/12 10:48:12 interval:3 frame:1071 Succ/Prec:87.5/95.42250233426704
2023/09/12 10:48:12 interval:4 frame:251 Succ/Prec:91.94223107569721/96.72310756972111
2023/09/12 10:48:12 total_tracklet_nums:62 actual_tracklet_nums:62 total_track_anno_nums:6088 actual_track_anno_nums:6088
2023/09/12 10:48:12 key_frame mean Succ/Prec 0/0 key_frame_num 0
2023/09/12 10:48:12 mean Succ/Prec 86.54607424441527/94.95154402102497
