2023/09/12 10:34:18 Namespace(IoU_Space=3, category_name='Pedestrian', data_dir='/2TB/kitti/training', model='/*****/Pedestrian/netR_6.pth', model_dir='kitti_eff_model20/Pedestrian', model_fusion='pointcloud', ngpu=1, reference_BB='current_gt', shape_aggregation='firstandprevious', which_dataset='KITTI')
2023/09/12 10:34:18 ======================================================model:/*****/Pedestrian/netR_6.pth
2023/09/12 10:34:32 track_id:1 Succ/Prec:84.8/95.4 tracklet_frames:71
2023/09/12 10:34:34 track_id:4 Succ/Prec:85.0/96.1 tracklet_frames:125
2023/09/12 10:34:37 track_id:14 Succ/Prec:88.4/96.3 tracklet_frames:151
2023/09/12 10:34:38 track_id:7 Succ/Prec:96.3/97.4 tracklet_frames:52
2023/09/12 10:34:39 track_id:10 Succ/Prec:88.0/95.9 tracklet_frames:84
2023/09/12 10:34:39 track_id:5 Succ/Prec:94.6/97.4 tracklet_frames:28
2023/09/12 10:34:40 track_id:12 Succ/Prec:85.7/95.5 tracklet_frames:51
2023/09/12 10:34:41 track_id:6 Succ/Prec:93.4/97.1 tracklet_frames:31
2023/09/12 10:34:42 track_id:8 Succ/Prec:81.2/93.7 tracklet_frames:45
2023/09/12 10:34:43 track_id:15 Succ/Prec:96.9/97.5 tracklet_frames:62
2023/09/12 10:34:44 track_id:13 Succ/Prec:84.3/94.5 tracklet_frames:61
2023/09/12 10:34:45 track_id:9 Succ/Prec:91.2/97.2 tracklet_frames:27
2023/09/12 10:34:45 track_id:16 Succ/Prec:96.2/97.5 tracklet_frames:53
2023/09/12 10:34:46 track_id:17 Succ/Prec:94.9/97.0 tracklet_frames:46
2023/09/12 10:34:47 track_id:43 Succ/Prec:86.3/95.5 tracklet_frames:94
2023/09/12 10:34:50 track_id:27 Succ/Prec:91.5/96.9 tracklet_frames:215
2023/09/12 10:34:53 track_id:34 Succ/Prec:77.6/93.1 tracklet_frames:211
2023/09/12 10:34:54 track_id:25 Succ/Prec:90.3/96.3 tracklet_frames:60
2023/09/12 10:34:56 track_id:26 Succ/Prec:83.2/95.7 tracklet_frames:57
2023/09/12 10:34:56 track_id:19 Succ/Prec:93.1/97.1 tracklet_frames:41
2023/09/12 10:34:58 track_id:33 Succ/Prec:85.0/95.5 tracklet_frames:156
2023/09/12 10:34:59 track_id:20 Succ/Prec:94.6/97.7 tracklet_frames:14
2023/09/12 10:35:03 track_id:37 Succ/Prec:78.7/93.8 tracklet_frames:203
2023/09/12 10:35:04 track_id:44 Succ/Prec:94.3/97.1 tracklet_frames:46
2023/09/12 10:35:07 track_id:40 Succ/Prec:89.7/96.6 tracklet_frames:150
2023/09/12 10:35:08 track_id:28 Succ/Prec:88.9/96.4 tracklet_frames:68
2023/09/12 10:35:09 track_id:29 Succ/Prec:88.5/96.2 tracklet_frames:63
2023/09/12 10:35:11 track_id:31 Succ/Prec:84.7/95.8 tracklet_frames:49
2023/09/12 10:35:12 track_id:32 Succ/Prec:86.7/96.4 tracklet_frames:39
2023/09/12 10:35:14 track_id:36 Succ/Prec:84.7/95.6 tracklet_frames:129
2023/09/12 10:35:15 track_id:35 Succ/Prec:87.6/96.4 tracklet_frames:122
2023/09/12 10:35:17 track_id:39 Succ/Prec:83.8/95.0 tracklet_frames:106
2023/09/12 10:35:19 track_id:41 Succ/Prec:61.8/89.2 tracklet_frames:100
2023/09/12 10:35:20 track_id:38 Succ/Prec:92.5/97.0 tracklet_frames:61
2023/09/12 10:35:21 track_id:46 Succ/Prec:75.0/93.7 tracklet_frames:66
2023/09/12 10:35:26 track_id:48 Succ/Prec:78.5/93.2 tracklet_frames:401
2023/09/12 10:35:30 track_id:47 Succ/Prec:88.9/95.9 tracklet_frames:391
2023/09/12 10:35:33 track_id:49 Succ/Prec:90.7/96.7 tracklet_frames:203
2023/09/12 10:35:34 track_id:67 Succ/Prec:83.6/95.3 tracklet_frames:94
2023/09/12 10:35:36 track_id:53 Succ/Prec:90.8/96.6 tracklet_frames:181
2023/09/12 10:35:39 track_id:57 Succ/Prec:92.3/97.1 tracklet_frames:225
2023/09/12 10:35:41 track_id:56 Succ/Prec:77.0/93.2 tracklet_frames:210
2023/09/12 10:35:43 track_id:54 Succ/Prec:94.0/97.3 tracklet_frames:101
2023/09/12 10:35:45 track_id:55 Succ/Prec:81.2/94.3 tracklet_frames:146
2023/09/12 10:35:46 track_id:58 Succ/Prec:71.2/91.0 tracklet_frames:104
2023/09/12 10:35:48 track_id:60 Succ/Prec:92.3/96.9 tracklet_frames:91
2023/09/12 10:35:50 track_id:61 Succ/Prec:83.4/95.0 tracklet_frames:156
2023/09/12 10:35:52 track_id:62 Succ/Prec:93.3/97.3 tracklet_frames:95
2023/09/12 10:35:53 track_id:68 Succ/Prec:83.6/95.2 tracklet_frames:116
2023/09/12 10:35:54 track_id:69 Succ/Prec:90.6/97.0 tracklet_frames:61
2023/09/12 10:35:55 track_id:71 Succ/Prec:92.6/96.8 tracklet_frames:82
2023/09/12 10:35:56 track_id:70 Succ/Prec:81.6/95.1 tracklet_frames:26
2023/09/12 10:35:57 track_id:66 Succ/Prec:88.3/96.6 tracklet_frames:31
2023/09/12 10:35:57 track_id:75 Succ/Prec:85.7/95.7 tracklet_frames:45
2023/09/12 10:35:58 track_id:74 Succ/Prec:83.3/95.4 tracklet_frames:20
2023/09/12 10:35:59 track_id:98 Succ/Prec:65.0/94.2 tracklet_frames:25
2023/09/12 10:35:59 track_id:99 Succ/Prec:88.0/97.4 tracklet_frames:21
2023/09/12 10:36:00 track_id:77 Succ/Prec:82.5/94.4 tracklet_frames:51
2023/09/12 10:36:01 track_id:86 Succ/Prec:81.1/95.3 tracklet_frames:88
2023/09/12 10:36:02 track_id:85 Succ/Prec:75.0/93.9 tracklet_frames:64
2023/09/12 10:36:03 track_id:84 Succ/Prec:84.7/95.5 tracklet_frames:61
2023/09/12 10:36:04 track_id:83 Succ/Prec:90.8/97.0 tracklet_frames:62
2023/09/12 10:36:04 interval:1 frame:1654 Succ/Prec:85.07859733978236/95.08464328899638
2023/09/12 10:36:05 interval:2 frame:3112 Succ/Prec:86.28293701799488/95.57840616966583
2023/09/12 10:36:05 interval:3 frame:1071 Succ/Prec:83.671802054155/95.33380018674136
2023/09/12 10:36:05 interval:4 frame:251 Succ/Prec:86.22509960159364/95.76693227091634
2023/09/12 10:36:05 total_tracklet_nums:62 actual_tracklet_nums:62 total_track_anno_nums:6088 actual_track_anno_nums:6088
2023/09/12 10:36:05 key_frame mean Succ/Prec 0/0 key_frame_num 0
2023/09/12 10:36:05 mean Succ/Prec 85.49400459921156/95.40900131406045
