2023/09/12 10:32:29 Namespace(IoU_Space=3, category_name='Pedestrian', data_dir='/2TB/kitti/training', model='/*****/Pedestrian/netR_5.pth', model_dir='kitti_model/Pedestrian', model_fusion='pointcloud', ngpu=1, reference_BB='current_gt', shape_aggregation='firstandprevious', which_dataset='KITTI')
2023/09/12 10:32:29 ======================================================model:/*****/Pedestrian/netR_5.pth
2023/09/12 10:32:42 track_id:1 Succ/Prec:95.0/97.5 tracklet_frames:71
2023/09/12 10:32:44 track_id:4 Succ/Prec:81.4/95.9 tracklet_frames:125
2023/09/12 10:32:46 track_id:14 Succ/Prec:91.3/96.9 tracklet_frames:151
2023/09/12 10:32:47 track_id:7 Succ/Prec:91.9/97.2 tracklet_frames:52
2023/09/12 10:32:48 track_id:10 Succ/Prec:91.9/97.0 tracklet_frames:84
2023/09/12 10:32:49 track_id:5 Succ/Prec:93.8/97.4 tracklet_frames:28
2023/09/12 10:32:49 track_id:12 Succ/Prec:88.2/96.8 tracklet_frames:51
2023/09/12 10:32:50 track_id:6 Succ/Prec:93.1/97.6 tracklet_frames:31
2023/09/12 10:32:51 track_id:8 Succ/Prec:67.4/91.3 tracklet_frames:45
2023/09/12 10:32:52 track_id:15 Succ/Prec:90.2/96.8 tracklet_frames:62
2023/09/12 10:32:53 track_id:13 Succ/Prec:88.7/95.7 tracklet_frames:61
2023/09/12 10:32:54 track_id:9 Succ/Prec:89.9/97.0 tracklet_frames:27
2023/09/12 10:32:55 track_id:16 Succ/Prec:91.5/97.2 tracklet_frames:53
2023/09/12 10:32:55 track_id:17 Succ/Prec:96.0/97.3 tracklet_frames:46
2023/09/12 10:32:56 track_id:43 Succ/Prec:89.7/96.2 tracklet_frames:94
2023/09/12 10:32:59 track_id:27 Succ/Prec:94.0/97.2 tracklet_frames:215
2023/09/12 10:33:02 track_id:34 Succ/Prec:88.3/95.6 tracklet_frames:211
2023/09/12 10:33:03 track_id:25 Succ/Prec:83.2/96.1 tracklet_frames:60
2023/09/12 10:33:04 track_id:26 Succ/Prec:87.7/96.7 tracklet_frames:57
2023/09/12 10:33:05 track_id:19 Succ/Prec:92.4/97.1 tracklet_frames:41
2023/09/12 10:33:07 track_id:33 Succ/Prec:86.2/95.8 tracklet_frames:156
2023/09/12 10:33:07 track_id:20 Succ/Prec:90.4/97.3 tracklet_frames:14
2023/09/12 10:33:13 track_id:37 Succ/Prec:70.6/92.0 tracklet_frames:203
2023/09/12 10:33:14 track_id:44 Succ/Prec:90.7/96.3 tracklet_frames:46
2023/09/12 10:33:16 track_id:40 Succ/Prec:90.2/96.8 tracklet_frames:150
2023/09/12 10:33:17 track_id:28 Succ/Prec:77.7/94.8 tracklet_frames:68
2023/09/12 10:33:19 track_id:29 Succ/Prec:89.9/97.1 tracklet_frames:63
2023/09/12 10:33:20 track_id:31 Succ/Prec:81.7/95.7 tracklet_frames:49
2023/09/12 10:33:21 track_id:32 Succ/Prec:79.9/95.0 tracklet_frames:39
2023/09/12 10:33:23 track_id:36 Succ/Prec:90.8/96.9 tracklet_frames:129
2023/09/12 10:33:25 track_id:35 Succ/Prec:95.1/97.4 tracklet_frames:122
2023/09/12 10:33:27 track_id:39 Succ/Prec:92.5/96.6 tracklet_frames:106
2023/09/12 10:33:29 track_id:41 Succ/Prec:77.8/94.4 tracklet_frames:100
2023/09/12 10:33:30 track_id:38 Succ/Prec:93.2/97.1 tracklet_frames:61
2023/09/12 10:33:31 track_id:46 Succ/Prec:79.5/94.0 tracklet_frames:66
2023/09/12 10:33:36 track_id:48 Succ/Prec:81.5/94.5 tracklet_frames:401
2023/09/12 10:33:40 track_id:47 Succ/Prec:88.4/96.0 tracklet_frames:391
2023/09/12 10:33:43 track_id:49 Succ/Prec:94.0/97.0 tracklet_frames:203
2023/09/12 10:33:44 track_id:67 Succ/Prec:91.5/96.6 tracklet_frames:94
2023/09/12 10:33:46 track_id:53 Succ/Prec:90.4/96.4 tracklet_frames:181
2023/09/12 10:33:49 track_id:57 Succ/Prec:84.0/96.5 tracklet_frames:225
2023/09/12 10:33:52 track_id:56 Succ/Prec:74.8/93.0 tracklet_frames:210
2023/09/12 10:33:53 track_id:54 Succ/Prec:96.1/97.5 tracklet_frames:101
2023/09/12 10:33:55 track_id:55 Succ/Prec:82.5/94.9 tracklet_frames:146
2023/09/12 10:33:57 track_id:58 Succ/Prec:69.0/91.7 tracklet_frames:104
2023/09/12 10:33:58 track_id:60 Succ/Prec:88.0/95.7 tracklet_frames:91
2023/09/12 10:34:01 track_id:61 Succ/Prec:86.8/95.5 tracklet_frames:156
2023/09/12 10:34:02 track_id:62 Succ/Prec:94.6/97.2 tracklet_frames:95
2023/09/12 10:34:04 track_id:68 Succ/Prec:85.0/95.6 tracklet_frames:116
2023/09/12 10:34:05 track_id:69 Succ/Prec:89.1/96.0 tracklet_frames:61
2023/09/12 10:34:06 track_id:71 Succ/Prec:91.1/96.9 tracklet_frames:82
2023/09/12 10:34:07 track_id:70 Succ/Prec:79.7/95.3 tracklet_frames:26
2023/09/12 10:34:07 track_id:66 Succ/Prec:90.7/97.1 tracklet_frames:31
2023/09/12 10:34:08 track_id:75 Succ/Prec:94.6/97.6 tracklet_frames:45
2023/09/12 10:34:09 track_id:74 Succ/Prec:92.8/97.4 tracklet_frames:20
2023/09/12 10:34:09 track_id:98 Succ/Prec:66.2/95.2 tracklet_frames:25
2023/09/12 10:34:10 track_id:99 Succ/Prec:84.4/97.4 tracklet_frames:21
2023/09/12 10:34:10 track_id:77 Succ/Prec:68.3/90.7 tracklet_frames:51
2023/09/12 10:34:12 track_id:86 Succ/Prec:93.7/97.0 tracklet_frames:88
2023/09/12 10:34:13 track_id:85 Succ/Prec:69.4/92.7 tracklet_frames:64
2023/09/12 10:34:14 track_id:84 Succ/Prec:75.4/93.5 tracklet_frames:61
2023/09/12 10:34:15 track_id:83 Succ/Prec:92.8/97.3 tracklet_frames:62
2023/09/12 10:34:15 interval:1 frame:1654 Succ/Prec:83.07436517533255/94.96372430471584
2023/09/12 10:34:15 interval:2 frame:3112 Succ/Prec:87.30960796915167/96.00417737789203
2023/09/12 10:34:15 interval:3 frame:1071 Succ/Prec:88.18627450980392/96.14145658263304
2023/09/12 10:34:15 interval:4 frame:251 Succ/Prec:88.37649402390439/96.32470119521912
2023/09/12 10:34:15 total_tracklet_nums:62 actual_tracklet_nums:62 total_track_anno_nums:6088 actual_track_anno_nums:6088
2023/09/12 10:34:15 key_frame mean Succ/Prec 0/0 key_frame_num 0
2023/09/12 10:34:16 mean Succ/Prec 86.35717805519056/95.75886990801577
