2023/09/12 10:36:08 Namespace(IoU_Space=3, category_name='Pedestrian', data_dir='/2TB/kitti/training', model='/*****/Pedestrian/netR_7.pth', model_dir='kitti_model/Pedestrian', model_fusion='pointcloud', ngpu=1, reference_BB='current_gt', shape_aggregation='firstandprevious', which_dataset='KITTI')
2023/09/12 10:36:08 ======================================================model:/*****/Pedestrian/netR_7.pth
2023/09/12 10:36:21 track_id:1 Succ/Prec:89.4/96.3 tracklet_frames:71
2023/09/12 10:36:23 track_id:4 Succ/Prec:88.1/96.7 tracklet_frames:125
2023/09/12 10:36:25 track_id:14 Succ/Prec:90.3/96.7 tracklet_frames:151
2023/09/12 10:36:26 track_id:7 Succ/Prec:96.2/97.5 tracklet_frames:52
2023/09/12 10:36:27 track_id:10 Succ/Prec:90.0/96.3 tracklet_frames:84
2023/09/12 10:36:28 track_id:5 Succ/Prec:96.1/97.6 tracklet_frames:28
2023/09/12 10:36:29 track_id:12 Succ/Prec:90.8/96.5 tracklet_frames:51
2023/09/12 10:36:29 track_id:6 Succ/Prec:92.6/97.1 tracklet_frames:31
2023/09/12 10:36:30 track_id:8 Succ/Prec:75.1/93.2 tracklet_frames:45
2023/09/12 10:36:31 track_id:15 Succ/Prec:97.2/97.5 tracklet_frames:62
2023/09/12 10:36:32 track_id:13 Succ/Prec:86.6/95.0 tracklet_frames:61
2023/09/12 10:36:33 track_id:9 Succ/Prec:95.1/97.2 tracklet_frames:27
2023/09/12 10:36:34 track_id:16 Succ/Prec:97.1/97.5 tracklet_frames:53
2023/09/12 10:36:34 track_id:17 Succ/Prec:96.7/97.4 tracklet_frames:46
2023/09/12 10:36:36 track_id:43 Succ/Prec:94.1/97.1 tracklet_frames:94
2023/09/12 10:36:38 track_id:27 Succ/Prec:91.7/96.8 tracklet_frames:215
2023/09/12 10:36:41 track_id:34 Succ/Prec:83.5/94.1 tracklet_frames:211
2023/09/12 10:36:42 track_id:25 Succ/Prec:79.8/94.8 tracklet_frames:60
2023/09/12 10:36:43 track_id:26 Succ/Prec:90.6/96.8 tracklet_frames:57
2023/09/12 10:36:44 track_id:19 Succ/Prec:94.9/97.3 tracklet_frames:41
2023/09/12 10:36:46 track_id:33 Succ/Prec:90.4/96.4 tracklet_frames:156
2023/09/12 10:36:46 track_id:20 Succ/Prec:97.5/97.7 tracklet_frames:14
2023/09/12 10:36:51 track_id:37 Succ/Prec:80.2/94.3 tracklet_frames:203
2023/09/12 10:36:52 track_id:44 Succ/Prec:95.7/97.4 tracklet_frames:46
2023/09/12 10:36:54 track_id:40 Succ/Prec:92.7/96.9 tracklet_frames:150
2023/09/12 10:36:55 track_id:28 Succ/Prec:85.8/96.0 tracklet_frames:68
2023/09/12 10:36:56 track_id:29 Succ/Prec:89.9/96.2 tracklet_frames:63
2023/09/12 10:36:58 track_id:31 Succ/Prec:88.3/96.1 tracklet_frames:49
2023/09/12 10:36:59 track_id:32 Succ/Prec:87.5/96.2 tracklet_frames:39
2023/09/12 10:37:01 track_id:36 Succ/Prec:87.8/96.2 tracklet_frames:129
2023/09/12 10:37:02 track_id:35 Succ/Prec:90.8/95.9 tracklet_frames:122
2023/09/12 10:37:04 track_id:39 Succ/Prec:86.6/94.9 tracklet_frames:106
2023/09/12 10:37:05 track_id:41 Succ/Prec:69.1/90.9 tracklet_frames:100
2023/09/12 10:37:07 track_id:38 Succ/Prec:93.6/96.2 tracklet_frames:61
2023/09/12 10:37:08 track_id:46 Succ/Prec:80.6/94.6 tracklet_frames:66
2023/09/12 10:37:12 track_id:48 Succ/Prec:81.8/93.8 tracklet_frames:401
2023/09/12 10:37:17 track_id:47 Succ/Prec:88.9/95.6 tracklet_frames:391
2023/09/12 10:37:19 track_id:49 Succ/Prec:93.7/97.1 tracklet_frames:203
2023/09/12 10:37:20 track_id:67 Succ/Prec:88.3/95.9 tracklet_frames:94
2023/09/12 10:37:23 track_id:53 Succ/Prec:94.7/97.2 tracklet_frames:181
2023/09/12 10:37:25 track_id:57 Succ/Prec:91.9/97.0 tracklet_frames:225
2023/09/12 10:37:28 track_id:56 Succ/Prec:72.3/92.1 tracklet_frames:210
2023/09/12 10:37:29 track_id:54 Succ/Prec:95.1/97.2 tracklet_frames:101
2023/09/12 10:37:31 track_id:55 Succ/Prec:84.9/95.5 tracklet_frames:146
2023/09/12 10:37:33 track_id:58 Succ/Prec:58.1/86.9 tracklet_frames:104
2023/09/12 10:37:34 track_id:60 Succ/Prec:94.3/96.7 tracklet_frames:91
2023/09/12 10:37:36 track_id:61 Succ/Prec:88.8/96.1 tracklet_frames:156
2023/09/12 10:37:38 track_id:62 Succ/Prec:92.8/97.1 tracklet_frames:95
2023/09/12 10:37:39 track_id:68 Succ/Prec:84.8/95.5 tracklet_frames:116
2023/09/12 10:37:40 track_id:69 Succ/Prec:93.2/97.2 tracklet_frames:61
2023/09/12 10:37:41 track_id:71 Succ/Prec:93.9/97.0 tracklet_frames:82
2023/09/12 10:37:42 track_id:70 Succ/Prec:78.2/93.2 tracklet_frames:26
2023/09/12 10:37:43 track_id:66 Succ/Prec:87.3/96.9 tracklet_frames:31
2023/09/12 10:37:43 track_id:75 Succ/Prec:93.5/97.1 tracklet_frames:45
2023/09/12 10:37:44 track_id:74 Succ/Prec:89.2/96.1 tracklet_frames:20
2023/09/12 10:37:44 track_id:98 Succ/Prec:73.2/95.4 tracklet_frames:25
2023/09/12 10:37:45 track_id:99 Succ/Prec:89.6/97.6 tracklet_frames:21
2023/09/12 10:37:46 track_id:77 Succ/Prec:80.3/94.0 tracklet_frames:51
2023/09/12 10:37:47 track_id:86 Succ/Prec:82.2/95.5 tracklet_frames:88
2023/09/12 10:37:48 track_id:85 Succ/Prec:76.2/94.0 tracklet_frames:64
2023/09/12 10:37:49 track_id:84 Succ/Prec:84.4/95.2 tracklet_frames:61
2023/09/12 10:37:50 track_id:83 Succ/Prec:89.6/97.0 tracklet_frames:62
2023/09/12 10:37:50 interval:1 frame:1654 Succ/Prec:88.42805320435309/95.73155985489721
2023/09/12 10:37:50 interval:2 frame:3112 Succ/Prec:87.75305269922879/95.72461439588689
2023/09/12 10:37:50 interval:3 frame:1071 Succ/Prec:84.0359477124183/95.04435107376284
2023/09/12 10:37:50 interval:4 frame:251 Succ/Prec:87.10159362549801/95.84661354581672
2023/09/12 10:37:50 total_tracklet_nums:62 actual_tracklet_nums:62 total_track_anno_nums:6088 actual_track_anno_nums:6088
2023/09/12 10:37:50 key_frame mean Succ/Prec 0/0 key_frame_num 0
2023/09/12 10:37:51 mean Succ/Prec 87.25566688567673/95.61185939553219
