2023/09/12 10:55:08 Namespace(IoU_Space=3, category_name='Pedestrian', data_dir='/2TB/kitti/training', model='/*****/Pedestrian/netR_18.pth', model_dir='kitti_model/Pedestrian', model_fusion='pointcloud', ngpu=1, reference_BB='current_gt', shape_aggregation='firstandprevious', which_dataset='KITTI')
2023/09/12 10:55:08 ======================================================model:/*****/Pedestrian/netR_18.pth
2023/09/12 10:55:21 track_id:1 Succ/Prec:87.3/95.9 tracklet_frames:71
2023/09/12 10:55:23 track_id:4 Succ/Prec:86.0/96.2 tracklet_frames:125
2023/09/12 10:55:25 track_id:14 Succ/Prec:93.7/97.2 tracklet_frames:151
2023/09/12 10:55:26 track_id:7 Succ/Prec:97.5/97.5 tracklet_frames:52
2023/09/12 10:55:27 track_id:10 Succ/Prec:91.2/96.4 tracklet_frames:84
2023/09/12 10:55:27 track_id:5 Succ/Prec:97.0/97.6 tracklet_frames:28
2023/09/12 10:55:28 track_id:12 Succ/Prec:90.0/96.4 tracklet_frames:51
2023/09/12 10:55:29 track_id:6 Succ/Prec:96.3/97.6 tracklet_frames:31
2023/09/12 10:55:30 track_id:8 Succ/Prec:83.9/94.8 tracklet_frames:45
2023/09/12 10:55:31 track_id:15 Succ/Prec:97.2/97.5 tracklet_frames:62
2023/09/12 10:55:32 track_id:13 Succ/Prec:86.3/95.2 tracklet_frames:61
2023/09/12 10:55:32 track_id:9 Succ/Prec:95.3/97.4 tracklet_frames:27
2023/09/12 10:55:33 track_id:16 Succ/Prec:97.0/97.5 tracklet_frames:53
2023/09/12 10:55:34 track_id:17 Succ/Prec:96.7/97.4 tracklet_frames:46
2023/09/12 10:55:35 track_id:43 Succ/Prec:94.8/97.2 tracklet_frames:94
2023/09/12 10:55:37 track_id:27 Succ/Prec:93.0/96.7 tracklet_frames:215
2023/09/12 10:55:40 track_id:34 Succ/Prec:78.7/91.8 tracklet_frames:211
2023/09/12 10:55:41 track_id:25 Succ/Prec:83.7/94.2 tracklet_frames:60
2023/09/12 10:55:42 track_id:26 Succ/Prec:90.1/96.1 tracklet_frames:57
2023/09/12 10:55:42 track_id:19 Succ/Prec:95.8/97.4 tracklet_frames:41
2023/09/12 10:55:44 track_id:33 Succ/Prec:87.6/95.4 tracklet_frames:156
2023/09/12 10:55:45 track_id:20 Succ/Prec:96.8/97.7 tracklet_frames:14
2023/09/12 10:55:49 track_id:37 Succ/Prec:84.7/95.5 tracklet_frames:203
2023/09/12 10:55:50 track_id:44 Succ/Prec:91.0/95.7 tracklet_frames:46
2023/09/12 10:55:53 track_id:40 Succ/Prec:92.2/96.7 tracklet_frames:150
2023/09/12 10:55:54 track_id:28 Succ/Prec:92.7/96.7 tracklet_frames:68
2023/09/12 10:55:55 track_id:29 Succ/Prec:92.7/96.8 tracklet_frames:63
2023/09/12 10:55:56 track_id:31 Succ/Prec:79.7/92.9 tracklet_frames:49
2023/09/12 10:55:57 track_id:32 Succ/Prec:85.6/95.9 tracklet_frames:39
2023/09/12 10:55:59 track_id:36 Succ/Prec:83.8/94.5 tracklet_frames:129
2023/09/12 10:56:01 track_id:35 Succ/Prec:93.2/97.2 tracklet_frames:122
2023/09/12 10:56:02 track_id:39 Succ/Prec:83.4/93.9 tracklet_frames:106
2023/09/12 10:56:04 track_id:41 Succ/Prec:37.5/79.6 tracklet_frames:100
2023/09/12 10:56:05 track_id:38 Succ/Prec:93.7/95.7 tracklet_frames:61
2023/09/12 10:56:06 track_id:46 Succ/Prec:81.7/94.7 tracklet_frames:66
2023/09/12 10:56:11 track_id:48 Succ/Prec:77.7/92.3 tracklet_frames:401
2023/09/12 10:56:15 track_id:47 Succ/Prec:75.8/90.7 tracklet_frames:391
2023/09/12 10:56:17 track_id:49 Succ/Prec:96.1/97.4 tracklet_frames:203
2023/09/12 10:56:19 track_id:67 Succ/Prec:89.4/96.3 tracklet_frames:94
2023/09/12 10:56:21 track_id:53 Succ/Prec:93.9/97.0 tracklet_frames:181
2023/09/12 10:56:23 track_id:57 Succ/Prec:94.1/97.2 tracklet_frames:225
2023/09/12 10:56:26 track_id:56 Succ/Prec:78.5/93.7 tracklet_frames:210
2023/09/12 10:56:27 track_id:54 Succ/Prec:95.3/97.4 tracklet_frames:101
2023/09/12 10:56:29 track_id:55 Succ/Prec:84.8/94.5 tracklet_frames:146
2023/09/12 10:56:31 track_id:58 Succ/Prec:47.2/81.9 tracklet_frames:104
2023/09/12 10:56:32 track_id:60 Succ/Prec:95.0/96.9 tracklet_frames:91
2023/09/12 10:56:34 track_id:61 Succ/Prec:89.9/96.1 tracklet_frames:156
2023/09/12 10:56:36 track_id:62 Succ/Prec:93.9/97.4 tracklet_frames:95
2023/09/12 10:56:37 track_id:68 Succ/Prec:88.3/95.7 tracklet_frames:116
2023/09/12 10:56:38 track_id:69 Succ/Prec:95.1/97.0 tracklet_frames:61
2023/09/12 10:56:39 track_id:71 Succ/Prec:94.8/97.1 tracklet_frames:82
2023/09/12 10:56:40 track_id:70 Succ/Prec:82.0/94.5 tracklet_frames:26
2023/09/12 10:56:40 track_id:66 Succ/Prec:95.1/97.3 tracklet_frames:31
2023/09/12 10:56:41 track_id:75 Succ/Prec:90.9/96.8 tracklet_frames:45
2023/09/12 10:56:41 track_id:74 Succ/Prec:94.0/97.1 tracklet_frames:20
2023/09/12 10:56:42 track_id:98 Succ/Prec:87.2/96.6 tracklet_frames:25
2023/09/12 10:56:42 track_id:99 Succ/Prec:83.9/96.7 tracklet_frames:21
2023/09/12 10:56:43 track_id:77 Succ/Prec:77.3/93.1 tracklet_frames:51
2023/09/12 10:56:44 track_id:86 Succ/Prec:90.6/96.6 tracklet_frames:88
2023/09/12 10:56:45 track_id:85 Succ/Prec:85.4/96.3 tracklet_frames:64
2023/09/12 10:56:46 track_id:84 Succ/Prec:88.1/96.3 tracklet_frames:61
2023/09/12 10:56:47 track_id:83 Succ/Prec:96.2/97.5 tracklet_frames:62
2023/09/12 10:56:47 interval:1 frame:1654 Succ/Prec:85.84945586457073/94.60399032648125
2023/09/12 10:56:48 interval:2 frame:3112 Succ/Prec:86.01140745501287/94.80880462724937
2023/09/12 10:56:48 interval:3 frame:1071 Succ/Prec:87.1311858076564/95.31979458450046
2023/09/12 10:56:48 interval:4 frame:251 Succ/Prec:91.10557768924305/96.54382470119522
2023/09/12 10:56:48 total_tracklet_nums:62 actual_tracklet_nums:62 total_track_anno_nums:6088 actual_track_anno_nums:6088
2023/09/12 10:56:48 key_frame mean Succ/Prec 0/0 key_frame_num 0
2023/09/12 10:56:48 mean Succ/Prec 86.37442509855454/94.91458607095926
