2023/09/12 11:05:28 Namespace(IoU_Space=3, category_name='Pedestrian', data_dir='/2TB/kitti/training', model='/*****/Pedestrian/netR_24.pth', model_dir='kitti_model/Pedestrian', model_fusion='pointcloud', ngpu=1, reference_BB='current_gt', shape_aggregation='firstandprevious', which_dataset='KITTI')
2023/09/12 11:05:28 ======================================================model:/*****/Pedestrian/netR_24.pth
2023/09/12 11:05:40 track_id:1 Succ/Prec:84.1/95.4 tracklet_frames:71
2023/09/12 11:05:42 track_id:4 Succ/Prec:84.9/96.1 tracklet_frames:125
2023/09/12 11:05:44 track_id:14 Succ/Prec:92.4/97.1 tracklet_frames:151
2023/09/12 11:05:45 track_id:7 Succ/Prec:97.5/97.5 tracklet_frames:52
2023/09/12 11:05:46 track_id:10 Succ/Prec:90.7/96.3 tracklet_frames:84
2023/09/12 11:05:46 track_id:5 Succ/Prec:97.0/97.6 tracklet_frames:28
2023/09/12 11:05:47 track_id:12 Succ/Prec:88.5/96.2 tracklet_frames:51
2023/09/12 11:05:48 track_id:6 Succ/Prec:94.7/97.4 tracklet_frames:31
2023/09/12 11:05:49 track_id:8 Succ/Prec:81.8/94.4 tracklet_frames:45
2023/09/12 11:05:50 track_id:15 Succ/Prec:96.9/97.5 tracklet_frames:62
2023/09/12 11:05:51 track_id:13 Succ/Prec:84.3/94.8 tracklet_frames:61
2023/09/12 11:05:51 track_id:9 Succ/Prec:94.2/97.4 tracklet_frames:27
2023/09/12 11:05:52 track_id:16 Succ/Prec:97.1/97.5 tracklet_frames:53
2023/09/12 11:05:52 track_id:17 Succ/Prec:96.8/97.4 tracklet_frames:46
2023/09/12 11:05:54 track_id:43 Succ/Prec:91.3/95.8 tracklet_frames:94
2023/09/12 11:05:56 track_id:27 Succ/Prec:91.4/96.4 tracklet_frames:215
2023/09/12 11:05:59 track_id:34 Succ/Prec:76.1/91.6 tracklet_frames:211
2023/09/12 11:06:00 track_id:25 Succ/Prec:83.7/94.3 tracklet_frames:60
2023/09/12 11:06:01 track_id:26 Succ/Prec:90.1/96.7 tracklet_frames:57
2023/09/12 11:06:01 track_id:19 Succ/Prec:94.1/97.2 tracklet_frames:41
2023/09/12 11:06:03 track_id:33 Succ/Prec:85.8/95.3 tracklet_frames:156
2023/09/12 11:06:04 track_id:20 Succ/Prec:96.1/97.7 tracklet_frames:14
2023/09/12 11:06:09 track_id:37 Succ/Prec:80.3/94.5 tracklet_frames:203
2023/09/12 11:06:10 track_id:44 Succ/Prec:90.2/95.4 tracklet_frames:46
2023/09/12 11:06:12 track_id:40 Succ/Prec:90.0/96.2 tracklet_frames:150
2023/09/12 11:06:13 track_id:28 Succ/Prec:91.6/96.6 tracklet_frames:68
2023/09/12 11:06:14 track_id:29 Succ/Prec:90.9/96.0 tracklet_frames:63
2023/09/12 11:06:15 track_id:31 Succ/Prec:80.2/93.3 tracklet_frames:49
2023/09/12 11:06:16 track_id:32 Succ/Prec:84.4/95.8 tracklet_frames:39
2023/09/12 11:06:18 track_id:36 Succ/Prec:78.8/93.0 tracklet_frames:129
2023/09/12 11:06:20 track_id:35 Succ/Prec:90.4/96.6 tracklet_frames:122
2023/09/12 11:06:21 track_id:39 Succ/Prec:80.6/93.7 tracklet_frames:106
2023/09/12 11:06:23 track_id:41 Succ/Prec:33.7/77.9 tracklet_frames:100
2023/09/12 11:06:24 track_id:38 Succ/Prec:91.4/95.5 tracklet_frames:61
2023/09/12 11:06:25 track_id:46 Succ/Prec:78.0/94.1 tracklet_frames:66
2023/09/12 11:06:30 track_id:48 Succ/Prec:74.9/91.6 tracklet_frames:401
2023/09/12 11:06:34 track_id:47 Succ/Prec:71.7/89.3 tracklet_frames:391
2023/09/12 11:06:37 track_id:49 Succ/Prec:95.0/97.2 tracklet_frames:203
2023/09/12 11:06:38 track_id:67 Succ/Prec:87.3/96.1 tracklet_frames:94
2023/09/12 11:06:40 track_id:53 Succ/Prec:92.6/96.8 tracklet_frames:181
2023/09/12 11:06:43 track_id:57 Succ/Prec:92.9/97.0 tracklet_frames:225
2023/09/12 11:06:45 track_id:56 Succ/Prec:75.0/92.8 tracklet_frames:210
2023/09/12 11:06:47 track_id:54 Succ/Prec:93.3/96.9 tracklet_frames:101
2023/09/12 11:06:49 track_id:55 Succ/Prec:83.5/94.1 tracklet_frames:146
2023/09/12 11:06:50 track_id:58 Succ/Prec:43.6/80.4 tracklet_frames:104
2023/09/12 11:06:52 track_id:60 Succ/Prec:95.6/97.3 tracklet_frames:91
2023/09/12 11:06:54 track_id:61 Succ/Prec:87.9/95.8 tracklet_frames:156
2023/09/12 11:06:55 track_id:62 Succ/Prec:91.6/97.2 tracklet_frames:95
2023/09/12 11:06:57 track_id:68 Succ/Prec:86.1/95.2 tracklet_frames:116
2023/09/12 11:06:58 track_id:69 Succ/Prec:93.3/96.9 tracklet_frames:61
2023/09/12 11:06:59 track_id:71 Succ/Prec:94.4/97.0 tracklet_frames:82
2023/09/12 11:06:59 track_id:70 Succ/Prec:80.7/93.9 tracklet_frames:26
2023/09/12 11:07:00 track_id:66 Succ/Prec:94.9/97.4 tracklet_frames:31
2023/09/12 11:07:01 track_id:75 Succ/Prec:87.6/96.6 tracklet_frames:45
2023/09/12 11:07:01 track_id:74 Succ/Prec:91.8/96.9 tracklet_frames:20
2023/09/12 11:07:02 track_id:98 Succ/Prec:78.6/96.2 tracklet_frames:25
2023/09/12 11:07:02 track_id:99 Succ/Prec:83.2/97.1 tracklet_frames:21
2023/09/12 11:07:03 track_id:77 Succ/Prec:74.7/92.7 tracklet_frames:51
2023/09/12 11:07:04 track_id:86 Succ/Prec:89.4/96.4 tracklet_frames:88
2023/09/12 11:07:05 track_id:85 Succ/Prec:80.7/95.3 tracklet_frames:64
2023/09/12 11:07:06 track_id:84 Succ/Prec:85.5/95.7 tracklet_frames:61
2023/09/12 11:07:07 track_id:83 Succ/Prec:94.8/97.5 tracklet_frames:62
2023/09/12 11:07:07 interval:1 frame:1654 Succ/Prec:84.51934703748489/94.24425634824668
2023/09/12 11:07:07 interval:2 frame:3112 Succ/Prec:83.6078084832905/94.30269922879178
2023/09/12 11:07:07 interval:3 frame:1071 Succ/Prec:84.15732959850607/94.72222222222221
2023/09/12 11:07:07 interval:4 frame:251 Succ/Prec:89.17330677290839/96.38446215139442
2023/09/12 11:07:07 total_tracklet_nums:62 actual_tracklet_nums:62 total_track_anno_nums:6088 actual_track_anno_nums:6088
2023/09/12 11:07:07 key_frame mean Succ/Prec 0/0 key_frame_num 0
2023/09/12 11:07:08 mean Succ/Prec 84.18158672798951/94.44645203679369
