2023/09/12 10:43:04 Namespace(IoU_Space=3, category_name='Pedestrian', data_dir='/2TB/kitti/training', model='/*****/Pedestrian/netR_11.pth', model_dir='kitti_model/Pedestrian', model_fusion='pointcloud', ngpu=1, reference_BB='current_gt', shape_aggregation='firstandprevious', which_dataset='KITTI')
2023/09/12 10:43:04 ======================================================model:/*****/Pedestrian/netR_11.pth
2023/09/12 10:43:16 track_id:1 Succ/Prec:89.9/96.4 tracklet_frames:71
2023/09/12 10:43:18 track_id:4 Succ/Prec:87.3/96.5 tracklet_frames:125
2023/09/12 10:43:20 track_id:14 Succ/Prec:92.8/97.1 tracklet_frames:151
2023/09/12 10:43:21 track_id:7 Succ/Prec:97.5/97.5 tracklet_frames:52
2023/09/12 10:43:22 track_id:10 Succ/Prec:90.0/96.2 tracklet_frames:84
2023/09/12 10:43:23 track_id:5 Succ/Prec:96.6/97.6 tracklet_frames:28
2023/09/12 10:43:23 track_id:12 Succ/Prec:89.1/96.5 tracklet_frames:51
2023/09/12 10:43:24 track_id:6 Succ/Prec:96.0/97.6 tracklet_frames:31
2023/09/12 10:43:25 track_id:8 Succ/Prec:86.3/95.8 tracklet_frames:45
2023/09/12 10:43:26 track_id:15 Succ/Prec:96.8/97.5 tracklet_frames:62
2023/09/12 10:43:27 track_id:13 Succ/Prec:90.0/96.1 tracklet_frames:61
2023/09/12 10:43:27 track_id:9 Succ/Prec:90.5/96.5 tracklet_frames:27
2023/09/12 10:43:28 track_id:16 Succ/Prec:96.9/97.5 tracklet_frames:53
2023/09/12 10:43:29 track_id:17 Succ/Prec:97.0/97.4 tracklet_frames:46
2023/09/12 10:43:30 track_id:43 Succ/Prec:93.8/96.4 tracklet_frames:94
2023/09/12 10:43:33 track_id:27 Succ/Prec:92.7/96.7 tracklet_frames:215
2023/09/12 10:43:35 track_id:34 Succ/Prec:78.2/91.6 tracklet_frames:211
2023/09/12 10:43:36 track_id:25 Succ/Prec:82.8/94.2 tracklet_frames:60
2023/09/12 10:43:37 track_id:26 Succ/Prec:89.5/96.2 tracklet_frames:57
2023/09/12 10:43:38 track_id:19 Succ/Prec:94.6/97.0 tracklet_frames:41
2023/09/12 10:43:40 track_id:33 Succ/Prec:89.4/95.4 tracklet_frames:156
2023/09/12 10:43:40 track_id:20 Succ/Prec:96.8/97.7 tracklet_frames:14
2023/09/12 10:43:45 track_id:37 Succ/Prec:84.8/95.4 tracklet_frames:203
2023/09/12 10:43:46 track_id:44 Succ/Prec:89.3/95.4 tracklet_frames:46
2023/09/12 10:43:48 track_id:40 Succ/Prec:92.4/96.8 tracklet_frames:150
2023/09/12 10:43:49 track_id:28 Succ/Prec:91.1/96.5 tracklet_frames:68
2023/09/12 10:43:51 track_id:29 Succ/Prec:95.1/97.5 tracklet_frames:63
2023/09/12 10:43:52 track_id:31 Succ/Prec:73.4/91.8 tracklet_frames:49
2023/09/12 10:43:53 track_id:32 Succ/Prec:81.6/95.3 tracklet_frames:39
2023/09/12 10:43:55 track_id:36 Succ/Prec:82.6/94.5 tracklet_frames:129
2023/09/12 10:43:56 track_id:35 Succ/Prec:93.7/97.2 tracklet_frames:122
2023/09/12 10:43:58 track_id:39 Succ/Prec:86.7/94.5 tracklet_frames:106
2023/09/12 10:44:00 track_id:41 Succ/Prec:29.8/76.4 tracklet_frames:100
2023/09/12 10:44:01 track_id:38 Succ/Prec:93.5/96.2 tracklet_frames:61
2023/09/12 10:44:02 track_id:46 Succ/Prec:74.8/93.4 tracklet_frames:66
2023/09/12 10:44:06 track_id:48 Succ/Prec:79.4/93.1 tracklet_frames:401
2023/09/12 10:44:11 track_id:47 Succ/Prec:74.4/90.6 tracklet_frames:391
2023/09/12 10:44:13 track_id:49 Succ/Prec:96.9/97.5 tracklet_frames:203
2023/09/12 10:44:14 track_id:67 Succ/Prec:83.7/95.2 tracklet_frames:94
2023/09/12 10:44:17 track_id:53 Succ/Prec:93.4/96.8 tracklet_frames:181
2023/09/12 10:44:19 track_id:57 Succ/Prec:92.2/97.0 tracklet_frames:225
2023/09/12 10:44:22 track_id:56 Succ/Prec:79.9/93.9 tracklet_frames:210
2023/09/12 10:44:23 track_id:54 Succ/Prec:92.7/96.5 tracklet_frames:101
2023/09/12 10:44:25 track_id:55 Succ/Prec:85.9/95.2 tracklet_frames:146
2023/09/12 10:44:27 track_id:58 Succ/Prec:50.2/82.5 tracklet_frames:104
2023/09/12 10:44:28 track_id:60 Succ/Prec:94.2/96.6 tracklet_frames:91
2023/09/12 10:44:30 track_id:61 Succ/Prec:89.1/95.8 tracklet_frames:156
2023/09/12 10:44:31 track_id:62 Succ/Prec:94.8/97.4 tracklet_frames:95
2023/09/12 10:44:33 track_id:68 Succ/Prec:88.3/96.0 tracklet_frames:116
2023/09/12 10:44:34 track_id:69 Succ/Prec:94.6/97.0 tracklet_frames:61
2023/09/12 10:44:35 track_id:71 Succ/Prec:95.5/97.3 tracklet_frames:82
2023/09/12 10:44:36 track_id:70 Succ/Prec:81.3/94.5 tracklet_frames:26
2023/09/12 10:44:36 track_id:66 Succ/Prec:94.8/97.1 tracklet_frames:31
2023/09/12 10:44:37 track_id:75 Succ/Prec:91.4/96.7 tracklet_frames:45
2023/09/12 10:44:37 track_id:74 Succ/Prec:94.0/97.1 tracklet_frames:20
2023/09/12 10:44:38 track_id:98 Succ/Prec:81.8/96.8 tracklet_frames:25
2023/09/12 10:44:38 track_id:99 Succ/Prec:78.9/95.5 tracklet_frames:21
2023/09/12 10:44:39 track_id:77 Succ/Prec:78.7/93.2 tracklet_frames:51
2023/09/12 10:44:40 track_id:86 Succ/Prec:89.9/96.4 tracklet_frames:88
2023/09/12 10:44:41 track_id:85 Succ/Prec:87.1/95.4 tracklet_frames:64
2023/09/12 10:44:42 track_id:84 Succ/Prec:91.3/96.8 tracklet_frames:61
2023/09/12 10:44:43 track_id:83 Succ/Prec:96.1/97.5 tracklet_frames:62
2023/09/12 10:44:43 interval:1 frame:1654 Succ/Prec:86.06711003627571/94.57678355501814
2023/09/12 10:44:44 interval:2 frame:3112 Succ/Prec:85.48441516709512/94.8055912596401
2023/09/12 10:44:44 interval:3 frame:1071 Succ/Prec:86.7530345471522/95.1844070961718
2023/09/12 10:44:44 interval:4 frame:251 Succ/Prec:91.3844621513944/96.60358565737052
2023/09/12 10:44:44 total_tracklet_nums:62 actual_tracklet_nums:62 total_track_anno_nums:6088 actual_track_anno_nums:6088
2023/09/12 10:44:44 key_frame mean Succ/Prec 0/0 key_frame_num 0
2023/09/12 10:44:44 mean Succ/Prec 86.10914914586071/94.88419842312746
