2023/09/12 10:56:51 Namespace(IoU_Space=3, category_name='Pedestrian', data_dir='/2TB/kitti/training', model='/*****/Pedestrian/netR_19.pth', model_dir='kitti_model/Pedestrian', model_fusion='pointcloud', ngpu=1, reference_BB='current_gt', shape_aggregation='firstandprevious', which_dataset='KITTI')
2023/09/12 10:56:51 ======================================================model:/*****/Pedestrian/netR_19.pth
2023/09/12 10:57:04 track_id:1 Succ/Prec:83.2/95.1 tracklet_frames:71
2023/09/12 10:57:06 track_id:4 Succ/Prec:83.7/96.1 tracklet_frames:125
2023/09/12 10:57:08 track_id:14 Succ/Prec:90.2/96.7 tracklet_frames:151
2023/09/12 10:57:09 track_id:7 Succ/Prec:97.2/97.5 tracklet_frames:52
2023/09/12 10:57:10 track_id:10 Succ/Prec:89.5/96.5 tracklet_frames:84
2023/09/12 10:57:10 track_id:5 Succ/Prec:96.4/97.4 tracklet_frames:28
2023/09/12 10:57:11 track_id:12 Succ/Prec:88.3/96.2 tracklet_frames:51
2023/09/12 10:57:11 track_id:6 Succ/Prec:95.0/97.6 tracklet_frames:31
2023/09/12 10:57:12 track_id:8 Succ/Prec:81.4/94.4 tracklet_frames:45
2023/09/12 10:57:13 track_id:15 Succ/Prec:95.6/97.3 tracklet_frames:62
2023/09/12 10:57:14 track_id:13 Succ/Prec:85.0/94.8 tracklet_frames:61
2023/09/12 10:57:15 track_id:9 Succ/Prec:93.6/97.2 tracklet_frames:27
2023/09/12 10:57:16 track_id:16 Succ/Prec:96.6/97.5 tracklet_frames:53
2023/09/12 10:57:16 track_id:17 Succ/Prec:96.0/97.3 tracklet_frames:46
2023/09/12 10:57:18 track_id:43 Succ/Prec:90.7/95.6 tracklet_frames:94
2023/09/12 10:57:20 track_id:27 Succ/Prec:90.7/96.4 tracklet_frames:215
2023/09/12 10:57:23 track_id:34 Succ/Prec:74.9/91.2 tracklet_frames:211
2023/09/12 10:57:24 track_id:25 Succ/Prec:82.7/94.3 tracklet_frames:60
2023/09/12 10:57:25 track_id:26 Succ/Prec:88.1/96.2 tracklet_frames:57
2023/09/12 10:57:25 track_id:19 Succ/Prec:92.3/96.7 tracklet_frames:41
2023/09/12 10:57:27 track_id:33 Succ/Prec:85.2/95.0 tracklet_frames:156
2023/09/12 10:57:28 track_id:20 Succ/Prec:96.1/97.7 tracklet_frames:14
2023/09/12 10:57:32 track_id:37 Succ/Prec:78.8/94.1 tracklet_frames:203
2023/09/12 10:57:33 track_id:44 Succ/Prec:89.2/95.3 tracklet_frames:46
2023/09/12 10:57:35 track_id:40 Succ/Prec:89.0/96.0 tracklet_frames:150
2023/09/12 10:57:36 track_id:28 Succ/Prec:90.0/96.4 tracklet_frames:68
2023/09/12 10:57:38 track_id:29 Succ/Prec:85.9/94.5 tracklet_frames:63
2023/09/12 10:57:39 track_id:31 Succ/Prec:77.2/92.6 tracklet_frames:49
2023/09/12 10:57:40 track_id:32 Succ/Prec:82.0/95.5 tracklet_frames:39
2023/09/12 10:57:42 track_id:36 Succ/Prec:78.7/93.0 tracklet_frames:129
2023/09/12 10:57:44 track_id:35 Succ/Prec:89.6/96.5 tracklet_frames:122
2023/09/12 10:57:45 track_id:39 Succ/Prec:79.3/93.2 tracklet_frames:106
2023/09/12 10:57:47 track_id:41 Succ/Prec:34.1/78.9 tracklet_frames:100
2023/09/12 10:57:48 track_id:38 Succ/Prec:91.1/95.5 tracklet_frames:61
2023/09/12 10:57:49 track_id:46 Succ/Prec:76.7/93.8 tracklet_frames:66
2023/09/12 10:57:53 track_id:48 Succ/Prec:70.9/90.4 tracklet_frames:401
2023/09/12 10:57:58 track_id:47 Succ/Prec:72.2/89.9 tracklet_frames:391
2023/09/12 10:58:00 track_id:49 Succ/Prec:94.0/97.1 tracklet_frames:203
2023/09/12 10:58:02 track_id:67 Succ/Prec:85.6/95.8 tracklet_frames:94
2023/09/12 10:58:04 track_id:53 Succ/Prec:92.0/96.7 tracklet_frames:181
2023/09/12 10:58:06 track_id:57 Succ/Prec:91.8/96.8 tracklet_frames:225
2023/09/12 10:58:09 track_id:56 Succ/Prec:74.6/92.6 tracklet_frames:210
2023/09/12 10:58:10 track_id:54 Succ/Prec:92.8/96.9 tracklet_frames:101
2023/09/12 10:58:12 track_id:55 Succ/Prec:82.4/94.0 tracklet_frames:146
2023/09/12 10:58:14 track_id:58 Succ/Prec:45.3/80.5 tracklet_frames:104
2023/09/12 10:58:15 track_id:60 Succ/Prec:94.6/97.3 tracklet_frames:91
2023/09/12 10:58:17 track_id:61 Succ/Prec:86.9/95.6 tracklet_frames:156
2023/09/12 10:58:19 track_id:62 Succ/Prec:91.2/97.2 tracklet_frames:95
2023/09/12 10:58:20 track_id:68 Succ/Prec:85.4/95.1 tracklet_frames:116
2023/09/12 10:58:21 track_id:69 Succ/Prec:93.2/97.0 tracklet_frames:61
2023/09/12 10:58:22 track_id:71 Succ/Prec:93.4/96.9 tracklet_frames:82
2023/09/12 10:58:23 track_id:70 Succ/Prec:78.8/93.6 tracklet_frames:26
2023/09/12 10:58:24 track_id:66 Succ/Prec:93.6/96.9 tracklet_frames:31
2023/09/12 10:58:24 track_id:75 Succ/Prec:87.1/96.3 tracklet_frames:45
2023/09/12 10:58:25 track_id:74 Succ/Prec:88.8/96.1 tracklet_frames:20
2023/09/12 10:58:25 track_id:98 Succ/Prec:76.4/96.0 tracklet_frames:25
2023/09/12 10:58:26 track_id:99 Succ/Prec:77.7/96.0 tracklet_frames:21
2023/09/12 10:58:27 track_id:77 Succ/Prec:74.8/92.6 tracklet_frames:51
2023/09/12 10:58:28 track_id:86 Succ/Prec:86.8/95.9 tracklet_frames:88
2023/09/12 10:58:29 track_id:85 Succ/Prec:80.8/95.4 tracklet_frames:64
2023/09/12 10:58:30 track_id:84 Succ/Prec:85.2/95.7 tracklet_frames:61
2023/09/12 10:58:31 track_id:83 Succ/Prec:94.3/97.5 tracklet_frames:62
2023/09/12 10:58:31 interval:1 frame:1654 Succ/Prec:82.88996372430472/93.84522370012091
2023/09/12 10:58:31 interval:2 frame:3112 Succ/Prec:82.67111182519281/94.20147814910025
2023/09/12 10:58:31 interval:3 frame:1071 Succ/Prec:83.54108309990663/94.67553688141923
2023/09/12 10:58:31 interval:4 frame:251 Succ/Prec:88.41633466135458/96.20517928286853
2023/09/12 10:58:31 total_tracklet_nums:62 actual_tracklet_nums:62 total_track_anno_nums:6088 actual_track_anno_nums:6088
2023/09/12 10:58:31 key_frame mean Succ/Prec 0/0 key_frame_num 0
2023/09/12 10:58:32 mean Succ/Prec 83.12048291721418/94.27069645203679
