2023/09/12 11:14:09 Namespace(IoU_Space=3, category_name='Pedestrian', data_dir='/2TB/kitti/training', model='/*****/Pedestrian/netR_29.pth', model_dir='kitti_model/Pedestrian', model_fusion='pointcloud', ngpu=1, reference_BB='current_gt', shape_aggregation='firstandprevious', which_dataset='KITTI')
2023/09/12 11:14:09 ======================================================model:/*****/Pedestrian/netR_29.pth
2023/09/12 11:14:23 track_id:1 Succ/Prec:86.2/95.8 tracklet_frames:71
2023/09/12 11:14:25 track_id:4 Succ/Prec:84.7/96.1 tracklet_frames:125
2023/09/12 11:14:27 track_id:14 Succ/Prec:92.3/97.0 tracklet_frames:151
2023/09/12 11:14:28 track_id:7 Succ/Prec:97.5/97.5 tracklet_frames:52
2023/09/12 11:14:29 track_id:10 Succ/Prec:90.6/96.6 tracklet_frames:84
2023/09/12 11:14:29 track_id:5 Succ/Prec:96.6/97.6 tracklet_frames:28
2023/09/12 11:14:30 track_id:12 Succ/Prec:88.6/96.2 tracklet_frames:51
2023/09/12 11:14:31 track_id:6 Succ/Prec:94.5/97.4 tracklet_frames:31
2023/09/12 11:14:31 track_id:8 Succ/Prec:82.6/94.6 tracklet_frames:45
2023/09/12 11:14:33 track_id:15 Succ/Prec:96.9/97.5 tracklet_frames:62
2023/09/12 11:14:34 track_id:13 Succ/Prec:84.8/94.7 tracklet_frames:61
2023/09/12 11:14:34 track_id:9 Succ/Prec:94.2/97.2 tracklet_frames:27
2023/09/12 11:14:35 track_id:16 Succ/Prec:97.1/97.5 tracklet_frames:53
2023/09/12 11:14:36 track_id:17 Succ/Prec:96.5/97.3 tracklet_frames:46
2023/09/12 11:14:37 track_id:43 Succ/Prec:91.7/95.9 tracklet_frames:94
2023/09/12 11:14:40 track_id:27 Succ/Prec:92.7/96.8 tracklet_frames:215
2023/09/12 11:14:43 track_id:34 Succ/Prec:76.0/91.4 tracklet_frames:211
2023/09/12 11:14:44 track_id:25 Succ/Prec:87.7/95.5 tracklet_frames:60
2023/09/12 11:14:45 track_id:26 Succ/Prec:89.6/96.3 tracklet_frames:57
2023/09/12 11:14:45 track_id:19 Succ/Prec:94.9/97.3 tracklet_frames:41
2023/09/12 11:14:47 track_id:33 Succ/Prec:87.4/95.8 tracklet_frames:156
2023/09/12 11:14:48 track_id:20 Succ/Prec:96.4/97.7 tracklet_frames:14
2023/09/12 11:14:53 track_id:37 Succ/Prec:81.5/94.6 tracklet_frames:203
2023/09/12 11:14:54 track_id:44 Succ/Prec:90.2/95.5 tracklet_frames:46
2023/09/12 11:14:56 track_id:40 Succ/Prec:89.8/96.2 tracklet_frames:150
2023/09/12 11:14:57 track_id:28 Succ/Prec:90.6/96.4 tracklet_frames:68
2023/09/12 11:14:59 track_id:29 Succ/Prec:89.7/95.7 tracklet_frames:63
2023/09/12 11:15:00 track_id:31 Succ/Prec:78.8/92.8 tracklet_frames:49
2023/09/12 11:15:01 track_id:32 Succ/Prec:84.7/95.9 tracklet_frames:39
2023/09/12 11:15:03 track_id:36 Succ/Prec:82.0/94.5 tracklet_frames:129
2023/09/12 11:15:05 track_id:35 Succ/Prec:91.3/96.9 tracklet_frames:122
2023/09/12 11:15:06 track_id:39 Succ/Prec:81.2/93.7 tracklet_frames:106
2023/09/12 11:15:08 track_id:41 Succ/Prec:37.5/79.3 tracklet_frames:100
2023/09/12 11:15:09 track_id:38 Succ/Prec:92.3/95.6 tracklet_frames:61
2023/09/12 11:15:10 track_id:46 Succ/Prec:78.3/94.1 tracklet_frames:66
2023/09/12 11:15:15 track_id:48 Succ/Prec:73.6/91.1 tracklet_frames:401
2023/09/12 11:15:20 track_id:47 Succ/Prec:75.4/90.7 tracklet_frames:391
2023/09/12 11:15:22 track_id:49 Succ/Prec:95.0/97.2 tracklet_frames:203
2023/09/12 11:15:23 track_id:67 Succ/Prec:87.7/96.1 tracklet_frames:94
2023/09/12 11:15:26 track_id:53 Succ/Prec:93.0/96.8 tracklet_frames:181
2023/09/12 11:15:28 track_id:57 Succ/Prec:92.4/96.8 tracklet_frames:225
2023/09/12 11:15:31 track_id:56 Succ/Prec:74.8/92.6 tracklet_frames:210
2023/09/12 11:15:32 track_id:54 Succ/Prec:93.9/97.0 tracklet_frames:101
2023/09/12 11:15:34 track_id:55 Succ/Prec:83.6/94.1 tracklet_frames:146
2023/09/12 11:15:36 track_id:58 Succ/Prec:52.2/83.4 tracklet_frames:104
2023/09/12 11:15:37 track_id:60 Succ/Prec:95.4/97.3 tracklet_frames:91
2023/09/12 11:15:40 track_id:61 Succ/Prec:88.3/95.8 tracklet_frames:156
2023/09/12 11:15:41 track_id:62 Succ/Prec:92.0/97.2 tracklet_frames:95
2023/09/12 11:15:43 track_id:68 Succ/Prec:87.2/95.8 tracklet_frames:116
2023/09/12 11:15:44 track_id:69 Succ/Prec:94.0/97.0 tracklet_frames:61
2023/09/12 11:15:45 track_id:71 Succ/Prec:94.4/96.9 tracklet_frames:82
2023/09/12 11:15:45 track_id:70 Succ/Prec:80.3/93.9 tracklet_frames:26
2023/09/12 11:15:46 track_id:66 Succ/Prec:94.6/97.1 tracklet_frames:31
2023/09/12 11:15:47 track_id:75 Succ/Prec:88.2/96.6 tracklet_frames:45
2023/09/12 11:15:47 track_id:74 Succ/Prec:92.8/97.1 tracklet_frames:20
2023/09/12 11:15:48 track_id:98 Succ/Prec:80.0/96.2 tracklet_frames:25
2023/09/12 11:15:48 track_id:99 Succ/Prec:82.7/96.9 tracklet_frames:21
2023/09/12 11:15:49 track_id:77 Succ/Prec:75.1/92.7 tracklet_frames:51
2023/09/12 11:15:50 track_id:86 Succ/Prec:88.3/96.0 tracklet_frames:88
2023/09/12 11:15:51 track_id:85 Succ/Prec:80.3/95.4 tracklet_frames:64
2023/09/12 11:15:52 track_id:84 Succ/Prec:85.3/95.7 tracklet_frames:61
2023/09/12 11:15:53 track_id:83 Succ/Prec:95.2/97.5 tracklet_frames:62
2023/09/12 11:15:53 interval:1 frame:1654 Succ/Prec:84.5193470374849/94.26239419588876
2023/09/12 11:15:53 interval:2 frame:3112 Succ/Prec:84.4561375321337/94.55655526992288
2023/09/12 11:15:54 interval:3 frame:1071 Succ/Prec:85.27310924369748/95.00700280112045
2023/09/12 11:15:54 interval:4 frame:251 Succ/Prec:89.87051792828686/96.40438247011953
2023/09/12 11:15:54 total_tracklet_nums:62 actual_tracklet_nums:62 total_track_anno_nums:6088 actual_track_anno_nums:6088
2023/09/12 11:15:54 key_frame mean Succ/Prec 0/0 key_frame_num 0
2023/09/12 11:15:54 mean Succ/Prec 84.84025952693824/94.63206307490144
