2023/09/12 10:58:34 Namespace(IoU_Space=3, category_name='Pedestrian', data_dir='/2TB/kitti/training', model='/*****/Pedestrian/netR_20.pth', model_dir='kitti_model/Pedestrian', model_fusion='pointcloud', ngpu=1, reference_BB='current_gt', shape_aggregation='firstandprevious', which_dataset='KITTI')
2023/09/12 10:58:34 ======================================================model:/*****/Pedestrian/netR_20.pth
2023/09/12 10:58:47 track_id:1 Succ/Prec:85.7/95.7 tracklet_frames:71
2023/09/12 10:58:49 track_id:4 Succ/Prec:84.9/96.2 tracklet_frames:125
2023/09/12 10:58:51 track_id:14 Succ/Prec:92.1/97.0 tracklet_frames:151
2023/09/12 10:58:52 track_id:7 Succ/Prec:97.5/97.5 tracklet_frames:52
2023/09/12 10:58:53 track_id:10 Succ/Prec:90.7/96.6 tracklet_frames:84
2023/09/12 10:58:54 track_id:5 Succ/Prec:96.6/97.6 tracklet_frames:28
2023/09/12 10:58:54 track_id:12 Succ/Prec:89.7/96.3 tracklet_frames:51
2023/09/12 10:58:55 track_id:6 Succ/Prec:95.6/97.6 tracklet_frames:31
2023/09/12 10:58:56 track_id:8 Succ/Prec:83.0/94.8 tracklet_frames:45
2023/09/12 10:58:57 track_id:15 Succ/Prec:96.9/97.5 tracklet_frames:62
2023/09/12 10:58:58 track_id:13 Succ/Prec:85.6/94.9 tracklet_frames:61
2023/09/12 10:58:59 track_id:9 Succ/Prec:94.2/97.4 tracklet_frames:27
2023/09/12 10:58:59 track_id:16 Succ/Prec:97.0/97.5 tracklet_frames:53
2023/09/12 10:59:00 track_id:17 Succ/Prec:96.4/97.3 tracklet_frames:46
2023/09/12 10:59:01 track_id:43 Succ/Prec:91.3/95.9 tracklet_frames:94
2023/09/12 10:59:04 track_id:27 Succ/Prec:92.4/96.7 tracklet_frames:215
2023/09/12 10:59:06 track_id:34 Succ/Prec:77.1/91.7 tracklet_frames:211
2023/09/12 10:59:07 track_id:25 Succ/Prec:88.8/95.7 tracklet_frames:60
2023/09/12 10:59:08 track_id:26 Succ/Prec:90.0/96.6 tracklet_frames:57
2023/09/12 10:59:09 track_id:19 Succ/Prec:95.2/97.3 tracklet_frames:41
2023/09/12 10:59:11 track_id:33 Succ/Prec:87.3/95.7 tracklet_frames:156
2023/09/12 10:59:11 track_id:20 Succ/Prec:96.8/97.7 tracklet_frames:14
2023/09/12 10:59:17 track_id:37 Succ/Prec:81.5/94.6 tracklet_frames:203
2023/09/12 10:59:17 track_id:44 Succ/Prec:90.0/95.4 tracklet_frames:46
2023/09/12 10:59:20 track_id:40 Succ/Prec:90.0/96.3 tracklet_frames:150
2023/09/12 10:59:21 track_id:28 Succ/Prec:91.5/96.6 tracklet_frames:68
2023/09/12 10:59:22 track_id:29 Succ/Prec:91.7/96.3 tracklet_frames:63
2023/09/12 10:59:23 track_id:31 Succ/Prec:81.8/93.6 tracklet_frames:49
2023/09/12 10:59:24 track_id:32 Succ/Prec:84.4/95.8 tracklet_frames:39
2023/09/12 10:59:26 track_id:36 Succ/Prec:80.6/93.6 tracklet_frames:129
2023/09/12 10:59:28 track_id:35 Succ/Prec:90.9/96.7 tracklet_frames:122
2023/09/12 10:59:29 track_id:39 Succ/Prec:81.5/94.2 tracklet_frames:106
2023/09/12 10:59:31 track_id:41 Succ/Prec:36.2/79.4 tracklet_frames:100
2023/09/12 10:59:32 track_id:38 Succ/Prec:91.8/95.6 tracklet_frames:61
2023/09/12 10:59:33 track_id:46 Succ/Prec:79.5/94.3 tracklet_frames:66
2023/09/12 10:59:37 track_id:48 Succ/Prec:74.7/91.3 tracklet_frames:401
2023/09/12 10:59:42 track_id:47 Succ/Prec:75.9/90.9 tracklet_frames:391
2023/09/12 10:59:44 track_id:49 Succ/Prec:94.9/97.2 tracklet_frames:203
2023/09/12 10:59:46 track_id:67 Succ/Prec:88.3/96.2 tracklet_frames:94
2023/09/12 10:59:48 track_id:53 Succ/Prec:92.8/96.9 tracklet_frames:181
2023/09/12 10:59:51 track_id:57 Succ/Prec:93.1/97.1 tracklet_frames:225
2023/09/12 10:59:53 track_id:56 Succ/Prec:75.7/92.9 tracklet_frames:210
2023/09/12 10:59:54 track_id:54 Succ/Prec:94.6/97.3 tracklet_frames:101
2023/09/12 10:59:56 track_id:55 Succ/Prec:83.9/94.2 tracklet_frames:146
2023/09/12 10:59:58 track_id:58 Succ/Prec:48.1/81.5 tracklet_frames:104
2023/09/12 10:59:59 track_id:60 Succ/Prec:95.5/97.3 tracklet_frames:91
2023/09/12 11:00:01 track_id:61 Succ/Prec:88.6/95.8 tracklet_frames:156
2023/09/12 11:00:03 track_id:62 Succ/Prec:92.4/97.2 tracklet_frames:95
2023/09/12 11:00:04 track_id:68 Succ/Prec:86.5/95.2 tracklet_frames:116
2023/09/12 11:00:05 track_id:69 Succ/Prec:93.6/97.0 tracklet_frames:61
2023/09/12 11:00:06 track_id:71 Succ/Prec:94.3/96.9 tracklet_frames:82
2023/09/12 11:00:07 track_id:70 Succ/Prec:81.2/94.3 tracklet_frames:26
2023/09/12 11:00:08 track_id:66 Succ/Prec:94.9/97.3 tracklet_frames:31
2023/09/12 11:00:08 track_id:75 Succ/Prec:89.1/96.7 tracklet_frames:45
2023/09/12 11:00:09 track_id:74 Succ/Prec:92.8/97.1 tracklet_frames:20
2023/09/12 11:00:09 track_id:98 Succ/Prec:82.0/96.2 tracklet_frames:25
2023/09/12 11:00:10 track_id:99 Succ/Prec:83.0/97.4 tracklet_frames:21
2023/09/12 11:00:11 track_id:77 Succ/Prec:76.7/93.0 tracklet_frames:51
2023/09/12 11:00:12 track_id:86 Succ/Prec:88.7/96.2 tracklet_frames:88
2023/09/12 11:00:13 track_id:85 Succ/Prec:81.6/95.5 tracklet_frames:64
2023/09/12 11:00:14 track_id:84 Succ/Prec:86.1/95.9 tracklet_frames:61
2023/09/12 11:00:15 track_id:83 Succ/Prec:94.9/97.5 tracklet_frames:62
2023/09/12 11:00:15 interval:1 frame:1654 Succ/Prec:85.226723095526/94.48307134220072
2023/09/12 11:00:15 interval:2 frame:3112 Succ/Prec:84.47220437017995/94.52924164524423
2023/09/12 11:00:15 interval:3 frame:1071 Succ/Prec:85.53921568627452/95.08169934640523
2023/09/12 11:00:15 interval:4 frame:251 Succ/Prec:89.55179282868527/96.38446215139442
2023/09/12 11:00:15 total_tracklet_nums:62 actual_tracklet_nums:62 total_track_anno_nums:6088 actual_track_anno_nums:6088
2023/09/12 11:00:15 key_frame mean Succ/Prec 0/0 key_frame_num 0
2023/09/12 11:00:16 mean Succ/Prec 85.07432654402103/94.69037450722733
