2023/09/12 10:27:05 Namespace(IoU_Space=3, category_name='Pedestrian', data_dir='/2TB/kitti/training', model='/*****/Pedestrian/netR_2.pth', model_dir='kitti_model/Pedestrian', model_fusion='pointcloud', ngpu=1, reference_BB='current_gt', shape_aggregation='firstandprevious', which_dataset='KITTI')
2023/09/12 10:27:05 ======================================================model:/*****/Pedestrian/netR_2.pth
2023/09/12 10:27:18 track_id:1 Succ/Prec:93.7/97.4 tracklet_frames:71
2023/09/12 10:27:20 track_id:4 Succ/Prec:84.9/96.7 tracklet_frames:125
2023/09/12 10:27:22 track_id:14 Succ/Prec:88.3/97.1 tracklet_frames:151
2023/09/12 10:27:23 track_id:7 Succ/Prec:90.4/97.5 tracklet_frames:52
2023/09/12 10:27:24 track_id:10 Succ/Prec:84.9/96.6 tracklet_frames:84
2023/09/12 10:27:24 track_id:5 Succ/Prec:87.1/97.4 tracklet_frames:28
2023/09/12 10:27:25 track_id:12 Succ/Prec:92.5/97.5 tracklet_frames:51
2023/09/12 10:27:26 track_id:6 Succ/Prec:88.4/97.6 tracklet_frames:31
2023/09/12 10:27:27 track_id:8 Succ/Prec:87.8/97.0 tracklet_frames:45
2023/09/12 10:27:28 track_id:15 Succ/Prec:90.8/97.5 tracklet_frames:62
2023/09/12 10:27:29 track_id:13 Succ/Prec:88.4/95.8 tracklet_frames:61
2023/09/12 10:27:29 track_id:9 Succ/Prec:91.4/97.6 tracklet_frames:27
2023/09/12 10:27:30 track_id:16 Succ/Prec:91.7/97.5 tracklet_frames:53
2023/09/12 10:27:31 track_id:17 Succ/Prec:92.6/97.6 tracklet_frames:46
2023/09/12 10:27:32 track_id:43 Succ/Prec:86.2/96.8 tracklet_frames:94
2023/09/12 10:27:35 track_id:27 Succ/Prec:92.6/97.5 tracklet_frames:215
2023/09/12 10:27:38 track_id:34 Succ/Prec:86.4/95.4 tracklet_frames:211
2023/09/12 10:27:39 track_id:25 Succ/Prec:87.4/97.2 tracklet_frames:60
2023/09/12 10:27:40 track_id:26 Succ/Prec:89.6/97.0 tracklet_frames:57
2023/09/12 10:27:41 track_id:19 Succ/Prec:93.2/97.6 tracklet_frames:41
2023/09/12 10:27:42 track_id:33 Succ/Prec:90.9/97.1 tracklet_frames:156
2023/09/12 10:27:43 track_id:20 Succ/Prec:86.4/97.7 tracklet_frames:14
2023/09/12 10:27:49 track_id:37 Succ/Prec:92.4/97.3 tracklet_frames:203
2023/09/12 10:27:50 track_id:44 Succ/Prec:90.4/97.4 tracklet_frames:46
2023/09/12 10:27:52 track_id:40 Succ/Prec:88.3/96.8 tracklet_frames:150
2023/09/12 10:27:53 track_id:28 Succ/Prec:86.9/97.3 tracklet_frames:68
2023/09/12 10:27:55 track_id:29 Succ/Prec:89.7/97.2 tracklet_frames:63
2023/09/12 10:27:56 track_id:31 Succ/Prec:87.6/96.8 tracklet_frames:49
2023/09/12 10:27:58 track_id:32 Succ/Prec:91.1/97.4 tracklet_frames:39
2023/09/12 10:28:00 track_id:36 Succ/Prec:93.1/97.4 tracklet_frames:129
2023/09/12 10:28:01 track_id:35 Succ/Prec:91.6/97.4 tracklet_frames:122
2023/09/12 10:28:03 track_id:39 Succ/Prec:89.4/97.1 tracklet_frames:106
2023/09/12 10:28:05 track_id:41 Succ/Prec:71.7/91.5 tracklet_frames:100
2023/09/12 10:28:06 track_id:38 Succ/Prec:92.0/97.5 tracklet_frames:61
2023/09/12 10:28:07 track_id:46 Succ/Prec:88.3/96.9 tracklet_frames:66
2023/09/12 10:28:12 track_id:48 Succ/Prec:90.7/96.7 tracklet_frames:401
2023/09/12 10:28:17 track_id:47 Succ/Prec:89.8/96.9 tracklet_frames:391
2023/09/12 10:28:19 track_id:49 Succ/Prec:92.7/97.4 tracklet_frames:203
2023/09/12 10:28:20 track_id:67 Succ/Prec:89.8/97.3 tracklet_frames:94
2023/09/12 10:28:23 track_id:53 Succ/Prec:91.6/97.3 tracklet_frames:181
2023/09/12 10:28:25 track_id:57 Succ/Prec:85.8/97.4 tracklet_frames:225
2023/09/12 10:28:28 track_id:56 Succ/Prec:89.2/97.0 tracklet_frames:210
2023/09/12 10:28:29 track_id:54 Succ/Prec:92.2/97.5 tracklet_frames:101
2023/09/12 10:28:31 track_id:55 Succ/Prec:88.4/97.2 tracklet_frames:146
2023/09/12 10:28:33 track_id:58 Succ/Prec:79.0/93.9 tracklet_frames:104
2023/09/12 10:28:34 track_id:60 Succ/Prec:91.6/97.3 tracklet_frames:91
2023/09/12 10:28:37 track_id:61 Succ/Prec:89.9/97.1 tracklet_frames:156
2023/09/12 10:28:38 track_id:62 Succ/Prec:91.3/97.5 tracklet_frames:95
2023/09/12 10:28:40 track_id:68 Succ/Prec:91.1/97.1 tracklet_frames:116
2023/09/12 10:28:41 track_id:69 Succ/Prec:91.2/97.5 tracklet_frames:61
2023/09/12 10:28:42 track_id:71 Succ/Prec:92.3/97.5 tracklet_frames:82
2023/09/12 10:28:42 track_id:70 Succ/Prec:82.4/96.1 tracklet_frames:26
2023/09/12 10:28:43 track_id:66 Succ/Prec:88.6/96.6 tracklet_frames:31
2023/09/12 10:28:44 track_id:75 Succ/Prec:92.6/97.6 tracklet_frames:45
2023/09/12 10:28:44 track_id:74 Succ/Prec:87.2/97.1 tracklet_frames:20
2023/09/12 10:28:45 track_id:98 Succ/Prec:79.6/96.8 tracklet_frames:25
2023/09/12 10:28:45 track_id:99 Succ/Prec:81.5/97.4 tracklet_frames:21
2023/09/12 10:28:46 track_id:77 Succ/Prec:83.6/95.7 tracklet_frames:51
2023/09/12 10:28:47 track_id:86 Succ/Prec:88.7/96.3 tracklet_frames:88
2023/09/12 10:28:48 track_id:85 Succ/Prec:82.8/95.9 tracklet_frames:64
2023/09/12 10:28:49 track_id:84 Succ/Prec:87.5/96.9 tracklet_frames:61
2023/09/12 10:28:50 track_id:83 Succ/Prec:92.1/97.5 tracklet_frames:62
2023/09/12 10:28:50 interval:1 frame:1654 Succ/Prec:86.94377267230955/96.52357920193471
2023/09/12 10:28:50 interval:2 frame:3112 Succ/Prec:89.61198586118252/96.97300771208226
2023/09/12 10:28:50 interval:3 frame:1071 Succ/Prec:91.05742296918768/97.18253968253968
2023/09/12 10:28:50 interval:4 frame:251 Succ/Prec:90.96613545816733/97.2808764940239
2023/09/12 10:28:50 total_tracklet_nums:62 actual_tracklet_nums:62 total_track_anno_nums:6088 actual_track_anno_nums:6088
2023/09/12 10:28:50 key_frame mean Succ/Prec 0/0 key_frame_num 0
2023/09/12 10:28:51 mean Succ/Prec 89.197191195795/96.90045992115637
