2023/09/04 20:07:07 ======================================================
2023/09/04 20:07:08 preloading PC...
2023/09/04 20:08:24 PC preloaded!
2023/09/04 20:08:24 preloading Model..
2023/09/04 20:09:00 Model preloaded!
2023/09/04 20:09:00 preloading PC...
2023/09/04 20:09:07 PC preloaded!
2023/09/04 20:09:07 preloading Model..
2023/09/04 20:09:13 Model preloaded!
2023/09/04 20:10:16 Epoch#0: train error=1.560583e+00, test error=4.682654e-01,7.440175e-01,6.250861e-02,lr = 0.001000
2023/09/04 20:11:12 Epoch#1: train error=1.095014e+00, test error=4.229870e-01,6.830370e-01,4.840433e-02,lr = 0.001000
2023/09/04 20:12:08 Epoch#2: train error=1.005767e+00, test error=4.707249e-01,6.905907e-01,4.716017e-02,lr = 0.001000
2023/09/04 20:13:05 Epoch#3: train error=9.583695e-01, test error=5.652057e-01,6.922193e-01,4.698506e-02,lr = 0.001000
2023/09/04 20:14:02 Epoch#4: train error=9.157681e-01, test error=6.293615e-01,7.031258e-01,4.564039e-02,lr = 0.001000
2023/09/04 20:14:59 Epoch#5: train error=8.846419e-01, test error=4.529687e-01,6.553318e-01,6.158385e-02,lr = 0.001000
2023/09/04 20:15:56 Epoch#6: train error=8.048020e-01, test error=4.645217e-01,6.690679e-01,4.477551e-02,lr = 0.000200
2023/09/04 20:16:53 Epoch#7: train error=7.751741e-01, test error=4.787283e-01,6.584442e-01,4.754893e-02,lr = 0.000200
2023/09/04 20:17:50 Epoch#8: train error=7.643880e-01, test error=4.866457e-01,6.479520e-01,4.478491e-02,lr = 0.000200
2023/09/04 20:18:48 Epoch#9: train error=7.546069e-01, test error=5.098568e-01,6.555077e-01,5.225497e-02,lr = 0.000200
2023/09/04 20:19:45 Epoch#10: train error=7.394987e-01, test error=4.653998e-01,6.492614e-01,5.067506e-02,lr = 0.000200
2023/09/04 20:20:42 Epoch#11: train error=7.285441e-01, test error=5.318835e-01,6.677226e-01,4.967983e-02,lr = 0.000200
2023/09/04 20:21:39 Epoch#12: train error=7.092868e-01, test error=5.536255e-01,6.519805e-01,4.489569e-02,lr = 0.000040
2023/09/04 20:22:37 Epoch#13: train error=7.081844e-01, test error=5.235005e-01,6.570763e-01,4.260997e-02,lr = 0.000040
2023/09/04 20:23:34 Epoch#14: train error=6.933454e-01, test error=5.366285e-01,6.633356e-01,4.449567e-02,lr = 0.000040
2023/09/04 20:24:31 Epoch#15: train error=6.951970e-01, test error=5.389041e-01,6.681623e-01,4.296477e-02,lr = 0.000040
2023/09/04 20:25:29 Epoch#16: train error=6.946068e-01, test error=5.640644e-01,6.506546e-01,4.306524e-02,lr = 0.000040
2023/09/04 20:26:26 Epoch#17: train error=6.910750e-01, test error=5.737470e-01,6.536871e-01,4.523636e-02,lr = 0.000040
2023/09/04 20:27:24 Epoch#18: train error=6.899377e-01, test error=5.492551e-01,6.652368e-01,4.609542e-02,lr = 0.000008
2023/09/04 20:28:21 Epoch#19: train error=6.875864e-01, test error=5.694509e-01,6.673389e-01,4.715288e-02,lr = 0.000008
2023/09/04 20:29:18 Epoch#20: train error=6.821708e-01, test error=5.426040e-01,6.606802e-01,4.483508e-02,lr = 0.000008
2023/09/04 20:30:16 Epoch#21: train error=6.921758e-01, test error=5.512295e-01,6.583712e-01,4.619633e-02,lr = 0.000008
2023/09/04 20:31:13 Epoch#22: train error=6.901414e-01, test error=5.567644e-01,6.625280e-01,4.295428e-02,lr = 0.000008
2023/09/04 20:32:11 Epoch#23: train error=6.875297e-01, test error=5.820470e-01,6.737480e-01,4.548774e-02,lr = 0.000008
2023/09/04 20:33:08 Epoch#24: train error=6.871813e-01, test error=5.779901e-01,6.609002e-01,4.587492e-02,lr = 0.000002
2023/09/04 20:34:05 Epoch#25: train error=6.815322e-01, test error=5.699857e-01,6.693534e-01,4.463235e-02,lr = 0.000002
2023/09/04 20:35:02 Epoch#26: train error=6.802493e-01, test error=5.524637e-01,6.597691e-01,4.435609e-02,lr = 0.000002
2023/09/04 20:36:00 Epoch#27: train error=6.838751e-01, test error=5.527031e-01,6.572599e-01,4.603707e-02,lr = 0.000002
2023/09/04 20:36:57 Epoch#28: train error=6.874464e-01, test error=5.715189e-01,6.648340e-01,4.550920e-02,lr = 0.000002
2023/09/04 20:37:55 Epoch#29: train error=6.866562e-01, test error=5.632252e-01,6.567651e-01,4.494718e-02,lr = 0.000002
