2023/07/15 22:41:35 Namespace(IoU_Space=3, category_name='Car', data_dir='/2TB/kitti/training/', model='/*****/kitti_model/Car/netR_15.pth', model_dir='kitti_model/Car', model_fusion='pointcloud', ngpu=1, reference_BB='current_gt', shape_aggregation='firstandprevious', which_dataset='KITTI')
2023/07/15 22:41:35 ======================================================model:/*****/kitti_model/Car/netR_15.pth
2023/07/15 22:41:58 track_id:0 Succ/Prec:97.8/97.8 tracklet_frames:8
2023/07/15 22:42:16 track_id:3 Succ/Prec:83.7/91.9 tracklet_frames:67
2023/07/15 22:42:22 track_id:42 Succ/Prec:84.8/92.2 tracklet_frames:237
2023/07/15 22:42:26 track_id:72 Succ/Prec:80.9/86.1 tracklet_frames:316
2023/07/15 22:42:29 track_id:63 Succ/Prec:76.9/81.6 tracklet_frames:173
2023/07/15 22:42:29 track_id:87 Succ/Prec:90.3/94.9 tracklet_frames:37
2023/07/15 22:42:30 track_id:88 Succ/Prec:86.3/93.8 tracklet_frames:89
2023/07/15 22:42:33 track_id:0 Succ/Prec:95.3/96.3 tracklet_frames:201
2023/07/15 22:42:33 track_id:1 Succ/Prec:97.5/97.6 tracklet_frames:18
2023/07/15 22:42:34 track_id:2 Succ/Prec:96.5/97.3 tracklet_frames:55
2023/07/15 22:42:35 track_id:3 Succ/Prec:97.5/97.5 tracklet_frames:71
2023/07/15 22:42:36 track_id:4 Succ/Prec:97.3/97.4 tracklet_frames:98
2023/07/15 22:42:38 track_id:5 Succ/Prec:90.3/94.6 tracklet_frames:151
2023/07/15 22:42:40 track_id:7 Succ/Prec:87.4/91.9 tracklet_frames:124
2023/07/15 22:42:41 track_id:8 Succ/Prec:84.0/92.8 tracklet_frames:110
2023/07/15 22:42:43 track_id:13 Succ/Prec:88.3/93.4 tracklet_frames:187
2023/07/15 22:42:46 track_id:16 Succ/Prec:88.3/90.2 tracklet_frames:231
2023/07/15 22:42:47 track_id:126 Succ/Prec:81.3/91.1 tracklet_frames:91
2023/07/15 22:42:48 track_id:127 Succ/Prec:74.0/84.4 tracklet_frames:46
2023/07/15 22:42:50 track_id:10 Succ/Prec:74.0/85.1 tracklet_frames:140
2023/07/15 22:42:50 track_id:6 Succ/Prec:96.2/97.0 tracklet_frames:50
2023/07/15 22:42:52 track_id:15 Succ/Prec:80.1/88.6 tracklet_frames:123
2023/07/15 22:42:53 track_id:9 Succ/Prec:97.5/97.5 tracklet_frames:94
2023/07/15 22:42:54 track_id:18 Succ/Prec:69.4/87.0 tracklet_frames:104
2023/07/15 22:42:56 track_id:19 Succ/Prec:80.8/89.1 tracklet_frames:95
2023/07/15 22:43:03 track_id:12 Succ/Prec:96.8/97.3 tracklet_frames:643
2023/07/15 22:43:04 track_id:22 Succ/Prec:75.4/89.4 tracklet_frames:64
2023/07/15 22:43:05 track_id:17 Succ/Prec:89.8/94.3 tracklet_frames:34
2023/07/15 22:43:05 track_id:23 Succ/Prec:74.2/86.2 tracklet_frames:43
2023/07/15 22:43:06 track_id:21 Succ/Prec:93.7/94.9 tracklet_frames:40
2023/07/15 22:43:06 track_id:130 Succ/Prec:71.3/87.4 tracklet_frames:17
2023/07/15 22:43:07 track_id:24 Succ/Prec:91.9/96.2 tracklet_frames:18
2023/07/15 22:43:07 track_id:26 Succ/Prec:77.3/90.6 tracklet_frames:20
2023/07/15 22:43:08 track_id:27 Succ/Prec:76.2/85.6 tracklet_frames:36
2023/07/15 22:43:08 track_id:28 Succ/Prec:73.2/89.3 tracklet_frames:7
2023/07/15 22:43:09 track_id:33 Succ/Prec:95.9/96.8 tracklet_frames:19
2023/07/15 22:43:09 track_id:35 Succ/Prec:75.8/89.5 tracklet_frames:16
2023/07/15 22:43:10 track_id:31 Succ/Prec:87.9/93.0 tracklet_frames:35
2023/07/15 22:43:10 track_id:29 Succ/Prec:91.7/96.2 tracklet_frames:6
2023/07/15 22:43:11 track_id:37 Succ/Prec:93.6/95.2 tracklet_frames:16
2023/07/15 22:43:11 track_id:39 Succ/Prec:89.1/95.0 tracklet_frames:17
2023/07/15 22:43:12 track_id:40 Succ/Prec:72.3/82.5 tracklet_frames:71
2023/07/15 22:43:13 track_id:34 Succ/Prec:85.0/94.1 tracklet_frames:11
2023/07/15 22:43:14 track_id:42 Succ/Prec:89.5/94.0 tracklet_frames:50
2023/07/15 22:43:14 track_id:44 Succ/Prec:86.2/91.8 tracklet_frames:60
2023/07/15 22:43:15 track_id:45 Succ/Prec:84.4/92.4 tracklet_frames:60
2023/07/15 22:43:16 track_id:46 Succ/Prec:89.8/93.1 tracklet_frames:74
2023/07/15 22:43:17 track_id:43 Succ/Prec:92.4/95.9 tracklet_frames:37
2023/07/15 22:43:17 track_id:41 Succ/Prec:95.0/97.1 tracklet_frames:7
2023/07/15 22:43:18 track_id:48 Succ/Prec:82.7/92.4 tracklet_frames:31
2023/07/15 22:43:19 track_id:52 Succ/Prec:90.8/94.1 tracklet_frames:64
2023/07/15 22:43:20 track_id:55 Succ/Prec:77.6/89.7 tracklet_frames:78
2023/07/15 22:43:21 track_id:125 Succ/Prec:87.3/94.7 tracklet_frames:15
2023/07/15 22:43:21 track_id:47 Succ/Prec:91.7/95.4 tracklet_frames:35
2023/07/15 22:43:22 track_id:101 Succ/Prec:79.3/91.4 tracklet_frames:34
2023/07/15 22:43:22 track_id:49 Succ/Prec:87.0/94.0 tracklet_frames:15
2023/07/15 22:43:23 track_id:53 Succ/Prec:87.3/94.7 tracklet_frames:31
2023/07/15 22:43:23 track_id:51 Succ/Prec:94.8/96.4 tracklet_frames:21
2023/07/15 22:43:24 track_id:56 Succ/Prec:90.7/93.9 tracklet_frames:41
2023/07/15 22:43:25 track_id:102 Succ/Prec:81.0/91.5 tracklet_frames:12
2023/07/15 22:43:25 track_id:50 Succ/Prec:95.7/97.1 tracklet_frames:7
2023/07/15 22:43:25 track_id:103 Succ/Prec:78.5/89.0 tracklet_frames:12
2023/07/15 22:43:26 track_id:54 Succ/Prec:88.6/94.1 tracklet_frames:23
2023/07/15 22:43:27 track_id:105 Succ/Prec:91.5/95.7 tracklet_frames:21
2023/07/15 22:43:27 track_id:58 Succ/Prec:92.1/95.6 tracklet_frames:35
2023/07/15 22:43:28 track_id:104 Succ/Prec:66.0/87.8 tracklet_frames:10
2023/07/15 22:43:29 track_id:106 Succ/Prec:83.9/91.2 tracklet_frames:21
2023/07/15 22:43:29 track_id:57 Succ/Prec:96.8/97.6 tracklet_frames:17
2023/07/15 22:43:30 track_id:65 Succ/Prec:81.8/89.5 tracklet_frames:41
2023/07/15 22:43:30 track_id:107 Succ/Prec:83.5/92.6 tracklet_frames:22
2023/07/15 22:43:31 track_id:60 Succ/Prec:95.1/97.1 tracklet_frames:17
2023/07/15 22:43:31 track_id:59 Succ/Prec:97.0/97.7 tracklet_frames:15
2023/07/15 22:43:33 track_id:67 Succ/Prec:88.1/93.4 tracklet_frames:37
2023/07/15 22:43:33 track_id:66 Succ/Prec:93.2/96.8 tracklet_frames:19
2023/07/15 22:43:34 track_id:63 Succ/Prec:81.1/93.3 tracklet_frames:9
2023/07/15 22:43:35 track_id:69 Succ/Prec:95.3/97.0 tracklet_frames:27
2023/07/15 22:43:35 track_id:62 Succ/Prec:86.2/93.8 tracklet_frames:2
2023/07/15 22:43:36 track_id:68 Succ/Prec:97.0/97.6 tracklet_frames:20
2023/07/15 22:43:37 track_id:71 Succ/Prec:96.9/97.6 tracklet_frames:31
2023/07/15 22:43:37 track_id:108 Succ/Prec:71.3/86.2 tracklet_frames:2
2023/07/15 22:43:37 track_id:70 Succ/Prec:89.8/96.2 tracklet_frames:14
2023/07/15 22:43:38 track_id:110 Succ/Prec:80.9/90.9 tracklet_frames:11
2023/07/15 22:43:38 track_id:73 Succ/Prec:90.8/94.8 tracklet_frames:23
2023/07/15 22:43:39 track_id:72 Succ/Prec:96.2/97.7 tracklet_frames:16
2023/07/15 22:43:39 track_id:79 Succ/Prec:86.8/92.4 tracklet_frames:38
2023/07/15 22:43:40 track_id:77 Succ/Prec:86.7/94.0 tracklet_frames:12
2023/07/15 22:43:40 track_id:111 Succ/Prec:79.5/91.4 tracklet_frames:11
2023/07/15 22:43:41 track_id:81 Succ/Prec:89.6/93.7 tracklet_frames:44
2023/07/15 22:43:42 track_id:80 Succ/Prec:70.3/78.5 tracklet_frames:27
2023/07/15 22:43:42 track_id:78 Succ/Prec:97.3/97.7 tracklet_frames:11
2023/07/15 22:43:43 track_id:86 Succ/Prec:85.1/91.3 tracklet_frames:54
2023/07/15 22:43:43 track_id:113 Succ/Prec:75.1/82.0 tracklet_frames:21
2023/07/15 22:43:44 track_id:112 Succ/Prec:82.0/91.0 tracklet_frames:5
2023/07/15 22:43:44 track_id:82 Succ/Prec:87.0/94.8 tracklet_frames:16
2023/07/15 22:43:45 track_id:84 Succ/Prec:50.8/63.6 tracklet_frames:23
2023/07/15 22:43:45 track_id:88 Succ/Prec:89.9/94.2 tracklet_frames:45
2023/07/15 22:43:46 track_id:87 Succ/Prec:73.1/84.8 tracklet_frames:31
2023/07/15 22:43:47 track_id:89 Succ/Prec:94.0/95.7 tracklet_frames:50
2023/07/15 22:43:48 track_id:91 Succ/Prec:87.5/92.8 tracklet_frames:58
2023/07/15 22:43:48 track_id:85 Succ/Prec:90.8/95.2 tracklet_frames:16
2023/07/15 22:43:49 track_id:114 Succ/Prec:68.4/77.4 tracklet_frames:29
2023/07/15 22:43:49 track_id:115 Succ/Prec:85.2/93.5 tracklet_frames:28
2023/07/15 22:43:50 track_id:133 Succ/Prec:67.9/84.1 tracklet_frames:20
2023/07/15 22:43:50 track_id:90 Succ/Prec:92.2/95.9 tracklet_frames:29
2023/07/15 22:43:54 track_id:123 Succ/Prec:70.0/79.7 tracklet_frames:271
2023/07/15 22:43:54 track_id:116 Succ/Prec:80.0/89.3 tracklet_frames:23
2023/07/15 22:43:57 track_id:122 Succ/Prec:83.8/89.7 tracklet_frames:255
2023/07/15 22:43:58 track_id:92 Succ/Prec:84.5/93.2 tracklet_frames:10
2023/07/15 22:43:58 track_id:95 Succ/Prec:88.0/93.0 tracklet_frames:25
2023/07/15 22:43:59 track_id:97 Succ/Prec:86.9/94.8 tracklet_frames:30
2023/07/15 22:43:59 track_id:121 Succ/Prec:74.2/90.0 tracklet_frames:3
2023/07/15 22:44:00 track_id:94 Succ/Prec:100.0/100.0 tracklet_frames:1
2023/07/15 22:44:00 track_id:96 Succ/Prec:93.8/96.6 tracklet_frames:8
2023/07/15 22:44:00 track_id:120 Succ/Prec:97.5/98.8 tracklet_frames:2
2023/07/15 22:44:01 track_id:132 Succ/Prec:81.3/92.2 tracklet_frames:8
2023/07/15 22:44:01 track_id:119 Succ/Prec:65.7/75.5 tracklet_frames:19
2023/07/15 22:44:02 track_id:98 Succ/Prec:74.4/86.9 tracklet_frames:4
2023/07/15 22:44:02 track_id:118 Succ/Prec:74.4/90.6 tracklet_frames:4
2023/07/15 22:44:02 track_id:100 Succ/Prec:73.1/85.8 tracklet_frames:13
2023/07/15 22:44:03 track_id:131 Succ/Prec:59.9/71.8 tracklet_frames:34
2023/07/15 22:44:03 interval:1 frame:3293 Succ/Prec:78.28499848162768/87.24719101123594
2023/07/15 22:44:03 interval:2 frame:2156 Succ/Prec:92.37012987012989/95.11247680890537
2023/07/15 22:44:03 interval:3 frame:693 Succ/Prec:95.66017316017317/96.5909090909091
2023/07/15 22:44:04 interval:4 frame:282 Succ/Prec:95.27482269503545/96.48936170212765
2023/07/15 22:44:04 total_tracklet_nums:120 actual_tracklet_nums:120 total_track_anno_nums:6424 actual_track_anno_nums:6424
2023/07/15 22:44:04 key_frame mean Succ/Prec 0/0 key_frame_num 0
2023/07/15 22:44:04 mean Succ/Prec 85.63239414694893/91.30059153175591
