2023/07/15 22:36:28 Namespace(IoU_Space=3, category_name='Car', data_dir='/2TB/kitti/training/', model='/*****/kitti_model/Car/netR_13.pth', model_dir='kitti_model/Car', model_fusion='pointcloud', ngpu=1, reference_BB='current_gt', shape_aggregation='firstandprevious', which_dataset='KITTI')
2023/07/15 22:36:28 ======================================================model:/*****/kitti_model/Car/netR_13.pth
2023/07/15 22:36:52 track_id:0 Succ/Prec:97.8/97.8 tracklet_frames:8
2023/07/15 22:37:12 track_id:3 Succ/Prec:84.0/92.1 tracklet_frames:67
2023/07/15 22:37:17 track_id:42 Succ/Prec:84.9/92.0 tracklet_frames:237
2023/07/15 22:37:21 track_id:72 Succ/Prec:80.9/86.2 tracklet_frames:316
2023/07/15 22:37:24 track_id:63 Succ/Prec:77.2/82.0 tracklet_frames:173
2023/07/15 22:37:24 track_id:87 Succ/Prec:88.2/94.2 tracklet_frames:37
2023/07/15 22:37:26 track_id:88 Succ/Prec:87.8/94.4 tracklet_frames:89
2023/07/15 22:37:28 track_id:0 Succ/Prec:95.8/96.7 tracklet_frames:201
2023/07/15 22:37:28 track_id:1 Succ/Prec:97.5/97.6 tracklet_frames:18
2023/07/15 22:37:29 track_id:2 Succ/Prec:95.5/97.1 tracklet_frames:55
2023/07/15 22:37:30 track_id:3 Succ/Prec:97.5/97.5 tracklet_frames:71
2023/07/15 22:37:31 track_id:4 Succ/Prec:96.8/97.3 tracklet_frames:98
2023/07/15 22:37:33 track_id:5 Succ/Prec:89.3/93.9 tracklet_frames:151
2023/07/15 22:37:35 track_id:7 Succ/Prec:85.9/91.6 tracklet_frames:124
2023/07/15 22:37:36 track_id:8 Succ/Prec:82.8/92.5 tracklet_frames:110
2023/07/15 22:37:38 track_id:13 Succ/Prec:87.6/93.3 tracklet_frames:187
2023/07/15 22:37:41 track_id:16 Succ/Prec:88.0/90.2 tracklet_frames:231
2023/07/15 22:37:42 track_id:126 Succ/Prec:81.3/91.6 tracklet_frames:91
2023/07/15 22:37:43 track_id:127 Succ/Prec:75.7/86.9 tracklet_frames:46
2023/07/15 22:37:45 track_id:10 Succ/Prec:74.2/85.6 tracklet_frames:140
2023/07/15 22:37:45 track_id:6 Succ/Prec:96.2/97.2 tracklet_frames:50
2023/07/15 22:37:47 track_id:15 Succ/Prec:80.9/89.5 tracklet_frames:123
2023/07/15 22:37:48 track_id:9 Succ/Prec:97.4/97.5 tracklet_frames:94
2023/07/15 22:37:49 track_id:18 Succ/Prec:68.3/86.6 tracklet_frames:104
2023/07/15 22:37:50 track_id:19 Succ/Prec:80.9/89.6 tracklet_frames:95
2023/07/15 22:37:58 track_id:12 Succ/Prec:96.8/97.3 tracklet_frames:643
2023/07/15 22:37:59 track_id:22 Succ/Prec:74.6/89.4 tracklet_frames:64
2023/07/15 22:38:00 track_id:17 Succ/Prec:88.2/93.8 tracklet_frames:34
2023/07/15 22:38:00 track_id:23 Succ/Prec:74.0/86.6 tracklet_frames:43
2023/07/15 22:38:01 track_id:21 Succ/Prec:92.8/94.7 tracklet_frames:40
2023/07/15 22:38:02 track_id:130 Succ/Prec:71.3/87.4 tracklet_frames:17
2023/07/15 22:38:02 track_id:24 Succ/Prec:90.8/96.0 tracklet_frames:18
2023/07/15 22:38:03 track_id:26 Succ/Prec:77.0/90.4 tracklet_frames:20
2023/07/15 22:38:03 track_id:27 Succ/Prec:69.7/79.1 tracklet_frames:36
2023/07/15 22:38:04 track_id:28 Succ/Prec:73.9/89.3 tracklet_frames:7
2023/07/15 22:38:04 track_id:33 Succ/Prec:95.7/97.1 tracklet_frames:19
2023/07/15 22:38:04 track_id:35 Succ/Prec:76.4/89.5 tracklet_frames:16
2023/07/15 22:38:05 track_id:31 Succ/Prec:86.3/92.7 tracklet_frames:35
2023/07/15 22:38:06 track_id:29 Succ/Prec:91.7/96.2 tracklet_frames:6
2023/07/15 22:38:06 track_id:37 Succ/Prec:93.0/94.8 tracklet_frames:16
2023/07/15 22:38:07 track_id:39 Succ/Prec:89.4/95.0 tracklet_frames:17
2023/07/15 22:38:08 track_id:40 Succ/Prec:72.7/82.9 tracklet_frames:71
2023/07/15 22:38:09 track_id:34 Succ/Prec:86.4/95.0 tracklet_frames:11
2023/07/15 22:38:09 track_id:42 Succ/Prec:88.9/93.8 tracklet_frames:50
2023/07/15 22:38:10 track_id:44 Succ/Prec:84.8/90.8 tracklet_frames:60
2023/07/15 22:38:11 track_id:45 Succ/Prec:85.6/92.5 tracklet_frames:60
2023/07/15 22:38:12 track_id:46 Succ/Prec:89.0/92.8 tracklet_frames:74
2023/07/15 22:38:13 track_id:43 Succ/Prec:91.1/95.7 tracklet_frames:37
2023/07/15 22:38:13 track_id:41 Succ/Prec:95.0/97.1 tracklet_frames:7
2023/07/15 22:38:14 track_id:48 Succ/Prec:82.0/91.6 tracklet_frames:31
2023/07/15 22:38:15 track_id:52 Succ/Prec:90.6/94.0 tracklet_frames:64
2023/07/15 22:38:16 track_id:55 Succ/Prec:78.3/89.6 tracklet_frames:78
2023/07/15 22:38:17 track_id:125 Succ/Prec:87.0/94.3 tracklet_frames:15
2023/07/15 22:38:17 track_id:47 Succ/Prec:90.7/94.9 tracklet_frames:35
2023/07/15 22:38:18 track_id:101 Succ/Prec:78.2/90.5 tracklet_frames:34
2023/07/15 22:38:18 track_id:49 Succ/Prec:84.7/93.3 tracklet_frames:15
2023/07/15 22:38:19 track_id:53 Succ/Prec:86.3/94.7 tracklet_frames:31
2023/07/15 22:38:19 track_id:51 Succ/Prec:94.0/96.0 tracklet_frames:21
2023/07/15 22:38:20 track_id:56 Succ/Prec:89.4/94.0 tracklet_frames:41
2023/07/15 22:38:21 track_id:102 Succ/Prec:80.6/91.5 tracklet_frames:12
2023/07/15 22:38:21 track_id:50 Succ/Prec:93.6/97.1 tracklet_frames:7
2023/07/15 22:38:21 track_id:103 Succ/Prec:78.1/89.4 tracklet_frames:12
2023/07/15 22:38:22 track_id:54 Succ/Prec:86.4/93.3 tracklet_frames:23
2023/07/15 22:38:23 track_id:105 Succ/Prec:91.1/95.5 tracklet_frames:21
2023/07/15 22:38:23 track_id:58 Succ/Prec:90.7/95.0 tracklet_frames:35
2023/07/15 22:38:24 track_id:104 Succ/Prec:67.5/88.8 tracklet_frames:10
2023/07/15 22:38:24 track_id:106 Succ/Prec:82.5/91.0 tracklet_frames:21
2023/07/15 22:38:25 track_id:57 Succ/Prec:95.0/97.1 tracklet_frames:17
2023/07/15 22:38:26 track_id:65 Succ/Prec:79.6/88.9 tracklet_frames:41
2023/07/15 22:38:26 track_id:107 Succ/Prec:83.1/92.2 tracklet_frames:22
2023/07/15 22:38:27 track_id:60 Succ/Prec:93.4/96.5 tracklet_frames:17
2023/07/15 22:38:27 track_id:59 Succ/Prec:96.0/97.0 tracklet_frames:15
2023/07/15 22:38:28 track_id:67 Succ/Prec:88.0/93.5 tracklet_frames:37
2023/07/15 22:38:29 track_id:66 Succ/Prec:92.4/96.6 tracklet_frames:19
2023/07/15 22:38:30 track_id:63 Succ/Prec:80.6/93.3 tracklet_frames:9
2023/07/15 22:38:31 track_id:69 Succ/Prec:94.4/96.7 tracklet_frames:27
2023/07/15 22:38:31 track_id:62 Succ/Prec:86.2/93.8 tracklet_frames:2
2023/07/15 22:38:32 track_id:68 Succ/Prec:97.0/97.4 tracklet_frames:20
2023/07/15 22:38:32 track_id:71 Succ/Prec:96.2/97.3 tracklet_frames:31
2023/07/15 22:38:32 track_id:108 Succ/Prec:73.8/86.2 tracklet_frames:2
2023/07/15 22:38:33 track_id:70 Succ/Prec:88.0/95.2 tracklet_frames:14
2023/07/15 22:38:33 track_id:110 Succ/Prec:80.0/90.9 tracklet_frames:11
2023/07/15 22:38:34 track_id:73 Succ/Prec:89.9/94.3 tracklet_frames:23
2023/07/15 22:38:34 track_id:72 Succ/Prec:95.9/97.3 tracklet_frames:16
2023/07/15 22:38:35 track_id:79 Succ/Prec:86.8/92.7 tracklet_frames:38
2023/07/15 22:38:35 track_id:77 Succ/Prec:87.1/94.0 tracklet_frames:12
2023/07/15 22:38:36 track_id:111 Succ/Prec:78.2/90.9 tracklet_frames:11
2023/07/15 22:38:37 track_id:81 Succ/Prec:88.6/93.2 tracklet_frames:44
2023/07/15 22:38:37 track_id:80 Succ/Prec:68.2/78.9 tracklet_frames:27
2023/07/15 22:38:38 track_id:78 Succ/Prec:97.7/97.7 tracklet_frames:11
2023/07/15 22:38:38 track_id:86 Succ/Prec:86.0/92.2 tracklet_frames:54
2023/07/15 22:38:39 track_id:113 Succ/Prec:73.9/82.3 tracklet_frames:21
2023/07/15 22:38:39 track_id:112 Succ/Prec:83.0/91.0 tracklet_frames:5
2023/07/15 22:38:40 track_id:82 Succ/Prec:84.8/94.2 tracklet_frames:16
2023/07/15 22:38:40 track_id:84 Succ/Prec:45.8/56.1 tracklet_frames:23
2023/07/15 22:38:41 track_id:88 Succ/Prec:89.4/94.3 tracklet_frames:45
2023/07/15 22:38:41 track_id:87 Succ/Prec:73.0/82.7 tracklet_frames:31
2023/07/15 22:38:42 track_id:89 Succ/Prec:93.0/95.2 tracklet_frames:50
2023/07/15 22:38:43 track_id:91 Succ/Prec:87.9/93.0 tracklet_frames:58
2023/07/15 22:38:43 track_id:85 Succ/Prec:88.0/95.2 tracklet_frames:16
2023/07/15 22:38:44 track_id:114 Succ/Prec:68.4/77.8 tracklet_frames:29
2023/07/15 22:38:45 track_id:115 Succ/Prec:85.4/93.5 tracklet_frames:28
2023/07/15 22:38:45 track_id:133 Succ/Prec:70.6/85.4 tracklet_frames:20
2023/07/15 22:38:46 track_id:90 Succ/Prec:91.9/95.9 tracklet_frames:29
2023/07/15 22:38:49 track_id:123 Succ/Prec:70.4/80.8 tracklet_frames:271
2023/07/15 22:38:49 track_id:116 Succ/Prec:76.1/88.3 tracklet_frames:23
2023/07/15 22:38:52 track_id:122 Succ/Prec:84.6/90.3 tracklet_frames:255
2023/07/15 22:38:53 track_id:92 Succ/Prec:82.0/92.2 tracklet_frames:10
2023/07/15 22:38:53 track_id:95 Succ/Prec:88.4/93.4 tracklet_frames:25
2023/07/15 22:38:54 track_id:97 Succ/Prec:85.8/94.2 tracklet_frames:30
2023/07/15 22:38:54 track_id:121 Succ/Prec:74.2/90.0 tracklet_frames:3
2023/07/15 22:38:54 track_id:94 Succ/Prec:100.0/100.0 tracklet_frames:1
2023/07/15 22:38:55 track_id:96 Succ/Prec:91.3/95.3 tracklet_frames:8
2023/07/15 22:38:55 track_id:120 Succ/Prec:97.5/98.8 tracklet_frames:2
2023/07/15 22:38:55 track_id:132 Succ/Prec:81.9/92.2 tracklet_frames:8
2023/07/15 22:38:56 track_id:119 Succ/Prec:66.4/77.4 tracklet_frames:19
2023/07/15 22:38:56 track_id:98 Succ/Prec:74.4/85.6 tracklet_frames:4
2023/07/15 22:38:57 track_id:118 Succ/Prec:76.9/90.6 tracklet_frames:4
2023/07/15 22:38:57 track_id:100 Succ/Prec:73.1/85.4 tracklet_frames:13
2023/07/15 22:38:58 track_id:131 Succ/Prec:62.1/75.9 tracklet_frames:34
2023/07/15 22:38:58 interval:1 frame:3293 Succ/Prec:78.05876100819921/87.29350136653508
2023/07/15 22:38:58 interval:2 frame:2156 Succ/Prec:91.97820037105751/95.06377551020408
2023/07/15 22:38:58 interval:3 frame:693 Succ/Prec:95.56637806637808/96.5909090909091
2023/07/15 22:38:58 interval:4 frame:282 Succ/Prec:95.31028368794325/96.54255319148936
2023/07/15 22:38:58 total_tracklet_nums:120 actual_tracklet_nums:120 total_track_anno_nums:6424 actual_track_anno_nums:6424
2023/07/15 22:38:58 key_frame mean Succ/Prec 0/0 key_frame_num 0
2023/07/15 22:38:58 mean Succ/Prec 85.37632316313824/91.31032067247821
