2023/07/15 10:55:24 ======================================================
2023/07/15 10:55:26 preloading PC...
2023/07/15 10:59:48 PC preloaded!
2023/07/15 10:59:48 preloading Model..
2023/07/15 11:01:58 Model preloaded!
2023/07/15 11:01:58 preloading PC...
2023/07/15 11:02:13 PC preloaded!
2023/07/15 11:02:13 preloading Model..
2023/07/15 11:02:22 Model preloaded!
2023/07/15 11:11:41 Epoch#0: train error=1.003025e+00, test error=4.586515e-01,7.755812e-01,6.835325e-02,lr = 0.001000
2023/07/15 11:20:51 Epoch#1: train error=8.206117e-01, test error=3.438063e-01,7.375033e-01,5.702915e-02,lr = 0.001000
2023/07/15 11:30:01 Epoch#2: train error=7.399556e-01, test error=3.296667e-01,6.185647e-01,6.130987e-02,lr = 0.001000
2023/07/15 11:39:09 Epoch#3: train error=6.391294e-01, test error=2.951168e-01,6.447937e-01,6.884061e-02,lr = 0.001000
2023/07/15 11:48:17 Epoch#4: train error=5.905662e-01, test error=3.090881e-01,5.863402e-01,5.928412e-02,lr = 0.001000
2023/07/15 11:57:28 Epoch#5: train error=5.608088e-01, test error=3.103015e-01,5.465757e-01,5.465767e-02,lr = 0.001000
2023/07/15 12:06:37 Epoch#6: train error=4.871544e-01, test error=3.395115e-01,5.621275e-01,5.610721e-02,lr = 0.000200
2023/07/15 12:15:44 Epoch#7: train error=4.673028e-01, test error=3.603411e-01,5.721111e-01,5.408985e-02,lr = 0.000200
2023/07/15 12:24:51 Epoch#8: train error=4.582258e-01, test error=3.474720e-01,5.587780e-01,5.751840e-02,lr = 0.000200
2023/07/15 12:34:00 Epoch#9: train error=4.491813e-01, test error=3.963914e-01,5.683184e-01,5.494682e-02,lr = 0.000200
2023/07/15 12:43:09 Epoch#10: train error=4.438348e-01, test error=3.314106e-01,5.649515e-01,6.247266e-02,lr = 0.000200
2023/07/15 12:52:19 Epoch#11: train error=4.358791e-01, test error=3.594129e-01,5.659940e-01,5.471982e-02,lr = 0.000200
2023/07/15 13:01:27 Epoch#12: train error=4.225017e-01, test error=3.939262e-01,5.541447e-01,5.435929e-02,lr = 0.000040
2023/07/15 13:10:35 Epoch#13: train error=4.159931e-01, test error=3.933171e-01,5.593286e-01,5.400628e-02,lr = 0.000040
2023/07/15 13:19:44 Epoch#14: train error=4.124306e-01, test error=3.789730e-01,5.499258e-01,5.563049e-02,lr = 0.000040
2023/07/15 13:28:50 Epoch#15: train error=4.108748e-01, test error=3.923270e-01,5.546435e-01,5.389954e-02,lr = 0.000040
2023/07/15 13:37:59 Epoch#16: train error=4.106959e-01, test error=3.884687e-01,5.443606e-01,5.554236e-02,lr = 0.000040
2023/07/15 13:47:09 Epoch#17: train error=4.052423e-01, test error=4.084526e-01,5.490248e-01,5.466281e-02,lr = 0.000040
2023/07/15 13:56:22 Epoch#18: train error=4.054963e-01, test error=3.999065e-01,5.567687e-01,5.472041e-02,lr = 0.000008
2023/07/15 14:05:29 Epoch#19: train error=4.053785e-01, test error=4.051777e-01,5.510857e-01,5.630005e-02,lr = 0.000008
2023/07/15 14:14:35 Epoch#20: train error=4.030829e-01, test error=4.046887e-01,5.565640e-01,5.544257e-02,lr = 0.000008
2023/07/15 14:23:43 Epoch#21: train error=4.028529e-01, test error=4.051758e-01,5.552090e-01,5.538793e-02,lr = 0.000008
2023/07/15 14:32:52 Epoch#22: train error=4.025564e-01, test error=3.991033e-01,5.506418e-01,5.473984e-02,lr = 0.000008
2023/07/15 14:42:01 Epoch#23: train error=4.020519e-01, test error=3.965194e-01,5.540970e-01,5.530407e-02,lr = 0.000008
2023/07/15 14:51:08 Epoch#24: train error=4.018041e-01, test error=3.850521e-01,5.546472e-01,5.480644e-02,lr = 0.000002
2023/07/15 15:00:15 Epoch#25: train error=4.025375e-01, test error=4.007531e-01,5.560799e-01,5.492362e-02,lr = 0.000002
2023/07/15 15:09:22 Epoch#26: train error=4.005906e-01, test error=3.959676e-01,5.577328e-01,5.659541e-02,lr = 0.000002
2023/07/15 15:18:33 Epoch#27: train error=4.012614e-01, test error=4.025751e-01,5.532893e-01,5.587803e-02,lr = 0.000002
2023/07/15 15:27:43 Epoch#28: train error=4.003796e-01, test error=4.108248e-01,5.605008e-01,5.527945e-02,lr = 0.000002
2023/07/15 15:36:51 Epoch#29: train error=4.027847e-01, test error=4.110697e-01,5.563093e-01,5.567891e-02,lr = 0.000002
2023/07/15 15:45:58 Epoch#30: train error=4.017056e-01, test error=4.079329e-01,5.518801e-01,5.546378e-02,lr = 0.000000
2023/07/15 15:55:07 Epoch#31: train error=4.010533e-01, test error=4.008291e-01,5.544756e-01,5.552819e-02,lr = 0.000000
2023/07/15 16:04:17 Epoch#32: train error=3.995728e-01, test error=3.969951e-01,5.537293e-01,5.585706e-02,lr = 0.000000
2023/07/15 16:13:24 Epoch#33: train error=4.006834e-01, test error=4.016187e-01,5.494913e-01,5.599755e-02,lr = 0.000000
2023/07/15 16:22:31 Epoch#34: train error=4.004180e-01, test error=4.033852e-01,5.512385e-01,5.498457e-02,lr = 0.000000
2023/07/15 16:31:39 Epoch#35: train error=4.015608e-01, test error=3.918877e-01,5.452777e-01,5.541484e-02,lr = 0.000000
2023/07/15 16:40:46 Epoch#36: train error=4.005249e-01, test error=4.025777e-01,5.560566e-01,5.541265e-02,lr = 0.000000
2023/07/15 16:49:54 Epoch#37: train error=4.026078e-01, test error=4.116103e-01,5.531776e-01,5.625105e-02,lr = 0.000000
2023/07/15 16:59:00 Epoch#38: train error=4.008268e-01, test error=4.126469e-01,5.510084e-01,5.428521e-02,lr = 0.000000
2023/07/15 17:08:08 Epoch#39: train error=4.005499e-01, test error=4.153029e-01,5.547056e-01,5.554241e-02,lr = 0.000000
2023/07/15 17:17:21 Epoch#40: train error=4.018224e-01, test error=3.890741e-01,5.468608e-01,5.562362e-02,lr = 0.000000
2023/07/15 17:26:28 Epoch#41: train error=4.021432e-01, test error=3.992311e-01,5.590354e-01,5.536072e-02,lr = 0.000000
2023/07/15 17:35:34 Epoch#42: train error=4.005846e-01, test error=4.017199e-01,5.505255e-01,5.539915e-02,lr = 0.000000
2023/07/15 17:44:41 Epoch#43: train error=3.997830e-01, test error=4.037986e-01,5.549675e-01,5.515355e-02,lr = 0.000000
2023/07/15 17:53:50 Epoch#44: train error=4.014865e-01, test error=3.998524e-01,5.536131e-01,5.486719e-02,lr = 0.000000
2023/07/15 18:03:03 Epoch#45: train error=3.992816e-01, test error=3.933830e-01,5.564579e-01,5.562171e-02,lr = 0.000000
2023/07/15 18:12:13 Epoch#46: train error=3.987856e-01, test error=3.971131e-01,5.548728e-01,5.609994e-02,lr = 0.000000
2023/07/15 18:21:19 Epoch#47: train error=4.016563e-01, test error=4.097865e-01,5.526140e-01,5.525402e-02,lr = 0.000000
2023/07/15 18:30:27 Epoch#48: train error=4.003597e-01, test error=4.082001e-01,5.550617e-01,5.526880e-02,lr = 0.000000
2023/07/15 18:39:34 Epoch#49: train error=4.000208e-01, test error=4.020102e-01,5.515447e-01,5.521129e-02,lr = 0.000000
2023/07/15 18:48:41 Epoch#50: train error=3.996522e-01, test error=4.117885e-01,5.503947e-01,5.468233e-02,lr = 0.000000
2023/07/15 18:57:50 Epoch#51: train error=4.011014e-01, test error=3.927350e-01,5.522383e-01,5.531339e-02,lr = 0.000000
2023/07/15 19:06:57 Epoch#52: train error=4.011543e-01, test error=4.184204e-01,5.456854e-01,5.482251e-02,lr = 0.000000
2023/07/15 19:16:05 Epoch#53: train error=4.017510e-01, test error=3.903174e-01,5.538779e-01,5.562708e-02,lr = 0.000000
2023/07/15 19:25:13 Epoch#54: train error=4.016303e-01, test error=3.946986e-01,5.570960e-01,5.562872e-02,lr = 0.000000
2023/07/15 19:34:19 Epoch#55: train error=4.006262e-01, test error=4.062985e-01,5.546762e-01,5.486297e-02,lr = 0.000000
2023/07/15 19:43:25 Epoch#56: train error=4.019738e-01, test error=3.957916e-01,5.506945e-01,5.533371e-02,lr = 0.000000
2023/07/15 19:52:32 Epoch#57: train error=4.008034e-01, test error=3.965493e-01,5.478825e-01,5.535342e-02,lr = 0.000000
2023/07/15 20:01:41 Epoch#58: train error=4.004150e-01, test error=4.168956e-01,5.559790e-01,5.464344e-02,lr = 0.000000
2023/07/15 20:10:48 Epoch#59: train error=4.011138e-01, test error=3.944787e-01,5.584140e-01,5.500029e-02,lr = 0.000000
