2023/07/16 22:34:45 ======================================================
2023/07/16 22:35:19 preloading PC...
2023/07/16 22:36:49 PC preloaded!
2023/07/16 22:36:49 preloading Model..
2023/07/16 23:10:40 Model preloaded!
2023/07/16 23:10:40 preloading PC...
2023/07/16 23:10:41 PC preloaded!
2023/07/16 23:10:41 preloading Model..
2023/07/16 23:11:06 Model preloaded!
2023/07/17 01:37:16 Epoch#0: train error=6.502804e-01, test error=3.717096e-01,5.158939e-01,7.758757e-02,lr = 0.001000
2023/07/17 04:08:29 Epoch#1: train error=5.119081e-01, test error=5.101827e-01,5.273433e-01,6.720308e-02,lr = 0.001000
2023/07/17 06:40:39 Epoch#2: train error=4.427157e-01, test error=4.503303e-01,5.062954e-01,6.338309e-02,lr = 0.000200
2023/07/17 08:58:54 Epoch#3: train error=4.265392e-01, test error=4.391457e-01,5.114781e-01,6.391368e-02,lr = 0.000200
2023/07/17 11:14:35 Epoch#4: train error=4.125437e-01, test error=4.716880e-01,5.097096e-01,6.292031e-02,lr = 0.000040
2023/07/17 13:30:12 Epoch#5: train error=4.088692e-01, test error=4.617166e-01,5.030747e-01,6.241248e-02,lr = 0.000040
2023/07/17 15:45:56 Epoch#6: train error=4.056197e-01, test error=4.520877e-01,5.021822e-01,6.328306e-02,lr = 0.000008
2023/07/17 18:01:58 Epoch#7: train error=4.053364e-01, test error=4.566508e-01,5.042344e-01,6.398702e-02,lr = 0.000008
2023/07/17 20:17:53 Epoch#8: train error=4.045314e-01, test error=4.654143e-01,5.083562e-01,6.412528e-02,lr = 0.000002
2023/07/17 22:33:48 Epoch#9: train error=4.046876e-01, test error=4.727334e-01,5.107327e-01,6.358714e-02,lr = 0.000002
2023/07/18 00:54:20 Epoch#10: train error=4.038762e-01, test error=4.753373e-01,5.116253e-01,6.367112e-02,lr = 0.000000
2023/07/18 03:18:55 Epoch#11: train error=4.043208e-01, test error=4.656552e-01,5.072615e-01,6.365161e-02,lr = 0.000000
2023/07/18 05:44:48 Epoch#12: train error=4.038004e-01, test error=4.520510e-01,5.076164e-01,6.250437e-02,lr = 0.000000
2023/07/18 08:10:23 Epoch#13: train error=4.039016e-01, test error=4.567367e-01,5.045391e-01,6.389055e-02,lr = 0.000000
2023/07/18 10:31:48 Epoch#14: train error=4.041626e-01, test error=4.541370e-01,5.087702e-01,6.254984e-02,lr = 0.000000
2023/07/18 12:47:56 Epoch#15: train error=4.042283e-01, test error=4.584485e-01,5.038216e-01,6.271972e-02,lr = 0.000000
2023/07/18 15:04:15 Epoch#16: train error=4.040652e-01, test error=4.505257e-01,5.041673e-01,6.277391e-02,lr = 0.000000
2023/07/18 17:20:54 Epoch#17: train error=4.042709e-01, test error=4.493227e-01,5.032056e-01,6.258663e-02,lr = 0.000000
2023/07/18 19:36:52 Epoch#18: train error=4.042808e-01, test error=4.611278e-01,5.106112e-01,6.214004e-02,lr = 0.000000
2023/07/18 21:52:19 Epoch#19: train error=4.043609e-01, test error=4.692789e-01,5.095520e-01,6.327315e-02,lr = 0.000000
2023/07/19 00:08:05 Epoch#20: train error=4.041128e-01, test error=4.755059e-01,5.078806e-01,6.360667e-02,lr = 0.000000
2023/07/19 02:25:16 Epoch#21: train error=4.041215e-01, test error=4.660934e-01,5.099039e-01,6.402588e-02,lr = 0.000000
2023/07/19 04:45:44 Epoch#22: train error=4.045145e-01, test error=4.624070e-01,5.068137e-01,6.365651e-02,lr = 0.000000
2023/07/19 07:07:10 Epoch#23: train error=4.037962e-01, test error=4.576713e-01,5.075335e-01,6.335414e-02,lr = 0.000000
2023/07/19 09:28:56 Epoch#24: train error=4.039789e-01, test error=4.646366e-01,5.080004e-01,6.345624e-02,lr = 0.000000
2023/07/19 11:45:06 Epoch#25: train error=4.040655e-01, test error=4.723106e-01,5.082373e-01,6.305717e-02,lr = 0.000000
2023/07/19 14:00:54 Epoch#26: train error=4.041792e-01, test error=4.607138e-01,5.125881e-01,6.360559e-02,lr = 0.000000
2023/07/19 16:16:45 Epoch#27: train error=4.040987e-01, test error=4.730564e-01,5.068523e-01,6.407121e-02,lr = 0.000000
2023/07/19 18:32:36 Epoch#28: train error=4.042566e-01, test error=4.597794e-01,5.072134e-01,6.355631e-02,lr = 0.000000
2023/07/19 20:48:16 Epoch#29: train error=4.043935e-01, test error=4.606559e-01,5.094052e-01,6.273162e-02,lr = 0.000000
2023/07/19 23:03:50 Epoch#30: train error=4.039302e-01, test error=4.729322e-01,5.126914e-01,6.401825e-02,lr = 0.000000
2023/07/20 01:18:50 Epoch#31: train error=4.042162e-01, test error=4.669087e-01,5.105604e-01,6.316438e-02,lr = 0.000000
2023/07/20 03:33:42 Epoch#32: train error=4.041495e-01, test error=4.535816e-01,5.067762e-01,6.207698e-02,lr = 0.000000
2023/07/20 05:48:17 Epoch#33: train error=4.042029e-01, test error=4.663126e-01,5.083584e-01,6.389827e-02,lr = 0.000000
2023/07/20 08:02:52 Epoch#34: train error=4.037807e-01, test error=4.597070e-01,5.094253e-01,6.270854e-02,lr = 0.000000
2023/07/20 10:17:15 Epoch#35: train error=4.039819e-01, test error=4.645964e-01,5.106133e-01,6.394126e-02,lr = 0.000000
2023/07/20 12:32:15 Epoch#36: train error=4.043094e-01, test error=4.595651e-01,5.099821e-01,6.328404e-02,lr = 0.000000
2023/07/20 14:47:18 Epoch#37: train error=4.045841e-01, test error=4.677931e-01,5.098526e-01,6.244229e-02,lr = 0.000000
2023/07/20 17:02:37 Epoch#38: train error=4.043323e-01, test error=4.661444e-01,5.099307e-01,6.328915e-02,lr = 0.000000
2023/07/20 19:17:57 Epoch#39: train error=4.040365e-01, test error=4.662002e-01,5.098795e-01,6.191661e-02,lr = 0.000000
2023/07/20 21:32:52 Epoch#40: train error=4.038886e-01, test error=4.643484e-01,5.083014e-01,6.213580e-02,lr = 0.000000
